2025-12-20 15:43:45,226 INFO PERFORMANCE:|serviceCount|ipCount|subscribeCount|maxPushCost|avgPushCost|totalPushCount|failPushCount

2025-12-20 15:43:45,233 INFO DISTRO:|V1SyncDone|V1SyncFail|V2SyncDone|V2SyncFail|V2VerifyFail|

2025-12-20 15:43:45,237 INFO PERFORMANCE:|0|0|0|-1|-1|0|0

2025-12-20 15:43:45,268 INFO Task worker status: 
naming_0%2, pending tasks: 0
naming_1%2, pending tasks: 0


2025-12-20 15:43:45,284 INFO DISTRO:|0|0|0|

2025-12-20 15:44:45,294 INFO PERFORMANCE:|0|0|0|-1|-1|0|0

2025-12-20 15:44:45,300 INFO Task worker status: 
naming_0%2, pending tasks: 0
naming_1%2, pending tasks: 0


2025-12-20 15:44:45,330 INFO DISTRO:|0|0|0|

2025-12-20 15:45:45,334 INFO PERFORMANCE:|0|0|0|-1|-1|0|0

2025-12-20 15:45:45,341 INFO Task worker status: 
naming_0%2, pending tasks: 0
naming_1%2, pending tasks: 0


2025-12-20 15:45:45,347 INFO DISTRO:|0|0|0|

2025-12-20 15:46:45,349 INFO PERFORMANCE:|0|0|0|-1|-1|0|0

2025-12-20 15:46:45,350 INFO Task worker status: 
naming_0%2, pending tasks: 0
naming_1%2, pending tasks: 0


2025-12-20 15:46:45,350 INFO DISTRO:|0|0|0|

2025-12-20 15:47:45,493 INFO PERFORMANCE:|0|0|0|-1|-1|0|0

2025-12-20 15:47:45,549 INFO Task worker status: 
naming_0%2, pending tasks: 0
naming_1%2, pending tasks: 0


2025-12-20 15:47:45,558 INFO DISTRO:|0|0|0|

2025-12-20 15:48:45,563 INFO PERFORMANCE:|0|0|0|-1|-1|0|0

2025-12-20 15:48:45,564 INFO Task worker status: 
naming_0%2, pending tasks: 0
naming_1%2, pending tasks: 0


2025-12-20 15:48:45,564 INFO DISTRO:|0|0|0|

2025-12-20 15:49:45,566 INFO PERFORMANCE:|0|0|0|-1|-1|0|0

2025-12-20 15:49:45,569 INFO Task worker status: 
naming_0%2, pending tasks: 0
naming_1%2, pending tasks: 0


2025-12-20 15:49:45,579 INFO DISTRO:|0|0|0|

2025-12-20 15:50:45,689 INFO PERFORMANCE:|0|0|0|-1|-1|0|0

2025-12-20 15:50:45,698 INFO Task worker status: 
naming_0%2, pending tasks: 0
naming_1%2, pending tasks: 0


2025-12-20 15:50:45,744 INFO DISTRO:|0|0|0|

2025-12-20 15:51:45,755 INFO PERFORMANCE:|0|0|0|-1|-1|0|0

2025-12-20 15:51:45,755 INFO Task worker status: 
naming_0%2, pending tasks: 0
naming_1%2, pending tasks: 0


2025-12-20 15:51:45,756 INFO DISTRO:|0|0|0|

2025-12-20 15:52:45,757 INFO PERFORMANCE:|0|0|0|-1|-1|0|0

2025-12-20 15:52:45,758 INFO Task worker status: 
naming_0%2, pending tasks: 0
naming_1%2, pending tasks: 0


2025-12-20 15:52:45,758 INFO DISTRO:|0|0|0|

2025-12-20 15:53:45,759 INFO PERFORMANCE:|serviceCount|ipCount|subscribeCount|maxPushCost|avgPushCost|totalPushCount|failPushCount

2025-12-20 15:53:45,759 INFO DISTRO:|V1SyncDone|V1SyncFail|V2SyncDone|V2SyncFail|V2VerifyFail|

2025-12-20 15:53:45,759 INFO PERFORMANCE:|0|0|0|-1|-1|0|0

2025-12-20 15:53:45,760 INFO Task worker status: 
naming_0%2, pending tasks: 0
naming_1%2, pending tasks: 0


2025-12-20 15:53:45,760 INFO DISTRO:|0|0|0|

2025-12-20 16:00:20,679 INFO PERFORMANCE:|serviceCount|ipCount|subscribeCount|maxPushCost|avgPushCost|totalPushCount|failPushCount

2025-12-20 16:00:20,685 INFO DISTRO:|V1SyncDone|V1SyncFail|V2SyncDone|V2SyncFail|V2VerifyFail|

2025-12-20 16:00:20,690 INFO PERFORMANCE:|0|0|0|-1|-1|0|0

2025-12-20 16:00:20,712 INFO Task worker status: 
naming_0%2, pending tasks: 0
naming_1%2, pending tasks: 0


2025-12-20 16:00:20,733 INFO DISTRO:|0|0|0|

2025-12-20 16:01:20,891 INFO PERFORMANCE:|0|0|0|-1|-1|0|0

2025-12-20 16:01:20,906 INFO Task worker status: 
naming_0%2, pending tasks: 0
naming_1%2, pending tasks: 0


2025-12-20 16:01:20,915 INFO DISTRO:|0|0|0|

2025-12-20 16:02:20,939 INFO PERFORMANCE:|0|0|0|-1|-1|0|0

2025-12-20 16:02:20,946 INFO Task worker status: 
naming_0%2, pending tasks: 0
naming_1%2, pending tasks: 0


2025-12-20 16:02:20,947 INFO DISTRO:|0|0|0|

2025-12-20 16:03:20,965 INFO PERFORMANCE:|0|0|0|-1|-1|0|0

2025-12-20 16:03:20,966 INFO Task worker status: 
naming_0%2, pending tasks: 0
naming_1%2, pending tasks: 0


2025-12-20 16:03:20,969 INFO DISTRO:|0|0|0|

2025-12-20 16:04:20,981 INFO PERFORMANCE:|0|0|0|-1|-1|0|0

2025-12-20 16:04:21,014 INFO Task worker status: 
naming_0%2, pending tasks: 0
naming_1%2, pending tasks: 0


2025-12-20 16:04:21,029 INFO DISTRO:|0|0|0|

2025-12-20 16:05:21,031 INFO PERFORMANCE:|0|0|0|-1|-1|0|0

2025-12-20 16:05:21,031 INFO Task worker status: 
naming_0%2, pending tasks: 0
naming_1%2, pending tasks: 0


2025-12-20 16:05:21,031 INFO DISTRO:|0|0|0|

2025-12-20 16:06:21,033 INFO PERFORMANCE:|0|0|0|-1|-1|0|0

2025-12-20 16:06:21,034 INFO Task worker status: 
naming_0%2, pending tasks: 0
naming_1%2, pending tasks: 0


2025-12-20 16:06:21,034 INFO DISTRO:|0|0|0|

2025-12-20 16:07:21,035 INFO PERFORMANCE:|0|0|0|-1|-1|0|0

2025-12-20 16:07:21,036 INFO Task worker status: 
naming_0%2, pending tasks: 0
naming_1%2, pending tasks: 0


2025-12-20 16:07:21,036 INFO DISTRO:|0|0|0|

2025-12-20 16:08:21,044 INFO PERFORMANCE:|0|0|0|-1|-1|0|0

2025-12-20 16:08:21,046 INFO Task worker status: 
naming_0%2, pending tasks: 0
naming_1%2, pending tasks: 0


2025-12-20 16:08:21,046 INFO DISTRO:|0|0|0|

2025-12-20 16:09:21,048 INFO PERFORMANCE:|0|0|0|-1|-1|0|0

2025-12-20 16:09:21,049 INFO Task worker status: 
naming_0%2, pending tasks: 0
naming_1%2, pending tasks: 0


2025-12-20 16:09:21,050 INFO DISTRO:|0|0|0|

2025-12-20 16:10:21,053 INFO PERFORMANCE:|serviceCount|ipCount|subscribeCount|maxPushCost|avgPushCost|totalPushCount|failPushCount

2025-12-20 16:10:21,096 INFO DISTRO:|V1SyncDone|V1SyncFail|V2SyncDone|V2SyncFail|V2VerifyFail|

2025-12-20 16:10:21,122 INFO PERFORMANCE:|0|0|0|-1|-1|0|0

2025-12-20 16:10:21,156 INFO Task worker status: 
naming_0%2, pending tasks: 0
naming_1%2, pending tasks: 0


2025-12-20 16:10:21,184 INFO DISTRO:|0|0|0|

2025-12-20 16:11:21,249 INFO PERFORMANCE:|0|0|0|-1|-1|0|0

2025-12-20 16:11:21,255 INFO Task worker status: 
naming_0%2, pending tasks: 0
naming_1%2, pending tasks: 0


2025-12-20 16:11:21,260 INFO DISTRO:|0|0|0|

2025-12-20 16:12:21,264 INFO PERFORMANCE:|0|0|0|-1|-1|0|0

2025-12-20 16:12:21,265 INFO Task worker status: 
naming_0%2, pending tasks: 0
naming_1%2, pending tasks: 0


2025-12-20 16:12:21,265 INFO DISTRO:|0|0|0|

2025-12-20 16:13:21,271 INFO PERFORMANCE:|0|0|0|-1|-1|0|0

2025-12-20 16:13:21,283 INFO Task worker status: 
naming_0%2, pending tasks: 0
naming_1%2, pending tasks: 0


2025-12-20 16:13:21,303 INFO DISTRO:|0|0|0|

2025-12-20 16:20:37,874 INFO PERFORMANCE:|serviceCount|ipCount|subscribeCount|maxPushCost|avgPushCost|totalPushCount|failPushCount

2025-12-20 16:20:37,876 INFO DISTRO:|V1SyncDone|V1SyncFail|V2SyncDone|V2SyncFail|V2VerifyFail|

2025-12-20 16:20:37,877 INFO PERFORMANCE:|0|0|0|-1|-1|0|0

2025-12-20 16:20:37,912 INFO Task worker status: 
naming_0%2, pending tasks: 0
naming_1%2, pending tasks: 0


2025-12-20 16:20:37,931 INFO DISTRO:|0|0|0|

2025-12-20 16:21:37,932 INFO PERFORMANCE:|0|0|0|-1|-1|0|0

2025-12-20 16:21:37,936 INFO Task worker status: 
naming_0%2, pending tasks: 0
naming_1%2, pending tasks: 0


2025-12-20 16:21:37,941 INFO DISTRO:|0|0|0|

2025-12-20 16:22:37,943 INFO PERFORMANCE:|0|0|0|-1|-1|0|0

2025-12-20 16:22:37,944 INFO Task worker status: 
naming_0%2, pending tasks: 0
naming_1%2, pending tasks: 0


2025-12-20 16:22:37,944 INFO DISTRO:|0|0|0|

2025-12-20 16:23:37,945 INFO PERFORMANCE:|0|0|0|-1|-1|0|0

2025-12-20 16:23:37,954 INFO Task worker status: 
naming_0%2, pending tasks: 0
naming_1%2, pending tasks: 0


2025-12-20 16:23:37,955 INFO DISTRO:|0|0|0|

2025-12-20 16:24:37,956 INFO PERFORMANCE:|0|0|0|-1|-1|0|0

2025-12-20 16:24:37,957 INFO Task worker status: 
naming_0%2, pending tasks: 0
naming_1%2, pending tasks: 0


2025-12-20 16:24:37,957 INFO DISTRO:|0|0|0|

2025-12-20 16:25:37,958 INFO PERFORMANCE:|0|0|0|-1|-1|0|0

2025-12-20 16:25:37,960 INFO Task worker status: 
naming_0%2, pending tasks: 0
naming_1%2, pending tasks: 0


2025-12-20 16:25:37,962 INFO DISTRO:|0|0|0|

2025-12-20 16:26:37,963 INFO PERFORMANCE:|0|0|0|-1|-1|0|0

2025-12-20 16:26:37,964 INFO Task worker status: 
naming_0%2, pending tasks: 0
naming_1%2, pending tasks: 0


2025-12-20 16:26:37,965 INFO DISTRO:|0|0|0|

2025-12-20 16:27:37,966 INFO PERFORMANCE:|0|0|0|-1|-1|0|0

2025-12-20 16:27:37,966 INFO Task worker status: 
naming_0%2, pending tasks: 0
naming_1%2, pending tasks: 0


2025-12-20 16:27:37,966 INFO DISTRO:|0|0|0|

2025-12-20 16:28:37,968 INFO PERFORMANCE:|0|0|0|-1|-1|0|0

2025-12-20 16:28:37,968 INFO Task worker status: 
naming_0%2, pending tasks: 0
naming_1%2, pending tasks: 0


2025-12-20 16:28:37,969 INFO DISTRO:|0|0|0|

2025-12-20 16:29:37,969 INFO PERFORMANCE:|0|0|0|-1|-1|0|0

2025-12-20 16:29:37,995 INFO Task worker status: 
naming_0%2, pending tasks: 0
naming_1%2, pending tasks: 0


2025-12-20 16:29:38,001 INFO DISTRO:|0|0|0|

2025-12-20 16:30:38,004 INFO PERFORMANCE:|serviceCount|ipCount|subscribeCount|maxPushCost|avgPushCost|totalPushCount|failPushCount

2025-12-20 16:30:38,033 INFO DISTRO:|V1SyncDone|V1SyncFail|V2SyncDone|V2SyncFail|V2VerifyFail|

2025-12-20 16:30:38,036 INFO PERFORMANCE:|0|0|0|-1|-1|0|0

2025-12-20 16:30:38,037 INFO Task worker status: 
naming_0%2, pending tasks: 0
naming_1%2, pending tasks: 0


2025-12-20 16:30:38,068 INFO DISTRO:|0|0|0|

2025-12-20 16:31:38,072 INFO PERFORMANCE:|0|0|0|-1|-1|0|0

2025-12-20 16:31:38,074 INFO Task worker status: 
naming_0%2, pending tasks: 0
naming_1%2, pending tasks: 0


2025-12-20 16:31:38,078 INFO DISTRO:|0|0|0|

2025-12-20 16:32:38,080 INFO PERFORMANCE:|0|0|0|-1|-1|0|0

2025-12-20 16:32:38,081 INFO Task worker status: 
naming_0%2, pending tasks: 0
naming_1%2, pending tasks: 0


2025-12-20 16:32:38,081 INFO DISTRO:|0|0|0|

2025-12-20 16:33:38,082 INFO PERFORMANCE:|0|0|0|-1|-1|0|0

2025-12-20 16:33:38,083 INFO Task worker status: 
naming_0%2, pending tasks: 0
naming_1%2, pending tasks: 0


2025-12-20 16:33:38,083 INFO DISTRO:|0|0|0|

2025-12-20 16:40:13,474 INFO PERFORMANCE:|serviceCount|ipCount|subscribeCount|maxPushCost|avgPushCost|totalPushCount|failPushCount

2025-12-20 16:40:13,592 INFO DISTRO:|V1SyncDone|V1SyncFail|V2SyncDone|V2SyncFail|V2VerifyFail|

2025-12-20 16:40:13,796 INFO PERFORMANCE:|0|0|0|-1|-1|0|0

2025-12-20 16:40:13,975 INFO Task worker status: 
naming_0%2, pending tasks: 0
naming_1%2, pending tasks: 0


2025-12-20 16:40:14,230 INFO DISTRO:|0|0|0|

2025-12-20 16:41:15,422 INFO PERFORMANCE:|0|0|0|-1|-1|0|0

2025-12-20 16:41:15,452 INFO Task worker status: 
naming_0%2, pending tasks: 0
naming_1%2, pending tasks: 0


2025-12-20 16:41:15,486 INFO DISTRO:|0|0|0|

2025-12-20 16:42:15,513 INFO PERFORMANCE:|0|0|0|-1|-1|0|0

2025-12-20 16:42:15,568 INFO Task worker status: 
naming_0%2, pending tasks: 0
naming_1%2, pending tasks: 0


2025-12-20 16:42:15,571 INFO DISTRO:|0|0|0|

2025-12-20 16:43:15,587 INFO PERFORMANCE:|0|0|0|-1|-1|0|0

2025-12-20 16:43:15,589 INFO Task worker status: 
naming_0%2, pending tasks: 0
naming_1%2, pending tasks: 0


2025-12-20 16:43:15,589 INFO DISTRO:|0|0|0|

2025-12-20 16:44:15,594 INFO PERFORMANCE:|0|0|0|-1|-1|0|0

2025-12-20 16:44:15,595 INFO Task worker status: 
naming_0%2, pending tasks: 0
naming_1%2, pending tasks: 0


2025-12-20 16:44:15,599 INFO DISTRO:|0|0|0|

2025-12-20 16:45:15,600 INFO PERFORMANCE:|0|0|0|-1|-1|0|0

2025-12-20 16:45:15,604 INFO Task worker status: 
naming_0%2, pending tasks: 0
naming_1%2, pending tasks: 0


2025-12-20 16:45:15,606 INFO DISTRO:|0|0|0|

2025-12-20 16:46:15,607 INFO PERFORMANCE:|0|0|0|-1|-1|0|0

2025-12-20 16:46:15,610 INFO Task worker status: 
naming_0%2, pending tasks: 0
naming_1%2, pending tasks: 0


2025-12-20 16:46:15,614 INFO DISTRO:|0|0|0|

2025-12-20 16:47:15,615 INFO PERFORMANCE:|0|0|0|-1|-1|0|0

2025-12-20 16:47:15,750 INFO Task worker status: 
naming_0%2, pending tasks: 0
naming_1%2, pending tasks: 0


2025-12-20 16:47:15,773 INFO DISTRO:|0|0|0|

2025-12-20 16:48:15,951 INFO PERFORMANCE:|0|0|0|-1|-1|0|0

2025-12-20 16:48:16,054 INFO Task worker status: 
naming_0%2, pending tasks: 0
naming_1%2, pending tasks: 0


2025-12-20 16:48:16,131 INFO DISTRO:|0|0|0|

2025-12-20 16:49:16,157 INFO PERFORMANCE:|0|0|0|-1|-1|0|0

2025-12-20 16:49:16,161 INFO Task worker status: 
naming_0%2, pending tasks: 0
naming_1%2, pending tasks: 0


2025-12-20 16:49:16,162 INFO DISTRO:|0|0|0|

2025-12-20 16:50:16,168 INFO PERFORMANCE:|serviceCount|ipCount|subscribeCount|maxPushCost|avgPushCost|totalPushCount|failPushCount

2025-12-20 16:50:16,171 INFO DISTRO:|V1SyncDone|V1SyncFail|V2SyncDone|V2SyncFail|V2VerifyFail|

2025-12-20 16:50:16,177 INFO PERFORMANCE:|0|0|0|-1|-1|0|0

2025-12-20 16:50:16,180 INFO Task worker status: 
naming_0%2, pending tasks: 0
naming_1%2, pending tasks: 0


2025-12-20 16:50:16,185 INFO DISTRO:|0|0|0|

2025-12-20 16:51:16,189 INFO PERFORMANCE:|0|0|0|-1|-1|0|0

2025-12-20 16:51:16,198 INFO Task worker status: 
naming_0%2, pending tasks: 0
naming_1%2, pending tasks: 0


2025-12-20 16:51:16,203 INFO DISTRO:|0|0|0|

2025-12-20 16:52:16,210 INFO PERFORMANCE:|0|0|0|-1|-1|0|0

2025-12-20 16:52:16,212 INFO Task worker status: 
naming_0%2, pending tasks: 0
naming_1%2, pending tasks: 0


2025-12-20 16:52:16,225 INFO DISTRO:|0|0|0|

2025-12-20 16:53:16,227 INFO PERFORMANCE:|0|0|0|-1|-1|0|0

2025-12-20 16:53:16,235 INFO Task worker status: 
naming_0%2, pending tasks: 0
naming_1%2, pending tasks: 0


2025-12-20 16:53:16,235 INFO DISTRO:|0|0|0|

2025-12-20 16:54:16,237 INFO PERFORMANCE:|0|0|0|-1|-1|0|0

2025-12-20 16:54:16,240 INFO Task worker status: 
naming_0%2, pending tasks: 0
naming_1%2, pending tasks: 0


2025-12-20 16:54:16,241 INFO DISTRO:|0|0|0|

2025-12-20 16:55:16,243 INFO PERFORMANCE:|0|0|0|-1|-1|0|0

2025-12-20 16:55:16,246 INFO Task worker status: 
naming_0%2, pending tasks: 0
naming_1%2, pending tasks: 0


2025-12-20 16:55:16,246 INFO DISTRO:|0|0|0|

2025-12-20 16:56:16,249 INFO PERFORMANCE:|0|0|0|-1|-1|0|0

2025-12-20 16:56:16,264 INFO Task worker status: 
naming_0%2, pending tasks: 0
naming_1%2, pending tasks: 0


2025-12-20 16:56:16,270 INFO DISTRO:|0|0|0|

2025-12-20 16:57:16,287 INFO PERFORMANCE:|0|0|0|-1|-1|0|0

2025-12-20 16:57:16,292 INFO Task worker status: 
naming_0%2, pending tasks: 0
naming_1%2, pending tasks: 0


2025-12-20 16:57:16,292 INFO DISTRO:|0|0|0|

2025-12-20 16:58:16,300 INFO PERFORMANCE:|0|0|0|-1|-1|0|0

2025-12-20 16:58:16,330 INFO Task worker status: 
naming_0%2, pending tasks: 0
naming_1%2, pending tasks: 0


2025-12-20 16:58:16,359 INFO DISTRO:|0|0|0|

2025-12-20 16:59:16,441 INFO PERFORMANCE:|0|0|0|-1|-1|0|0

2025-12-20 16:59:16,446 INFO Task worker status: 
naming_0%2, pending tasks: 0
naming_1%2, pending tasks: 0


2025-12-20 16:59:16,453 INFO DISTRO:|0|0|0|

2025-12-20 17:00:16,456 INFO PERFORMANCE:|serviceCount|ipCount|subscribeCount|maxPushCost|avgPushCost|totalPushCount|failPushCount

2025-12-20 17:00:16,469 INFO DISTRO:|V1SyncDone|V1SyncFail|V2SyncDone|V2SyncFail|V2VerifyFail|

2025-12-20 17:00:16,479 INFO PERFORMANCE:|0|0|0|-1|-1|0|0

2025-12-20 17:00:16,480 INFO Task worker status: 
naming_0%2, pending tasks: 0
naming_1%2, pending tasks: 0


2025-12-20 17:00:16,486 INFO DISTRO:|0|0|0|

2025-12-20 17:01:16,512 INFO PERFORMANCE:|0|0|0|-1|-1|0|0

2025-12-20 17:01:16,544 INFO Task worker status: 
naming_0%2, pending tasks: 0
naming_1%2, pending tasks: 0


2025-12-20 17:01:16,545 INFO DISTRO:|0|0|0|

2025-12-20 17:02:16,639 INFO PERFORMANCE:|0|0|0|-1|-1|0|0

2025-12-20 17:02:16,645 INFO Task worker status: 
naming_0%2, pending tasks: 0
naming_1%2, pending tasks: 0


2025-12-20 17:02:16,652 INFO DISTRO:|0|0|0|

2025-12-20 17:03:16,662 INFO PERFORMANCE:|0|0|0|-1|-1|0|0

2025-12-20 17:03:16,664 INFO Task worker status: 
naming_0%2, pending tasks: 0
naming_1%2, pending tasks: 0


2025-12-20 17:03:16,664 INFO DISTRO:|0|0|0|

2025-12-20 17:04:16,666 INFO PERFORMANCE:|0|0|0|-1|-1|0|0

2025-12-20 17:04:16,667 INFO Task worker status: 
naming_0%2, pending tasks: 0
naming_1%2, pending tasks: 0


2025-12-20 17:04:16,669 INFO DISTRO:|0|0|0|

2025-12-20 17:05:16,669 INFO PERFORMANCE:|0|0|0|-1|-1|0|0

2025-12-20 17:05:16,671 INFO Task worker status: 
naming_0%2, pending tasks: 0
naming_1%2, pending tasks: 0


2025-12-20 17:05:16,671 INFO DISTRO:|0|0|0|

2025-12-20 17:06:16,673 INFO PERFORMANCE:|0|0|0|-1|-1|0|0

2025-12-20 17:06:16,675 INFO Task worker status: 
naming_0%2, pending tasks: 0
naming_1%2, pending tasks: 0


2025-12-20 17:06:16,681 INFO DISTRO:|0|0|0|

2025-12-20 17:07:16,690 INFO PERFORMANCE:|0|0|0|-1|-1|0|0

2025-12-20 17:07:16,705 INFO Task worker status: 
naming_0%2, pending tasks: 0
naming_1%2, pending tasks: 0


2025-12-20 17:07:16,711 INFO DISTRO:|0|0|0|

2025-12-20 17:08:16,715 INFO PERFORMANCE:|0|0|0|-1|-1|0|0

2025-12-20 17:08:16,759 INFO Task worker status: 
naming_0%2, pending tasks: 0
naming_1%2, pending tasks: 0


2025-12-20 17:08:16,765 INFO DISTRO:|0|0|0|

2025-12-20 17:09:16,768 INFO PERFORMANCE:|0|0|0|-1|-1|0|0

2025-12-20 17:09:16,810 INFO Task worker status: 
naming_0%2, pending tasks: 0
naming_1%2, pending tasks: 0


2025-12-20 17:09:16,838 INFO DISTRO:|0|0|0|

2025-12-20 17:10:16,865 INFO PERFORMANCE:|serviceCount|ipCount|subscribeCount|maxPushCost|avgPushCost|totalPushCount|failPushCount

2025-12-20 17:10:16,866 INFO DISTRO:|V1SyncDone|V1SyncFail|V2SyncDone|V2SyncFail|V2VerifyFail|

2025-12-20 17:10:16,868 INFO PERFORMANCE:|0|0|0|-1|-1|0|0

2025-12-20 17:10:16,869 INFO Task worker status: 
naming_0%2, pending tasks: 0
naming_1%2, pending tasks: 0


2025-12-20 17:10:16,872 INFO DISTRO:|0|0|0|

2025-12-20 17:11:16,873 INFO PERFORMANCE:|0|0|0|-1|-1|0|0

2025-12-20 17:11:16,877 INFO Task worker status: 
naming_0%2, pending tasks: 0
naming_1%2, pending tasks: 0


2025-12-20 17:11:16,878 INFO DISTRO:|0|0|0|

2025-12-20 17:12:16,879 INFO PERFORMANCE:|0|0|0|-1|-1|0|0

2025-12-20 17:12:16,982 INFO Task worker status: 
naming_0%2, pending tasks: 0
naming_1%2, pending tasks: 0


2025-12-20 17:12:17,161 INFO DISTRO:|0|0|0|

2025-12-20 17:13:17,283 INFO PERFORMANCE:|0|0|0|-1|-1|0|0

2025-12-20 17:13:17,287 INFO Task worker status: 
naming_0%2, pending tasks: 0
naming_1%2, pending tasks: 0


2025-12-20 17:13:17,294 INFO DISTRO:|0|0|0|

2025-12-20 17:14:17,296 INFO PERFORMANCE:|0|0|0|-1|-1|0|0

2025-12-20 17:14:17,297 INFO Task worker status: 
naming_0%2, pending tasks: 0
naming_1%2, pending tasks: 0


2025-12-20 17:14:17,310 INFO DISTRO:|0|0|0|

2025-12-20 17:15:17,311 INFO PERFORMANCE:|0|0|0|-1|-1|0|0

2025-12-20 17:15:17,323 INFO Task worker status: 
naming_0%2, pending tasks: 0
naming_1%2, pending tasks: 0


2025-12-20 17:15:17,324 INFO DISTRO:|0|0|0|

2025-12-20 17:16:17,337 INFO PERFORMANCE:|0|0|0|-1|-1|0|0

2025-12-20 17:16:17,338 INFO Task worker status: 
naming_0%2, pending tasks: 0
naming_1%2, pending tasks: 0


2025-12-20 17:16:17,340 INFO DISTRO:|0|0|0|

2025-12-20 17:17:17,340 INFO PERFORMANCE:|0|0|0|-1|-1|0|0

2025-12-20 17:17:17,342 INFO Task worker status: 
naming_0%2, pending tasks: 0
naming_1%2, pending tasks: 0


2025-12-20 17:17:17,345 INFO DISTRO:|0|0|0|

2025-12-20 17:18:17,355 INFO PERFORMANCE:|0|0|0|-1|-1|0|0

2025-12-20 17:18:17,409 INFO Task worker status: 
naming_0%2, pending tasks: 0
naming_1%2, pending tasks: 0


2025-12-20 17:18:17,426 INFO DISTRO:|0|0|0|

2025-12-20 17:19:17,428 INFO PERFORMANCE:|0|0|0|-1|-1|0|0

2025-12-20 17:19:17,431 INFO Task worker status: 
naming_0%2, pending tasks: 0
naming_1%2, pending tasks: 0


2025-12-20 17:19:17,431 INFO DISTRO:|0|0|0|

2025-12-20 17:20:17,436 INFO PERFORMANCE:|serviceCount|ipCount|subscribeCount|maxPushCost|avgPushCost|totalPushCount|failPushCount

2025-12-20 17:20:17,437 INFO DISTRO:|V1SyncDone|V1SyncFail|V2SyncDone|V2SyncFail|V2VerifyFail|

2025-12-20 17:20:17,438 INFO PERFORMANCE:|0|0|0|-1|-1|0|0

2025-12-20 17:20:17,439 INFO Task worker status: 
naming_0%2, pending tasks: 0
naming_1%2, pending tasks: 0


2025-12-20 17:20:17,442 INFO DISTRO:|0|0|0|

2025-12-20 17:21:17,443 INFO PERFORMANCE:|0|0|0|-1|-1|0|0

2025-12-20 17:21:17,453 INFO Task worker status: 
naming_0%2, pending tasks: 0
naming_1%2, pending tasks: 0


2025-12-20 17:21:17,463 INFO DISTRO:|0|0|0|

2025-12-20 17:22:17,474 INFO PERFORMANCE:|0|0|0|-1|-1|0|0

2025-12-20 17:22:17,760 INFO Task worker status: 
naming_0%2, pending tasks: 0
naming_1%2, pending tasks: 0


2025-12-20 17:22:17,844 INFO DISTRO:|0|0|0|

2025-12-20 17:23:17,915 INFO PERFORMANCE:|0|0|0|-1|-1|0|0

2025-12-20 17:23:17,919 INFO Task worker status: 
naming_0%2, pending tasks: 0
naming_1%2, pending tasks: 0


2025-12-20 17:23:17,919 INFO DISTRO:|0|0|0|

2025-12-20 17:24:17,921 INFO PERFORMANCE:|0|0|0|-1|-1|0|0

2025-12-20 17:24:17,930 INFO Task worker status: 
naming_0%2, pending tasks: 0
naming_1%2, pending tasks: 0


2025-12-20 17:24:17,939 INFO DISTRO:|0|0|0|

2025-12-20 17:25:17,941 INFO PERFORMANCE:|0|0|0|-1|-1|0|0

2025-12-20 17:25:17,977 INFO Task worker status: 
naming_0%2, pending tasks: 0
naming_1%2, pending tasks: 0


2025-12-20 17:25:17,982 INFO DISTRO:|0|0|0|

2025-12-20 17:26:18,084 INFO PERFORMANCE:|0|0|0|-1|-1|0|0

2025-12-20 17:26:18,088 INFO Task worker status: 
naming_0%2, pending tasks: 0
naming_1%2, pending tasks: 0


2025-12-20 17:26:18,089 INFO DISTRO:|0|0|0|

2025-12-20 17:27:18,089 INFO PERFORMANCE:|0|0|0|-1|-1|0|0

2025-12-20 17:27:18,091 INFO Task worker status: 
naming_0%2, pending tasks: 0
naming_1%2, pending tasks: 0


2025-12-20 17:27:18,092 INFO DISTRO:|0|0|0|

2025-12-20 17:28:18,097 INFO PERFORMANCE:|0|0|0|-1|-1|0|0

2025-12-20 17:28:18,101 INFO Task worker status: 
naming_0%2, pending tasks: 0
naming_1%2, pending tasks: 0


2025-12-20 17:28:18,103 INFO DISTRO:|0|0|0|

2025-12-20 17:29:18,105 INFO PERFORMANCE:|0|0|0|-1|-1|0|0

2025-12-20 17:29:18,163 INFO Task worker status: 
naming_0%2, pending tasks: 0
naming_1%2, pending tasks: 0


2025-12-20 17:29:18,247 INFO DISTRO:|0|0|0|

2025-12-20 17:30:18,323 INFO PERFORMANCE:|serviceCount|ipCount|subscribeCount|maxPushCost|avgPushCost|totalPushCount|failPushCount

2025-12-20 17:30:18,324 INFO DISTRO:|V1SyncDone|V1SyncFail|V2SyncDone|V2SyncFail|V2VerifyFail|

2025-12-20 17:30:18,330 INFO PERFORMANCE:|0|0|0|-1|-1|0|0

2025-12-20 17:30:18,331 INFO Task worker status: 
naming_0%2, pending tasks: 0
naming_1%2, pending tasks: 0


2025-12-20 17:30:18,332 INFO DISTRO:|0|0|0|

2025-12-20 17:31:18,333 INFO PERFORMANCE:|0|0|0|-1|-1|0|0

2025-12-20 17:31:18,339 INFO Task worker status: 
naming_0%2, pending tasks: 0
naming_1%2, pending tasks: 0


2025-12-20 17:31:18,346 INFO DISTRO:|0|0|0|

2025-12-20 17:32:18,349 INFO PERFORMANCE:|0|0|0|-1|-1|0|0

2025-12-20 17:32:18,359 INFO Task worker status: 
naming_0%2, pending tasks: 0
naming_1%2, pending tasks: 0


2025-12-20 17:32:18,367 INFO DISTRO:|0|0|0|

2025-12-20 17:33:18,370 INFO PERFORMANCE:|0|0|0|-1|-1|0|0

2025-12-20 17:33:18,372 INFO Task worker status: 
naming_0%2, pending tasks: 0
naming_1%2, pending tasks: 0


2025-12-20 17:33:18,372 INFO DISTRO:|0|0|0|

2025-12-20 17:34:18,376 INFO PERFORMANCE:|0|0|0|-1|-1|0|0

2025-12-20 17:34:18,383 INFO Task worker status: 
naming_0%2, pending tasks: 0
naming_1%2, pending tasks: 0


2025-12-20 17:34:18,387 INFO DISTRO:|0|0|0|

2025-12-20 17:35:18,388 INFO PERFORMANCE:|0|0|0|-1|-1|0|0

2025-12-20 17:35:18,389 INFO Task worker status: 
naming_0%2, pending tasks: 0
naming_1%2, pending tasks: 0


2025-12-20 17:35:18,389 INFO DISTRO:|0|0|0|

2025-12-20 17:36:18,397 INFO PERFORMANCE:|0|0|0|-1|-1|0|0

2025-12-20 17:36:18,407 INFO Task worker status: 
naming_0%2, pending tasks: 0
naming_1%2, pending tasks: 0


2025-12-20 17:36:18,409 INFO DISTRO:|0|0|0|

2025-12-20 17:37:18,411 INFO PERFORMANCE:|0|0|0|-1|-1|0|0

2025-12-20 17:37:18,501 INFO Task worker status: 
naming_0%2, pending tasks: 0
naming_1%2, pending tasks: 0


2025-12-20 17:37:18,502 INFO DISTRO:|0|0|0|

2025-12-20 17:38:18,634 INFO PERFORMANCE:|0|0|0|-1|-1|0|0

2025-12-20 17:38:18,647 INFO Task worker status: 
naming_0%2, pending tasks: 0
naming_1%2, pending tasks: 0


2025-12-20 17:38:18,656 INFO DISTRO:|0|0|0|

2025-12-20 17:39:18,658 INFO PERFORMANCE:|0|0|0|-1|-1|0|0

2025-12-20 17:39:18,676 INFO Task worker status: 
naming_0%2, pending tasks: 0
naming_1%2, pending tasks: 0


2025-12-20 17:39:18,676 INFO DISTRO:|0|0|0|

2025-12-20 17:40:18,680 INFO PERFORMANCE:|serviceCount|ipCount|subscribeCount|maxPushCost|avgPushCost|totalPushCount|failPushCount

2025-12-20 17:40:18,693 INFO DISTRO:|V1SyncDone|V1SyncFail|V2SyncDone|V2SyncFail|V2VerifyFail|

2025-12-20 17:40:18,695 INFO PERFORMANCE:|0|0|0|-1|-1|0|0

2025-12-20 17:40:18,697 INFO Task worker status: 
naming_0%2, pending tasks: 0
naming_1%2, pending tasks: 0


2025-12-20 17:40:18,704 INFO DISTRO:|0|0|0|

2025-12-20 17:41:18,706 INFO PERFORMANCE:|0|0|0|-1|-1|0|0

2025-12-20 17:41:18,718 INFO Task worker status: 
naming_0%2, pending tasks: 0
naming_1%2, pending tasks: 0


2025-12-20 17:41:18,780 INFO DISTRO:|0|0|0|

2025-12-20 17:42:18,853 INFO PERFORMANCE:|0|0|0|-1|-1|0|0

2025-12-20 17:42:18,886 INFO Task worker status: 
naming_0%2, pending tasks: 0
naming_1%2, pending tasks: 0


2025-12-20 17:42:18,898 INFO DISTRO:|0|0|0|

2025-12-20 17:43:18,910 INFO PERFORMANCE:|0|0|0|-1|-1|0|0

2025-12-20 17:43:18,915 INFO Task worker status: 
naming_0%2, pending tasks: 0
naming_1%2, pending tasks: 0


2025-12-20 17:43:18,917 INFO DISTRO:|0|0|0|

2025-12-20 17:44:18,922 INFO PERFORMANCE:|0|0|0|-1|-1|0|0

2025-12-20 17:44:18,935 INFO Task worker status: 
naming_0%2, pending tasks: 0
naming_1%2, pending tasks: 0


2025-12-20 17:44:18,954 INFO DISTRO:|0|0|0|

2025-12-20 17:45:18,955 INFO PERFORMANCE:|0|0|0|-1|-1|0|0

2025-12-20 17:45:18,958 INFO Task worker status: 
naming_0%2, pending tasks: 0
naming_1%2, pending tasks: 0


2025-12-20 17:45:18,959 INFO DISTRO:|0|0|0|

2025-12-20 17:46:18,963 INFO PERFORMANCE:|0|0|0|-1|-1|0|0

2025-12-20 17:46:18,966 INFO Task worker status: 
naming_0%2, pending tasks: 0
naming_1%2, pending tasks: 0


2025-12-20 17:46:18,967 INFO DISTRO:|0|0|0|

2025-12-20 17:47:18,969 INFO PERFORMANCE:|0|0|0|-1|-1|0|0

2025-12-20 17:47:18,974 INFO Task worker status: 
naming_0%2, pending tasks: 0
naming_1%2, pending tasks: 0


2025-12-20 17:47:18,974 INFO DISTRO:|0|0|0|

2025-12-20 19:15:08,682 INFO PERFORMANCE:|serviceCount|ipCount|subscribeCount|maxPushCost|avgPushCost|totalPushCount|failPushCount

2025-12-20 19:15:08,682 INFO DISTRO:|V1SyncDone|V1SyncFail|V2SyncDone|V2SyncFail|V2VerifyFail|

2025-12-20 19:15:08,710 INFO PERFORMANCE:|0|0|0|-1|-1|0|0

2025-12-20 19:15:08,740 INFO Task worker status: 
naming_0%2, pending tasks: 0
naming_1%2, pending tasks: 0


2025-12-20 19:15:08,741 INFO DISTRO:|0|0|0|

2025-12-20 19:16:08,744 INFO PERFORMANCE:|0|0|0|-1|-1|0|0

2025-12-20 19:16:08,745 INFO Task worker status: 
naming_0%2, pending tasks: 0
naming_1%2, pending tasks: 0


2025-12-20 19:16:08,745 INFO DISTRO:|0|0|0|

2025-12-20 19:17:08,745 INFO PERFORMANCE:|0|0|0|-1|-1|0|0

2025-12-20 19:17:08,746 INFO Task worker status: 
naming_0%2, pending tasks: 0
naming_1%2, pending tasks: 0


2025-12-20 19:17:08,746 INFO DISTRO:|0|0|0|

2025-12-20 19:18:08,751 INFO PERFORMANCE:|0|0|0|-1|-1|0|0

2025-12-20 19:18:08,751 INFO Task worker status: 
naming_0%2, pending tasks: 0
naming_1%2, pending tasks: 0


2025-12-20 19:18:08,751 INFO DISTRO:|0|0|0|

2025-12-20 19:19:09,146 INFO PERFORMANCE:|0|0|0|-1|-1|0|0

2025-12-20 19:19:09,175 INFO Task worker status: 
naming_0%2, pending tasks: 0
naming_1%2, pending tasks: 0


2025-12-20 19:19:09,175 INFO DISTRO:|0|0|0|

2025-12-20 19:20:09,176 INFO PERFORMANCE:|0|0|0|-1|-1|0|0

2025-12-20 19:20:09,176 INFO Task worker status: 
naming_0%2, pending tasks: 0
naming_1%2, pending tasks: 0


2025-12-20 19:20:09,176 INFO DISTRO:|0|0|0|

2025-12-20 19:24:18,565 INFO PERFORMANCE:|serviceCount|ipCount|subscribeCount|maxPushCost|avgPushCost|totalPushCount|failPushCount

2025-12-20 19:24:18,574 INFO DISTRO:|V1SyncDone|V1SyncFail|V2SyncDone|V2SyncFail|V2VerifyFail|

2025-12-20 19:24:18,609 INFO PERFORMANCE:|0|0|0|-1|-1|0|0

2025-12-20 19:24:18,668 INFO Task worker status: 
naming_0%2, pending tasks: 0
naming_1%2, pending tasks: 0


2025-12-20 19:24:18,669 INFO DISTRO:|0|0|0|

2025-12-20 19:25:18,687 INFO PERFORMANCE:|0|0|0|-1|-1|0|0

2025-12-20 19:25:18,688 INFO Task worker status: 
naming_0%2, pending tasks: 0
naming_1%2, pending tasks: 0


2025-12-20 19:25:18,688 INFO DISTRO:|0|0|0|

2025-12-20 19:26:18,690 INFO PERFORMANCE:|0|0|0|-1|-1|0|0

2025-12-20 19:26:18,690 INFO Task worker status: 
naming_0%2, pending tasks: 0
naming_1%2, pending tasks: 0


2025-12-20 19:26:18,690 INFO DISTRO:|0|0|0|

2025-12-20 19:27:18,691 INFO PERFORMANCE:|0|0|0|-1|-1|0|0

2025-12-20 19:27:18,692 INFO Task worker status: 
naming_0%2, pending tasks: 0
naming_1%2, pending tasks: 0


2025-12-20 19:27:18,692 INFO DISTRO:|0|0|0|

2025-12-20 19:28:18,695 INFO PERFORMANCE:|0|0|0|-1|-1|0|0

2025-12-20 19:28:18,696 INFO Task worker status: 
naming_0%2, pending tasks: 0
naming_1%2, pending tasks: 0


2025-12-20 19:28:18,696 INFO DISTRO:|0|0|0|

2025-12-20 19:29:18,703 INFO PERFORMANCE:|0|0|0|-1|-1|0|0

2025-12-20 19:29:18,713 INFO Task worker status: 
naming_0%2, pending tasks: 0
naming_1%2, pending tasks: 0


2025-12-20 19:29:18,713 INFO DISTRO:|0|0|0|

2025-12-20 19:30:18,718 INFO PERFORMANCE:|0|0|0|-1|-1|0|0

2025-12-20 19:30:18,721 INFO Task worker status: 
naming_0%2, pending tasks: 0
naming_1%2, pending tasks: 0


2025-12-20 19:30:18,721 INFO DISTRO:|0|0|0|

2025-12-20 19:31:18,722 INFO PERFORMANCE:|0|0|0|-1|-1|0|0

2025-12-20 19:31:18,723 INFO Task worker status: 
naming_0%2, pending tasks: 0
naming_1%2, pending tasks: 0


2025-12-20 19:31:18,723 INFO DISTRO:|0|0|0|

2025-12-20 19:32:18,725 INFO PERFORMANCE:|0|0|0|-1|-1|0|0

2025-12-20 19:32:18,726 INFO Task worker status: 
naming_0%2, pending tasks: 0
naming_1%2, pending tasks: 0


2025-12-20 19:32:18,726 INFO DISTRO:|0|0|0|

2025-12-20 19:33:18,727 INFO PERFORMANCE:|0|0|0|-1|-1|0|0

2025-12-20 19:33:18,728 INFO Task worker status: 
naming_0%2, pending tasks: 0
naming_1%2, pending tasks: 0


2025-12-20 19:33:18,743 INFO DISTRO:|0|0|0|

2025-12-20 19:42:01,776 INFO PERFORMANCE:|serviceCount|ipCount|subscribeCount|maxPushCost|avgPushCost|totalPushCount|failPushCount

2025-12-20 19:42:01,792 INFO DISTRO:|V1SyncDone|V1SyncFail|V2SyncDone|V2SyncFail|V2VerifyFail|

2025-12-20 19:42:01,812 INFO PERFORMANCE:|0|0|0|-1|-1|0|0

2025-12-20 19:42:01,834 INFO Task worker status: 
naming_0%2, pending tasks: 0
naming_1%2, pending tasks: 0


2025-12-20 19:42:01,836 INFO DISTRO:|0|0|0|

2025-12-20 19:43:01,837 INFO PERFORMANCE:|0|0|0|-1|-1|0|0

2025-12-20 19:43:01,837 INFO Task worker status: 
naming_0%2, pending tasks: 0
naming_1%2, pending tasks: 0


2025-12-20 19:43:01,837 INFO DISTRO:|0|0|0|

2025-12-20 19:44:01,843 INFO PERFORMANCE:|0|0|0|-1|-1|0|0

2025-12-20 19:44:01,860 INFO Task worker status: 
naming_0%2, pending tasks: 0
naming_1%2, pending tasks: 0


2025-12-20 19:44:01,860 INFO DISTRO:|0|0|0|

2025-12-20 19:45:01,862 INFO PERFORMANCE:|0|0|0|-1|-1|0|0

2025-12-20 19:45:01,866 INFO Task worker status: 
naming_0%2, pending tasks: 0
naming_1%2, pending tasks: 0


2025-12-20 19:45:01,867 INFO DISTRO:|0|0|0|

2025-12-20 19:46:01,875 INFO PERFORMANCE:|0|0|0|-1|-1|0|0

2025-12-20 19:46:01,878 INFO Task worker status: 
naming_0%2, pending tasks: 0
naming_1%2, pending tasks: 0


2025-12-20 19:46:01,878 INFO DISTRO:|0|0|0|

2025-12-20 19:47:01,878 INFO PERFORMANCE:|0|0|0|-1|-1|0|0

2025-12-20 19:47:01,879 INFO Task worker status: 
naming_0%2, pending tasks: 0
naming_1%2, pending tasks: 0


2025-12-20 19:47:01,879 INFO DISTRO:|0|0|0|

2025-12-20 19:48:01,880 INFO PERFORMANCE:|0|0|0|-1|-1|0|0

2025-12-20 19:48:01,880 INFO Task worker status: 
naming_0%2, pending tasks: 0
naming_1%2, pending tasks: 0


2025-12-20 19:48:01,880 INFO DISTRO:|0|0|0|

2025-12-20 20:15:35,908 INFO PERFORMANCE:|serviceCount|ipCount|subscribeCount|maxPushCost|avgPushCost|totalPushCount|failPushCount

2025-12-20 20:15:35,911 INFO DISTRO:|V1SyncDone|V1SyncFail|V2SyncDone|V2SyncFail|V2VerifyFail|

2025-12-20 20:15:35,921 INFO PERFORMANCE:|0|0|0|-1|-1|0|0

2025-12-20 20:15:35,928 INFO Task worker status: 
naming_0%2, pending tasks: 0
naming_1%2, pending tasks: 0


2025-12-20 20:15:35,930 INFO DISTRO:|0|0|0|

2025-12-20 20:16:35,931 INFO PERFORMANCE:|0|0|0|-1|-1|0|0

2025-12-20 20:16:35,931 INFO Task worker status: 
naming_0%2, pending tasks: 0
naming_1%2, pending tasks: 0


2025-12-20 20:16:35,931 INFO DISTRO:|0|0|0|

2025-12-20 20:17:35,934 INFO PERFORMANCE:|0|0|0|-1|-1|0|0

2025-12-20 20:17:35,934 INFO Task worker status: 
naming_0%2, pending tasks: 0
naming_1%2, pending tasks: 0


2025-12-20 20:17:35,934 INFO DISTRO:|0|0|0|

2025-12-20 20:18:35,936 INFO PERFORMANCE:|0|0|0|-1|-1|0|0

2025-12-20 20:18:35,937 INFO Task worker status: 
naming_0%2, pending tasks: 0
naming_1%2, pending tasks: 0


2025-12-20 20:18:35,937 INFO DISTRO:|0|0|0|

2025-12-20 20:19:35,939 INFO PERFORMANCE:|0|0|0|-1|-1|0|0

2025-12-20 20:19:35,940 INFO Task worker status: 
naming_0%2, pending tasks: 0
naming_1%2, pending tasks: 0


2025-12-20 20:19:35,940 INFO DISTRO:|0|0|0|

2025-12-20 20:20:35,941 INFO PERFORMANCE:|0|0|0|-1|-1|0|0

2025-12-20 20:20:35,941 INFO Task worker status: 
naming_0%2, pending tasks: 0
naming_1%2, pending tasks: 0


2025-12-20 20:20:35,941 INFO DISTRO:|0|0|0|

2025-12-20 20:30:50,663 INFO PERFORMANCE:|serviceCount|ipCount|subscribeCount|maxPushCost|avgPushCost|totalPushCount|failPushCount

2025-12-20 20:30:50,667 INFO DISTRO:|V1SyncDone|V1SyncFail|V2SyncDone|V2SyncFail|V2VerifyFail|

2025-12-20 20:30:50,713 INFO PERFORMANCE:|0|0|0|-1|-1|0|0

2025-12-20 20:30:50,736 INFO Task worker status: 
naming_0%2, pending tasks: 0
naming_1%2, pending tasks: 0


2025-12-20 20:30:50,737 INFO DISTRO:|0|0|0|

2025-12-20 20:31:50,741 INFO PERFORMANCE:|0|0|0|-1|-1|0|0

2025-12-20 20:31:50,741 INFO Task worker status: 
naming_0%2, pending tasks: 0
naming_1%2, pending tasks: 0


2025-12-20 20:31:50,741 INFO DISTRO:|0|0|0|

2025-12-20 20:32:50,742 INFO PERFORMANCE:|0|0|0|-1|-1|0|0

2025-12-20 20:32:50,743 INFO Task worker status: 
naming_0%2, pending tasks: 0
naming_1%2, pending tasks: 0


2025-12-20 20:32:50,743 INFO DISTRO:|0|0|0|

2025-12-20 20:33:50,744 INFO PERFORMANCE:|0|0|0|-1|-1|0|0

2025-12-20 20:33:50,744 INFO Task worker status: 
naming_0%2, pending tasks: 0
naming_1%2, pending tasks: 0


2025-12-20 20:33:50,744 INFO DISTRO:|0|0|0|

2025-12-20 20:34:50,746 INFO PERFORMANCE:|0|0|0|-1|-1|0|0

2025-12-20 20:34:50,746 INFO Task worker status: 
naming_0%2, pending tasks: 0
naming_1%2, pending tasks: 0


2025-12-20 20:34:50,747 INFO DISTRO:|0|0|0|

2025-12-20 20:35:50,753 INFO PERFORMANCE:|0|0|0|-1|-1|0|0

2025-12-20 20:35:50,762 INFO Task worker status: 
naming_0%2, pending tasks: 0
naming_1%2, pending tasks: 0


2025-12-20 20:35:50,762 INFO DISTRO:|0|0|0|

2025-12-20 20:36:50,763 INFO PERFORMANCE:|0|0|0|-1|-1|0|0

2025-12-20 20:36:50,763 INFO Task worker status: 
naming_0%2, pending tasks: 0
naming_1%2, pending tasks: 0


2025-12-20 20:36:50,763 INFO DISTRO:|0|0|0|

2025-12-20 20:37:50,764 INFO PERFORMANCE:|0|0|0|-1|-1|0|0

2025-12-20 20:37:50,766 INFO Task worker status: 
naming_0%2, pending tasks: 0
naming_1%2, pending tasks: 0


2025-12-20 20:37:50,766 INFO DISTRO:|0|0|0|

2025-12-20 20:38:50,766 INFO PERFORMANCE:|0|0|0|-1|-1|0|0

2025-12-20 20:38:50,766 INFO Task worker status: 
naming_0%2, pending tasks: 0
naming_1%2, pending tasks: 0


2025-12-20 20:38:50,766 INFO DISTRO:|0|0|0|

2025-12-20 20:39:50,767 INFO PERFORMANCE:|0|0|0|-1|-1|0|0

2025-12-20 20:39:50,767 INFO Task worker status: 
naming_0%2, pending tasks: 0
naming_1%2, pending tasks: 0


2025-12-20 20:39:50,767 INFO DISTRO:|0|0|0|

2025-12-20 20:40:50,768 INFO PERFORMANCE:|serviceCount|ipCount|subscribeCount|maxPushCost|avgPushCost|totalPushCount|failPushCount

2025-12-20 20:40:50,768 INFO DISTRO:|V1SyncDone|V1SyncFail|V2SyncDone|V2SyncFail|V2VerifyFail|

2025-12-20 20:40:50,769 INFO PERFORMANCE:|0|0|0|-1|-1|0|0

2025-12-20 20:40:50,769 INFO Task worker status: 
naming_0%2, pending tasks: 0
naming_1%2, pending tasks: 0


2025-12-20 20:40:50,769 INFO DISTRO:|0|0|0|

2025-12-20 20:41:50,769 INFO PERFORMANCE:|0|0|0|-1|-1|0|0

2025-12-20 20:41:50,770 INFO Task worker status: 
naming_0%2, pending tasks: 0
naming_1%2, pending tasks: 0


2025-12-20 20:41:50,770 INFO DISTRO:|0|0|0|

2025-12-20 20:42:50,771 INFO PERFORMANCE:|0|0|0|-1|-1|0|0

2025-12-20 20:42:50,771 INFO Task worker status: 
naming_0%2, pending tasks: 0
naming_1%2, pending tasks: 0


2025-12-20 20:42:50,771 INFO DISTRO:|0|0|0|

2025-12-20 20:43:50,772 INFO PERFORMANCE:|0|0|0|-1|-1|0|0

2025-12-20 20:43:50,772 INFO Task worker status: 
naming_0%2, pending tasks: 0
naming_1%2, pending tasks: 0


2025-12-20 20:43:50,772 INFO DISTRO:|0|0|0|

2025-12-20 20:44:50,772 INFO PERFORMANCE:|0|0|0|-1|-1|0|0

2025-12-20 20:44:50,773 INFO Task worker status: 
naming_0%2, pending tasks: 0
naming_1%2, pending tasks: 0


2025-12-20 20:44:50,773 INFO DISTRO:|0|0|0|

2025-12-20 20:45:50,773 INFO PERFORMANCE:|0|0|0|-1|-1|0|0

2025-12-20 20:45:50,774 INFO Task worker status: 
naming_0%2, pending tasks: 0
naming_1%2, pending tasks: 0


2025-12-20 20:45:50,774 INFO DISTRO:|0|0|0|

2025-12-20 20:46:50,774 INFO PERFORMANCE:|0|0|0|-1|-1|0|0

2025-12-20 20:46:50,775 INFO Task worker status: 
naming_0%2, pending tasks: 0
naming_1%2, pending tasks: 0


2025-12-20 20:46:50,775 INFO DISTRO:|0|0|0|

2025-12-20 20:47:50,775 INFO PERFORMANCE:|0|0|0|-1|-1|0|0

2025-12-20 20:47:50,776 INFO Task worker status: 
naming_0%2, pending tasks: 0
naming_1%2, pending tasks: 0


2025-12-20 20:47:50,776 INFO DISTRO:|0|0|0|

2025-12-20 21:12:59,168 INFO PERFORMANCE:|serviceCount|ipCount|subscribeCount|maxPushCost|avgPushCost|totalPushCount|failPushCount

2025-12-20 21:12:59,175 INFO DISTRO:|V1SyncDone|V1SyncFail|V2SyncDone|V2SyncFail|V2VerifyFail|

2025-12-20 21:12:59,241 INFO PERFORMANCE:|0|0|0|-1|-1|0|0

2025-12-20 21:12:59,294 INFO Task worker status: 
naming_0%2, pending tasks: 0
naming_1%2, pending tasks: 0


2025-12-20 21:12:59,306 INFO DISTRO:|0|0|0|

2025-12-20 21:13:59,309 INFO PERFORMANCE:|0|0|0|-1|-1|0|0

2025-12-20 21:13:59,315 INFO Task worker status: 
naming_0%2, pending tasks: 0
naming_1%2, pending tasks: 0


2025-12-20 21:13:59,315 INFO DISTRO:|0|0|0|

2025-12-20 21:17:15,895 INFO PERFORMANCE:|serviceCount|ipCount|subscribeCount|maxPushCost|avgPushCost|totalPushCount|failPushCount

2025-12-20 21:17:15,921 INFO DISTRO:|V1SyncDone|V1SyncFail|V2SyncDone|V2SyncFail|V2VerifyFail|

2025-12-20 21:17:15,938 INFO PERFORMANCE:|0|0|0|-1|-1|0|0

2025-12-20 21:17:16,038 INFO Task worker status: 
naming_0%2, pending tasks: 0
naming_1%2, pending tasks: 0


2025-12-20 21:17:16,116 INFO DISTRO:|0|0|0|

2025-12-20 21:18:16,117 INFO PERFORMANCE:|0|0|0|-1|-1|0|0

2025-12-20 21:18:16,117 INFO Task worker status: 
naming_0%2, pending tasks: 0
naming_1%2, pending tasks: 0


2025-12-20 21:18:16,117 INFO DISTRO:|0|0|0|

2025-12-20 21:19:16,119 INFO PERFORMANCE:|0|0|0|-1|-1|0|0

2025-12-20 21:19:16,119 INFO Task worker status: 
naming_0%2, pending tasks: 0
naming_1%2, pending tasks: 0


2025-12-20 21:19:16,119 INFO DISTRO:|0|0|0|

2025-12-20 21:20:16,120 INFO PERFORMANCE:|1|1|0|-1|-1|0|0

2025-12-20 21:20:16,121 INFO Task worker status: 
naming_0%2, pending tasks: 0
naming_1%2, pending tasks: 0


2025-12-20 21:20:16,121 INFO DISTRO:|0|0|0|

2025-12-20 21:21:16,122 INFO PERFORMANCE:|1|1|0|-1|-1|0|0

2025-12-20 21:21:16,139 INFO Task worker status: 
naming_0%2, pending tasks: 0
naming_1%2, pending tasks: 0


2025-12-20 21:21:16,139 INFO DISTRO:|0|0|0|

2025-12-20 21:22:16,168 INFO PERFORMANCE:|1|1|0|-1|-1|0|0

2025-12-20 21:22:16,176 INFO Task worker status: 
naming_0%2, pending tasks: 0
naming_1%2, pending tasks: 0


2025-12-20 21:22:16,176 INFO DISTRO:|0|0|0|

2025-12-20 21:23:16,177 INFO PERFORMANCE:|2|2|0|-1|-1|0|0

2025-12-20 21:23:16,179 INFO Task worker status: 
naming_0%2, pending tasks: 0
naming_1%2, pending tasks: 0


2025-12-20 21:23:16,179 INFO DISTRO:|0|0|0|

2025-12-20 21:24:16,180 INFO PERFORMANCE:|2|2|0|-1|-1|0|0

2025-12-20 21:24:16,180 INFO Task worker status: 
naming_0%2, pending tasks: 0
naming_1%2, pending tasks: 0


2025-12-20 21:24:16,180 INFO DISTRO:|0|0|0|

2025-12-20 21:25:16,182 INFO PERFORMANCE:|2|2|0|-1|-1|0|0

2025-12-20 21:25:16,183 INFO Task worker status: 
naming_0%2, pending tasks: 0
naming_1%2, pending tasks: 0


2025-12-20 21:25:16,184 INFO DISTRO:|0|0|0|

2025-12-20 21:26:16,185 INFO PERFORMANCE:|2|2|0|-1|-1|0|0

2025-12-20 21:26:16,201 INFO Task worker status: 
naming_0%2, pending tasks: 0
naming_1%2, pending tasks: 0


2025-12-20 21:26:16,201 INFO DISTRO:|0|0|0|

2025-12-20 21:27:16,204 INFO PERFORMANCE:|serviceCount|ipCount|subscribeCount|maxPushCost|avgPushCost|totalPushCount|failPushCount

2025-12-20 21:27:16,204 INFO DISTRO:|V1SyncDone|V1SyncFail|V2SyncDone|V2SyncFail|V2VerifyFail|

2025-12-20 21:27:16,221 INFO PERFORMANCE:|2|2|0|-1|-1|0|0

2025-12-20 21:27:16,221 INFO Task worker status: 
naming_0%2, pending tasks: 0
naming_1%2, pending tasks: 0


2025-12-20 21:27:16,222 INFO DISTRO:|0|0|0|

2025-12-20 21:28:16,222 INFO PERFORMANCE:|2|2|0|-1|-1|0|0

2025-12-20 21:28:16,223 INFO Task worker status: 
naming_0%2, pending tasks: 0
naming_1%2, pending tasks: 0


2025-12-20 21:28:16,223 INFO DISTRO:|0|0|0|

2025-12-20 21:29:16,223 INFO PERFORMANCE:|2|2|0|-1|-1|0|0

2025-12-20 21:29:16,239 INFO Task worker status: 
naming_0%2, pending tasks: 0
naming_1%2, pending tasks: 0


2025-12-20 21:29:16,240 INFO DISTRO:|0|0|0|

2025-12-20 21:30:16,256 INFO PERFORMANCE:|2|2|0|-1|-1|0|0

2025-12-20 21:30:16,275 INFO Task worker status: 
naming_0%2, pending tasks: 0
naming_1%2, pending tasks: 0


2025-12-20 21:30:16,275 INFO DISTRO:|0|0|0|

2025-12-20 21:31:16,276 INFO PERFORMANCE:|2|2|0|-1|-1|0|0

2025-12-20 21:31:16,277 INFO Task worker status: 
naming_0%2, pending tasks: 0
naming_1%2, pending tasks: 0


2025-12-20 21:31:16,277 INFO DISTRO:|0|0|0|

2025-12-20 21:32:16,277 INFO PERFORMANCE:|2|2|0|-1|-1|0|0

2025-12-20 21:32:16,278 INFO Task worker status: 
naming_0%2, pending tasks: 0
naming_1%2, pending tasks: 0


2025-12-20 21:32:16,278 INFO DISTRO:|0|0|0|

2025-12-20 21:33:16,280 INFO PERFORMANCE:|2|2|0|-1|-1|0|0

2025-12-20 21:33:16,280 INFO Task worker status: 
naming_0%2, pending tasks: 0
naming_1%2, pending tasks: 0


2025-12-20 21:33:16,280 INFO DISTRO:|0|0|0|

2025-12-20 21:34:16,285 INFO PERFORMANCE:|2|2|0|-1|-1|0|0

2025-12-20 21:34:16,291 INFO Task worker status: 
naming_0%2, pending tasks: 0
naming_1%2, pending tasks: 0


2025-12-20 21:34:16,291 INFO DISTRO:|0|0|0|

2025-12-20 21:35:16,296 INFO PERFORMANCE:|2|2|0|-1|-1|0|0

2025-12-20 21:35:16,309 INFO Task worker status: 
naming_0%2, pending tasks: 0
naming_1%2, pending tasks: 0


2025-12-20 21:35:16,309 INFO DISTRO:|0|0|0|

2025-12-20 21:36:16,310 INFO PERFORMANCE:|2|2|0|-1|-1|0|0

2025-12-20 21:36:16,310 INFO Task worker status: 
naming_0%2, pending tasks: 0
naming_1%2, pending tasks: 0


2025-12-20 21:36:16,310 INFO DISTRO:|0|0|0|

2025-12-20 21:37:16,311 INFO PERFORMANCE:|serviceCount|ipCount|subscribeCount|maxPushCost|avgPushCost|totalPushCount|failPushCount

2025-12-20 21:37:16,312 INFO DISTRO:|V1SyncDone|V1SyncFail|V2SyncDone|V2SyncFail|V2VerifyFail|

2025-12-20 21:37:16,312 INFO PERFORMANCE:|2|2|0|-1|-1|0|0

2025-12-20 21:37:16,313 INFO Task worker status: 
naming_0%2, pending tasks: 0
naming_1%2, pending tasks: 0


2025-12-20 21:37:16,313 INFO DISTRO:|0|0|0|

2025-12-20 21:38:16,314 INFO PERFORMANCE:|2|2|0|-1|-1|0|0

2025-12-20 21:38:16,315 INFO Task worker status: 
naming_0%2, pending tasks: 0
naming_1%2, pending tasks: 0


2025-12-20 21:38:16,316 INFO DISTRO:|0|0|0|

2025-12-20 21:39:16,316 INFO PERFORMANCE:|2|2|0|-1|-1|0|0

2025-12-20 21:39:16,327 INFO Task worker status: 
naming_0%2, pending tasks: 0
naming_1%2, pending tasks: 0


2025-12-20 21:39:16,327 INFO DISTRO:|0|0|0|

2025-12-20 21:40:16,346 INFO PERFORMANCE:|2|2|0|-1|-1|0|0

2025-12-20 21:40:16,362 INFO Task worker status: 
naming_0%2, pending tasks: 0
naming_1%2, pending tasks: 0


2025-12-20 21:40:16,362 INFO DISTRO:|0|0|0|

2025-12-20 21:41:16,364 INFO PERFORMANCE:|2|2|0|-1|-1|0|0

2025-12-20 21:41:16,468 INFO Task worker status: 
naming_0%2, pending tasks: 0
naming_1%2, pending tasks: 0


2025-12-20 21:41:16,475 INFO DISTRO:|0|0|0|

2025-12-20 21:42:16,476 INFO PERFORMANCE:|2|2|0|-1|-1|0|0

2025-12-20 21:42:16,478 INFO Task worker status: 
naming_0%2, pending tasks: 0
naming_1%2, pending tasks: 0


2025-12-20 21:42:16,478 INFO DISTRO:|0|0|0|

2025-12-20 21:43:16,479 INFO PERFORMANCE:|2|2|0|-1|-1|0|0

2025-12-20 21:43:16,485 INFO Task worker status: 
naming_0%2, pending tasks: 0
naming_1%2, pending tasks: 0


2025-12-20 21:43:16,486 INFO DISTRO:|0|0|0|

2025-12-20 21:44:16,495 INFO PERFORMANCE:|2|2|0|-1|-1|0|0

2025-12-20 21:44:16,496 INFO Task worker status: 
naming_0%2, pending tasks: 0
naming_1%2, pending tasks: 0


2025-12-20 21:44:16,497 INFO DISTRO:|0|0|0|

2025-12-20 21:45:16,499 INFO PERFORMANCE:|2|2|0|-1|-1|0|0

2025-12-20 21:45:16,500 INFO Task worker status: 
naming_0%2, pending tasks: 0
naming_1%2, pending tasks: 0


2025-12-20 21:45:16,500 INFO DISTRO:|0|0|0|

2025-12-20 21:46:16,501 INFO PERFORMANCE:|2|2|0|-1|-1|0|0

2025-12-20 21:46:16,502 INFO Task worker status: 
naming_0%2, pending tasks: 0
naming_1%2, pending tasks: 0


2025-12-20 21:46:16,502 INFO DISTRO:|0|0|0|

2025-12-20 21:47:16,503 INFO PERFORMANCE:|serviceCount|ipCount|subscribeCount|maxPushCost|avgPushCost|totalPushCount|failPushCount

2025-12-20 21:47:16,504 INFO DISTRO:|V1SyncDone|V1SyncFail|V2SyncDone|V2SyncFail|V2VerifyFail|

2025-12-20 21:47:16,504 INFO PERFORMANCE:|2|2|0|-1|-1|0|0

2025-12-20 21:47:16,504 INFO Task worker status: 
naming_0%2, pending tasks: 0
naming_1%2, pending tasks: 0


2025-12-20 21:47:16,504 INFO DISTRO:|0|0|0|

2025-12-20 21:48:16,504 INFO PERFORMANCE:|2|2|0|-1|-1|0|0

2025-12-20 21:48:16,504 INFO Task worker status: 
naming_0%2, pending tasks: 0
naming_1%2, pending tasks: 0


2025-12-20 21:48:16,504 INFO DISTRO:|0|0|0|

2025-12-20 21:49:16,505 INFO PERFORMANCE:|2|2|0|-1|-1|0|0

2025-12-20 21:49:16,505 INFO Task worker status: 
naming_0%2, pending tasks: 0
naming_1%2, pending tasks: 0


2025-12-20 21:49:16,505 INFO DISTRO:|0|0|0|

2025-12-20 21:50:16,506 INFO PERFORMANCE:|2|2|0|-1|-1|0|0

2025-12-20 21:50:16,507 INFO Task worker status: 
naming_0%2, pending tasks: 0
naming_1%2, pending tasks: 0


2025-12-20 21:50:16,507 INFO DISTRO:|0|0|0|

2025-12-20 21:51:16,508 INFO PERFORMANCE:|2|2|0|-1|-1|0|0

2025-12-20 21:51:16,509 INFO Task worker status: 
naming_0%2, pending tasks: 0
naming_1%2, pending tasks: 0


2025-12-20 21:51:16,509 INFO DISTRO:|0|0|0|

2025-12-20 21:52:16,512 INFO PERFORMANCE:|2|2|0|-1|-1|0|0

2025-12-20 21:52:16,513 INFO Task worker status: 
naming_0%2, pending tasks: 0
naming_1%2, pending tasks: 0


2025-12-20 21:52:16,517 INFO DISTRO:|0|0|0|

2025-12-20 21:53:16,518 INFO PERFORMANCE:|2|2|0|-1|-1|0|0

2025-12-20 21:53:16,531 INFO Task worker status: 
naming_0%2, pending tasks: 0
naming_1%2, pending tasks: 0


2025-12-20 21:53:16,532 INFO DISTRO:|0|0|0|

2025-12-20 21:54:16,534 INFO PERFORMANCE:|2|2|0|-1|-1|0|0

2025-12-20 21:54:16,536 INFO Task worker status: 
naming_0%2, pending tasks: 0
naming_1%2, pending tasks: 0


2025-12-20 21:54:16,538 INFO DISTRO:|0|0|0|

2025-12-20 21:55:16,543 INFO PERFORMANCE:|2|2|0|-1|-1|0|0

2025-12-20 21:55:16,544 INFO Task worker status: 
naming_0%2, pending tasks: 0
naming_1%2, pending tasks: 0


2025-12-20 21:55:16,544 INFO DISTRO:|0|0|0|

2025-12-20 21:56:16,607 INFO PERFORMANCE:|2|2|0|-1|-1|0|0

2025-12-20 21:56:16,676 INFO Task worker status: 
naming_0%2, pending tasks: 0
naming_1%2, pending tasks: 0


2025-12-20 21:56:16,686 INFO DISTRO:|0|0|0|

2025-12-20 21:57:16,688 INFO PERFORMANCE:|serviceCount|ipCount|subscribeCount|maxPushCost|avgPushCost|totalPushCount|failPushCount

2025-12-20 21:57:16,696 INFO DISTRO:|V1SyncDone|V1SyncFail|V2SyncDone|V2SyncFail|V2VerifyFail|

2025-12-20 21:57:16,696 INFO PERFORMANCE:|2|2|0|-1|-1|0|0

2025-12-20 21:57:16,697 INFO Task worker status: 
naming_0%2, pending tasks: 0
naming_1%2, pending tasks: 0


2025-12-20 21:57:16,697 INFO DISTRO:|0|0|0|

2025-12-20 21:58:16,706 INFO PERFORMANCE:|2|2|0|-1|-1|0|0

2025-12-20 21:58:16,707 INFO Task worker status: 
naming_0%2, pending tasks: 0
naming_1%2, pending tasks: 0


2025-12-20 21:58:16,711 INFO DISTRO:|0|0|0|

2025-12-20 21:59:16,723 INFO PERFORMANCE:|2|2|0|-1|-1|0|0

2025-12-20 21:59:16,732 INFO Task worker status: 
naming_0%2, pending tasks: 0
naming_1%2, pending tasks: 0


2025-12-20 21:59:16,732 INFO DISTRO:|0|0|0|

2025-12-20 22:00:16,733 INFO PERFORMANCE:|2|2|0|-1|-1|0|0

2025-12-20 22:00:16,733 INFO Task worker status: 
naming_0%2, pending tasks: 0
naming_1%2, pending tasks: 0


2025-12-20 22:00:16,733 INFO DISTRO:|0|0|0|

2025-12-20 22:01:16,734 INFO PERFORMANCE:|2|2|0|-1|-1|0|0

2025-12-20 22:01:16,737 INFO Task worker status: 
naming_0%2, pending tasks: 0
naming_1%2, pending tasks: 0


2025-12-20 22:01:16,737 INFO DISTRO:|0|0|0|

2025-12-20 22:02:16,738 INFO PERFORMANCE:|4|2|0|-1|-1|0|0

2025-12-20 22:02:16,739 INFO Task worker status: 
naming_0%2, pending tasks: 0
naming_1%2, pending tasks: 0


2025-12-20 22:02:16,739 INFO DISTRO:|0|0|0|

2025-12-20 22:03:16,752 INFO PERFORMANCE:|4|2|0|-1|-1|0|0

2025-12-20 22:03:16,753 INFO Task worker status: 
naming_0%2, pending tasks: 0
naming_1%2, pending tasks: 0


2025-12-20 22:03:16,753 INFO DISTRO:|0|0|0|

2025-12-20 22:04:16,756 INFO PERFORMANCE:|4|4|0|-1|-1|0|0

2025-12-20 22:04:16,767 INFO Task worker status: 
naming_0%2, pending tasks: 0
naming_1%2, pending tasks: 0


2025-12-20 22:04:16,767 INFO DISTRO:|0|0|0|

2025-12-20 22:05:16,773 INFO PERFORMANCE:|4|4|0|-1|-1|0|0

2025-12-20 22:05:16,781 INFO Task worker status: 
naming_0%2, pending tasks: 0
naming_1%2, pending tasks: 0


2025-12-20 22:05:16,781 INFO DISTRO:|0|0|0|

2025-12-20 22:06:16,781 INFO PERFORMANCE:|4|4|0|-1|-1|0|0

2025-12-20 22:06:16,782 INFO Task worker status: 
naming_0%2, pending tasks: 0
naming_1%2, pending tasks: 0


2025-12-20 22:06:16,782 INFO DISTRO:|0|0|0|

2025-12-20 22:07:16,782 INFO PERFORMANCE:|serviceCount|ipCount|subscribeCount|maxPushCost|avgPushCost|totalPushCount|failPushCount

2025-12-20 22:07:16,782 INFO DISTRO:|V1SyncDone|V1SyncFail|V2SyncDone|V2SyncFail|V2VerifyFail|

2025-12-20 22:07:16,782 INFO PERFORMANCE:|4|4|0|-1|-1|0|0

2025-12-20 22:07:16,782 INFO Task worker status: 
naming_0%2, pending tasks: 0
naming_1%2, pending tasks: 0


2025-12-20 22:07:16,782 INFO DISTRO:|0|0|0|

2025-12-20 22:08:16,783 INFO PERFORMANCE:|4|4|0|-1|-1|0|0

2025-12-20 22:08:16,783 INFO Task worker status: 
naming_0%2, pending tasks: 0
naming_1%2, pending tasks: 0


2025-12-20 22:08:16,783 INFO DISTRO:|0|0|0|

2025-12-20 22:09:16,784 INFO PERFORMANCE:|4|4|0|-1|-1|0|0

2025-12-20 22:09:16,784 INFO Task worker status: 
naming_0%2, pending tasks: 0
naming_1%2, pending tasks: 0


2025-12-20 22:09:16,784 INFO DISTRO:|0|0|0|

2025-12-20 22:10:16,785 INFO PERFORMANCE:|4|4|0|-1|-1|0|0

2025-12-20 22:10:16,785 INFO Task worker status: 
naming_0%2, pending tasks: 0
naming_1%2, pending tasks: 0


2025-12-20 22:10:16,785 INFO DISTRO:|0|0|0|

2025-12-20 22:11:16,787 INFO PERFORMANCE:|4|4|0|-1|-1|0|0

2025-12-20 22:11:16,788 INFO Task worker status: 
naming_0%2, pending tasks: 0
naming_1%2, pending tasks: 0


2025-12-20 22:11:16,789 INFO DISTRO:|0|0|0|

2025-12-20 22:12:16,789 INFO PERFORMANCE:|4|4|0|-1|-1|0|0

2025-12-20 22:12:16,790 INFO Task worker status: 
naming_0%2, pending tasks: 0
naming_1%2, pending tasks: 0


2025-12-20 22:12:16,791 INFO DISTRO:|0|0|0|

2025-12-20 22:13:16,810 INFO PERFORMANCE:|4|4|0|-1|-1|0|0

2025-12-20 22:13:16,811 INFO Task worker status: 
naming_0%2, pending tasks: 0
naming_1%2, pending tasks: 0


2025-12-20 22:13:16,812 INFO DISTRO:|0|0|0|

2025-12-20 22:14:16,814 INFO PERFORMANCE:|4|4|0|-1|-1|0|0

2025-12-20 22:14:16,816 INFO Task worker status: 
naming_0%2, pending tasks: 0
naming_1%2, pending tasks: 0


2025-12-20 22:14:16,824 INFO DISTRO:|0|0|0|

2025-12-20 22:15:16,826 INFO PERFORMANCE:|4|4|0|-1|-1|0|0

2025-12-20 22:15:16,826 INFO Task worker status: 
naming_0%2, pending tasks: 0
naming_1%2, pending tasks: 0


2025-12-20 22:15:16,827 INFO DISTRO:|0|0|0|

2025-12-20 22:16:16,827 INFO PERFORMANCE:|4|4|0|-1|-1|0|0

2025-12-20 22:16:16,837 INFO Task worker status: 
naming_0%2, pending tasks: 0
naming_1%2, pending tasks: 0


2025-12-20 22:16:16,837 INFO DISTRO:|0|0|0|

2025-12-20 22:17:16,847 INFO PERFORMANCE:|serviceCount|ipCount|subscribeCount|maxPushCost|avgPushCost|totalPushCount|failPushCount

2025-12-20 22:17:16,861 INFO DISTRO:|V1SyncDone|V1SyncFail|V2SyncDone|V2SyncFail|V2VerifyFail|

2025-12-20 22:17:16,862 INFO PERFORMANCE:|4|4|0|-1|-1|0|0

2025-12-20 22:17:16,862 INFO Task worker status: 
naming_0%2, pending tasks: 0
naming_1%2, pending tasks: 0


2025-12-20 22:17:16,862 INFO DISTRO:|0|0|0|

2025-12-20 22:18:16,863 INFO PERFORMANCE:|4|4|0|-1|-1|0|0

2025-12-20 22:18:16,864 INFO Task worker status: 
naming_0%2, pending tasks: 0
naming_1%2, pending tasks: 0


2025-12-20 22:18:16,865 INFO DISTRO:|0|0|0|

2025-12-20 22:19:16,866 INFO PERFORMANCE:|4|4|0|-1|-1|0|0

2025-12-20 22:19:16,868 INFO Task worker status: 
naming_0%2, pending tasks: 0
naming_1%2, pending tasks: 0


2025-12-20 22:19:16,868 INFO DISTRO:|0|0|0|

2025-12-20 22:20:16,875 INFO PERFORMANCE:|4|4|0|-1|-1|0|0

2025-12-20 22:20:16,876 INFO Task worker status: 
naming_0%2, pending tasks: 0
naming_1%2, pending tasks: 0


2025-12-20 22:20:16,876 INFO DISTRO:|0|0|0|

2025-12-20 22:21:16,877 INFO PERFORMANCE:|4|4|0|-1|-1|0|0

2025-12-20 22:21:16,877 INFO Task worker status: 
naming_0%2, pending tasks: 0
naming_1%2, pending tasks: 0


2025-12-20 22:21:16,878 INFO DISTRO:|0|0|0|

2025-12-20 22:22:16,879 INFO PERFORMANCE:|4|4|0|-1|-1|0|0

2025-12-20 22:22:16,881 INFO Task worker status: 
naming_0%2, pending tasks: 0
naming_1%2, pending tasks: 0


2025-12-20 22:22:16,881 INFO DISTRO:|0|0|0|

2025-12-20 22:23:16,882 INFO PERFORMANCE:|4|4|0|-1|-1|0|0

2025-12-20 22:23:16,882 INFO Task worker status: 
naming_0%2, pending tasks: 0
naming_1%2, pending tasks: 0


2025-12-20 22:23:16,882 INFO DISTRO:|0|0|0|

2025-12-20 22:24:16,885 INFO PERFORMANCE:|4|4|0|-1|-1|0|0

2025-12-20 22:24:16,886 INFO Task worker status: 
naming_0%2, pending tasks: 0
naming_1%2, pending tasks: 0


2025-12-20 22:24:16,886 INFO DISTRO:|0|0|0|

2025-12-20 22:25:16,887 INFO PERFORMANCE:|4|4|0|-1|-1|0|0

2025-12-20 22:25:16,887 INFO Task worker status: 
naming_0%2, pending tasks: 0
naming_1%2, pending tasks: 0


2025-12-20 22:25:16,887 INFO DISTRO:|0|0|0|

2025-12-20 22:29:11,674 INFO PERFORMANCE:|serviceCount|ipCount|subscribeCount|maxPushCost|avgPushCost|totalPushCount|failPushCount

2025-12-20 22:29:11,675 INFO DISTRO:|V1SyncDone|V1SyncFail|V2SyncDone|V2SyncFail|V2VerifyFail|

2025-12-20 22:29:11,735 INFO PERFORMANCE:|0|0|0|-1|-1|0|0

2025-12-20 22:29:11,822 INFO Task worker status: 
naming_0%2, pending tasks: 0
naming_1%2, pending tasks: 0


2025-12-20 22:29:11,885 INFO DISTRO:|0|0|0|

2025-12-20 22:30:11,899 INFO PERFORMANCE:|0|0|0|-1|-1|0|0

2025-12-20 22:30:11,899 INFO Task worker status: 
naming_0%2, pending tasks: 0
naming_1%2, pending tasks: 0


2025-12-20 22:30:11,899 INFO DISTRO:|0|0|0|

2025-12-20 22:31:11,901 INFO PERFORMANCE:|0|0|0|-1|-1|0|0

2025-12-20 22:31:11,902 INFO Task worker status: 
naming_0%2, pending tasks: 0
naming_1%2, pending tasks: 0


2025-12-20 22:31:11,902 INFO DISTRO:|0|0|0|

2025-12-20 22:32:11,915 INFO PERFORMANCE:|0|0|0|-1|-1|0|0

2025-12-20 22:32:11,916 INFO Task worker status: 
naming_0%2, pending tasks: 0
naming_1%2, pending tasks: 0


2025-12-20 22:32:11,916 INFO DISTRO:|0|0|0|

2025-12-20 22:33:11,916 INFO PERFORMANCE:|3|3|0|-1|-1|0|0

2025-12-20 22:33:11,916 INFO Task worker status: 
naming_0%2, pending tasks: 0
naming_1%2, pending tasks: 0


2025-12-20 22:33:11,916 INFO DISTRO:|0|0|0|

2025-12-20 22:34:11,917 INFO PERFORMANCE:|4|4|0|-1|-1|0|0

2025-12-20 22:34:11,917 INFO Task worker status: 
naming_0%2, pending tasks: 0
naming_1%2, pending tasks: 0


2025-12-20 22:34:11,917 INFO DISTRO:|0|0|0|

2025-12-20 22:35:11,917 INFO PERFORMANCE:|4|4|0|-1|-1|0|0

2025-12-20 22:35:11,918 INFO Task worker status: 
naming_0%2, pending tasks: 0
naming_1%2, pending tasks: 0


2025-12-20 22:35:11,918 INFO DISTRO:|0|0|0|

2025-12-20 22:36:11,918 INFO PERFORMANCE:|4|4|0|-1|-1|0|0

2025-12-20 22:36:11,918 INFO Task worker status: 
naming_0%2, pending tasks: 0
naming_1%2, pending tasks: 0


2025-12-20 22:36:11,918 INFO DISTRO:|0|0|0|

2025-12-20 22:37:11,919 INFO PERFORMANCE:|4|4|0|-1|-1|0|0

2025-12-20 22:37:11,919 INFO Task worker status: 
naming_0%2, pending tasks: 0
naming_1%2, pending tasks: 0


2025-12-20 22:37:11,919 INFO DISTRO:|0|0|0|

2025-12-20 22:38:11,920 INFO PERFORMANCE:|4|4|0|-1|-1|0|0

2025-12-20 22:38:11,923 INFO Task worker status: 
naming_0%2, pending tasks: 0
naming_1%2, pending tasks: 0


2025-12-20 22:38:11,923 INFO DISTRO:|0|0|0|

2025-12-20 22:39:11,925 INFO PERFORMANCE:|serviceCount|ipCount|subscribeCount|maxPushCost|avgPushCost|totalPushCount|failPushCount

2025-12-20 22:39:11,926 INFO DISTRO:|V1SyncDone|V1SyncFail|V2SyncDone|V2SyncFail|V2VerifyFail|

2025-12-20 22:39:11,926 INFO PERFORMANCE:|4|4|0|-1|-1|0|0

2025-12-20 22:39:11,935 INFO Task worker status: 
naming_0%2, pending tasks: 0
naming_1%2, pending tasks: 0


2025-12-20 22:39:11,935 INFO DISTRO:|0|0|0|

2025-12-20 22:40:11,936 INFO PERFORMANCE:|4|4|0|-1|-1|0|0

2025-12-20 22:40:11,937 INFO Task worker status: 
naming_0%2, pending tasks: 0
naming_1%2, pending tasks: 0


2025-12-20 22:40:11,937 INFO DISTRO:|0|0|0|

2025-12-20 22:41:11,939 INFO PERFORMANCE:|4|4|0|-1|-1|0|0

2025-12-20 22:41:11,941 INFO Task worker status: 
naming_0%2, pending tasks: 0
naming_1%2, pending tasks: 0


2025-12-20 22:41:11,941 INFO DISTRO:|0|0|0|

2025-12-20 22:42:11,942 INFO PERFORMANCE:|4|4|0|-1|-1|0|0

2025-12-20 22:42:11,943 INFO Task worker status: 
naming_0%2, pending tasks: 0
naming_1%2, pending tasks: 0


2025-12-20 22:42:11,943 INFO DISTRO:|0|0|0|

2025-12-20 22:43:11,945 INFO PERFORMANCE:|4|4|0|-1|-1|0|0

2025-12-20 22:43:11,945 INFO Task worker status: 
naming_0%2, pending tasks: 0
naming_1%2, pending tasks: 0


2025-12-20 22:43:11,945 INFO DISTRO:|0|0|0|

2025-12-20 22:44:11,947 INFO PERFORMANCE:|4|4|0|-1|-1|0|0

2025-12-20 22:44:11,948 INFO Task worker status: 
naming_0%2, pending tasks: 0
naming_1%2, pending tasks: 0


2025-12-20 22:44:11,948 INFO DISTRO:|0|0|0|

2025-12-20 22:45:11,948 INFO PERFORMANCE:|4|4|0|-1|-1|0|0

2025-12-20 22:45:11,949 INFO Task worker status: 
naming_0%2, pending tasks: 0
naming_1%2, pending tasks: 0


2025-12-20 22:45:11,949 INFO DISTRO:|0|0|0|

2025-12-20 22:46:11,950 INFO PERFORMANCE:|4|4|0|-1|-1|0|0

2025-12-20 22:46:11,951 INFO Task worker status: 
naming_0%2, pending tasks: 0
naming_1%2, pending tasks: 0


2025-12-20 22:46:11,951 INFO DISTRO:|0|0|0|

2025-12-20 22:50:06,635 INFO PERFORMANCE:|serviceCount|ipCount|subscribeCount|maxPushCost|avgPushCost|totalPushCount|failPushCount

2025-12-20 22:50:06,636 INFO DISTRO:|V1SyncDone|V1SyncFail|V2SyncDone|V2SyncFail|V2VerifyFail|

2025-12-20 22:50:06,661 INFO PERFORMANCE:|0|0|0|-1|-1|0|0

2025-12-20 22:50:06,681 INFO Task worker status: 
naming_0%2, pending tasks: 0
naming_1%2, pending tasks: 0


2025-12-20 22:50:06,692 INFO DISTRO:|0|0|0|

2025-12-20 22:51:06,698 INFO PERFORMANCE:|0|0|0|-1|-1|0|0

2025-12-20 22:51:06,698 INFO Task worker status: 
naming_0%2, pending tasks: 0
naming_1%2, pending tasks: 0


2025-12-20 22:51:06,698 INFO DISTRO:|0|0|0|

2025-12-20 22:52:06,699 INFO PERFORMANCE:|0|0|0|-1|-1|0|0

2025-12-20 22:52:06,700 INFO Task worker status: 
naming_0%2, pending tasks: 0
naming_1%2, pending tasks: 0


2025-12-20 22:52:06,700 INFO DISTRO:|0|0|0|

2025-12-20 22:53:06,706 INFO PERFORMANCE:|0|0|0|-1|-1|0|0

2025-12-20 22:53:06,710 INFO Task worker status: 
naming_0%2, pending tasks: 0
naming_1%2, pending tasks: 0


2025-12-20 22:53:06,710 INFO DISTRO:|0|0|0|

2025-12-20 22:54:06,711 INFO PERFORMANCE:|3|3|0|-1|-1|0|0

2025-12-20 22:54:06,711 INFO Task worker status: 
naming_0%2, pending tasks: 0
naming_1%2, pending tasks: 0


2025-12-20 22:54:06,711 INFO DISTRO:|0|0|0|

2025-12-20 22:55:06,713 INFO PERFORMANCE:|4|4|0|-1|-1|0|0

2025-12-20 22:55:06,713 INFO Task worker status: 
naming_0%2, pending tasks: 0
naming_1%2, pending tasks: 0


2025-12-20 22:55:06,713 INFO DISTRO:|0|0|0|

2025-12-20 22:56:06,725 INFO PERFORMANCE:|4|4|0|-1|-1|0|0

2025-12-20 22:56:06,730 INFO Task worker status: 
naming_0%2, pending tasks: 0
naming_1%2, pending tasks: 0


2025-12-20 22:56:06,737 INFO DISTRO:|0|0|0|

2025-12-20 22:57:06,738 INFO PERFORMANCE:|4|4|0|-1|-1|0|0

2025-12-20 22:57:06,739 INFO Task worker status: 
naming_0%2, pending tasks: 0
naming_1%2, pending tasks: 0


2025-12-20 22:57:06,739 INFO DISTRO:|0|0|0|

2025-12-20 22:58:06,740 INFO PERFORMANCE:|4|4|0|-1|-1|0|0

2025-12-20 22:58:06,740 INFO Task worker status: 
naming_0%2, pending tasks: 0
naming_1%2, pending tasks: 0


2025-12-20 22:58:06,740 INFO DISTRO:|0|0|0|

2025-12-20 22:59:06,742 INFO PERFORMANCE:|4|4|0|-1|-1|0|0

2025-12-20 22:59:06,742 INFO Task worker status: 
naming_0%2, pending tasks: 0
naming_1%2, pending tasks: 0


2025-12-20 22:59:06,742 INFO DISTRO:|0|0|0|

2025-12-20 23:00:06,749 INFO PERFORMANCE:|serviceCount|ipCount|subscribeCount|maxPushCost|avgPushCost|totalPushCount|failPushCount

2025-12-20 23:00:06,762 INFO DISTRO:|V1SyncDone|V1SyncFail|V2SyncDone|V2SyncFail|V2VerifyFail|

2025-12-20 23:00:06,773 INFO PERFORMANCE:|4|4|0|-1|-1|0|0

2025-12-20 23:00:06,773 INFO Task worker status: 
naming_0%2, pending tasks: 0
naming_1%2, pending tasks: 0


2025-12-20 23:00:06,780 INFO DISTRO:|0|0|0|

2025-12-20 23:01:06,782 INFO PERFORMANCE:|4|4|1|2059|2059|1|0

2025-12-20 23:01:06,783 INFO Task worker status: 
naming_0%2, pending tasks: 0
naming_1%2, pending tasks: 0


2025-12-20 23:01:06,789 INFO DISTRO:|0|0|0|

2025-12-20 23:02:06,790 INFO PERFORMANCE:|4|4|1|-1|-1|1|0

2025-12-20 23:02:06,790 INFO Task worker status: 
naming_0%2, pending tasks: 0
naming_1%2, pending tasks: 0


2025-12-20 23:02:06,790 INFO DISTRO:|0|0|0|

2025-12-20 23:03:06,791 INFO PERFORMANCE:|4|4|1|-1|-1|1|0

2025-12-20 23:03:06,791 INFO Task worker status: 
naming_0%2, pending tasks: 0
naming_1%2, pending tasks: 0


2025-12-20 23:03:06,791 INFO DISTRO:|0|0|0|

2025-12-20 23:04:06,792 INFO PERFORMANCE:|4|4|1|-1|-1|1|0

2025-12-20 23:04:06,792 INFO Task worker status: 
naming_0%2, pending tasks: 0
naming_1%2, pending tasks: 0


2025-12-20 23:04:06,792 INFO DISTRO:|0|0|0|

2025-12-20 23:05:06,794 INFO PERFORMANCE:|4|4|1|-1|-1|1|0

2025-12-20 23:05:06,795 INFO Task worker status: 
naming_0%2, pending tasks: 0
naming_1%2, pending tasks: 0


2025-12-20 23:05:06,795 INFO DISTRO:|0|0|0|

2025-12-20 23:06:06,797 INFO PERFORMANCE:|4|4|1|-1|-1|1|0

2025-12-20 23:06:06,800 INFO Task worker status: 
naming_0%2, pending tasks: 0
naming_1%2, pending tasks: 0


2025-12-20 23:06:06,800 INFO DISTRO:|0|0|0|

2025-12-20 23:07:06,840 INFO PERFORMANCE:|4|4|1|-1|-1|1|0

2025-12-20 23:07:06,854 INFO Task worker status: 
naming_0%2, pending tasks: 0
naming_1%2, pending tasks: 0


2025-12-20 23:07:06,892 INFO DISTRO:|0|0|0|

2025-12-20 23:08:06,893 INFO PERFORMANCE:|4|4|1|-1|-1|1|0

2025-12-20 23:08:06,894 INFO Task worker status: 
naming_0%2, pending tasks: 0
naming_1%2, pending tasks: 0


2025-12-20 23:08:06,894 INFO DISTRO:|0|0|0|

2025-12-20 23:09:06,895 INFO PERFORMANCE:|4|4|1|-1|-1|1|0

2025-12-20 23:09:06,896 INFO Task worker status: 
naming_0%2, pending tasks: 0
naming_1%2, pending tasks: 0


2025-12-20 23:09:06,896 INFO DISTRO:|0|0|0|

2025-12-20 23:10:06,980 INFO PERFORMANCE:|serviceCount|ipCount|subscribeCount|maxPushCost|avgPushCost|totalPushCount|failPushCount

2025-12-20 23:10:07,002 INFO DISTRO:|V1SyncDone|V1SyncFail|V2SyncDone|V2SyncFail|V2VerifyFail|

2025-12-20 23:10:07,019 INFO PERFORMANCE:|4|4|1|-1|-1|1|0

2025-12-20 23:10:07,019 INFO Task worker status: 
naming_0%2, pending tasks: 0
naming_1%2, pending tasks: 0


2025-12-20 23:10:07,019 INFO DISTRO:|0|0|0|

2025-12-20 23:11:07,020 INFO PERFORMANCE:|4|4|1|-1|-1|1|0

2025-12-20 23:11:07,023 INFO Task worker status: 
naming_0%2, pending tasks: 0
naming_1%2, pending tasks: 0


2025-12-20 23:11:07,023 INFO DISTRO:|0|0|0|

2025-12-20 23:12:07,024 INFO PERFORMANCE:|4|4|1|-1|-1|1|0

2025-12-20 23:12:07,026 INFO Task worker status: 
naming_0%2, pending tasks: 0
naming_1%2, pending tasks: 0


2025-12-20 23:12:07,026 INFO DISTRO:|0|0|0|

2025-12-20 23:13:07,027 INFO PERFORMANCE:|4|4|1|-1|-1|1|0

2025-12-20 23:13:07,029 INFO Task worker status: 
naming_0%2, pending tasks: 0
naming_1%2, pending tasks: 0


2025-12-20 23:13:07,029 INFO DISTRO:|0|0|0|

2025-12-20 23:14:07,030 INFO PERFORMANCE:|4|4|1|-1|-1|1|0

2025-12-20 23:14:07,032 INFO Task worker status: 
naming_0%2, pending tasks: 0
naming_1%2, pending tasks: 0


2025-12-20 23:14:07,032 INFO DISTRO:|0|0|0|

2025-12-20 23:15:07,032 INFO PERFORMANCE:|4|4|1|-1|-1|1|0

2025-12-20 23:15:07,033 INFO Task worker status: 
naming_0%2, pending tasks: 0
naming_1%2, pending tasks: 0


2025-12-20 23:15:07,034 INFO DISTRO:|0|0|0|

2025-12-20 23:16:07,036 INFO PERFORMANCE:|4|4|1|-1|-1|1|0

2025-12-20 23:16:07,267 INFO Task worker status: 
naming_0%2, pending tasks: 0
naming_1%2, pending tasks: 0


2025-12-20 23:16:07,267 INFO DISTRO:|0|0|0|

2025-12-20 23:17:07,272 INFO PERFORMANCE:|4|4|1|-1|-1|1|0

2025-12-20 23:17:07,282 INFO Task worker status: 
naming_0%2, pending tasks: 0
naming_1%2, pending tasks: 0


2025-12-20 23:17:07,282 INFO DISTRO:|0|0|0|

2025-12-20 23:18:07,283 INFO PERFORMANCE:|4|4|1|-1|-1|1|0

2025-12-20 23:18:07,283 INFO Task worker status: 
naming_0%2, pending tasks: 0
naming_1%2, pending tasks: 0


2025-12-20 23:18:07,283 INFO DISTRO:|0|0|0|

2025-12-20 23:19:07,284 INFO PERFORMANCE:|4|4|1|-1|-1|1|0

2025-12-20 23:19:07,285 INFO Task worker status: 
naming_0%2, pending tasks: 0
naming_1%2, pending tasks: 0


2025-12-20 23:19:07,285 INFO DISTRO:|0|0|0|

2025-12-20 23:20:07,286 INFO PERFORMANCE:|serviceCount|ipCount|subscribeCount|maxPushCost|avgPushCost|totalPushCount|failPushCount

2025-12-20 23:20:07,293 INFO DISTRO:|V1SyncDone|V1SyncFail|V2SyncDone|V2SyncFail|V2VerifyFail|

2025-12-20 23:20:07,294 INFO PERFORMANCE:|4|4|1|-1|-1|1|0

2025-12-20 23:20:07,295 INFO Task worker status: 
naming_0%2, pending tasks: 0
naming_1%2, pending tasks: 0


2025-12-20 23:20:07,295 INFO DISTRO:|0|0|0|

2025-12-20 23:21:07,296 INFO PERFORMANCE:|4|4|1|-1|-1|1|0

2025-12-20 23:21:07,298 INFO Task worker status: 
naming_0%2, pending tasks: 0
naming_1%2, pending tasks: 0


2025-12-20 23:21:07,298 INFO DISTRO:|0|0|0|

2025-12-20 23:22:07,313 INFO PERFORMANCE:|4|3|1|1471|1471|2|4

2025-12-20 23:22:07,314 INFO Task worker status: 
naming_0%2, pending tasks: 0
naming_1%2, pending tasks: 0


2025-12-20 23:22:07,316 INFO DISTRO:|0|0|0|

2025-12-20 23:23:07,325 INFO PERFORMANCE:|4|4|1|-1|-1|2|4

2025-12-20 23:23:07,401 INFO Task worker status: 
naming_0%2, pending tasks: 0
naming_1%2, pending tasks: 0


2025-12-20 23:23:07,401 INFO DISTRO:|0|0|0|

2025-12-20 23:24:07,402 INFO PERFORMANCE:|4|4|1|-1|-1|2|4

2025-12-20 23:24:07,402 INFO Task worker status: 
naming_0%2, pending tasks: 0
naming_1%2, pending tasks: 0


2025-12-20 23:24:07,402 INFO DISTRO:|0|0|0|

2025-12-20 23:25:07,403 INFO PERFORMANCE:|4|4|1|-1|-1|2|4

2025-12-20 23:25:07,404 INFO Task worker status: 
naming_0%2, pending tasks: 0
naming_1%2, pending tasks: 0


2025-12-20 23:25:07,404 INFO DISTRO:|0|0|0|

2025-12-20 23:26:07,406 INFO PERFORMANCE:|4|4|1|-1|-1|2|4

2025-12-20 23:26:07,408 INFO Task worker status: 
naming_0%2, pending tasks: 0
naming_1%2, pending tasks: 0


2025-12-20 23:26:07,408 INFO DISTRO:|0|0|0|

2025-12-20 23:27:07,410 INFO PERFORMANCE:|4|4|1|-1|-1|2|4

2025-12-20 23:27:07,412 INFO Task worker status: 
naming_0%2, pending tasks: 0
naming_1%2, pending tasks: 0


2025-12-20 23:27:07,412 INFO DISTRO:|0|0|0|

2025-12-20 23:28:07,413 INFO PERFORMANCE:|4|4|1|-1|-1|2|4

2025-12-20 23:28:07,416 INFO Task worker status: 
naming_0%2, pending tasks: 0
naming_1%2, pending tasks: 0


2025-12-20 23:28:07,416 INFO DISTRO:|0|0|0|

2025-12-20 23:29:07,416 INFO PERFORMANCE:|4|4|1|-1|-1|2|4

2025-12-20 23:29:07,416 INFO Task worker status: 
naming_0%2, pending tasks: 0
naming_1%2, pending tasks: 0


2025-12-20 23:29:07,416 INFO DISTRO:|0|0|0|

2025-12-20 23:35:41,133 INFO PERFORMANCE:|serviceCount|ipCount|subscribeCount|maxPushCost|avgPushCost|totalPushCount|failPushCount

2025-12-20 23:35:41,133 INFO DISTRO:|V1SyncDone|V1SyncFail|V2SyncDone|V2SyncFail|V2VerifyFail|

2025-12-20 23:35:41,166 INFO PERFORMANCE:|0|0|0|-1|-1|0|0

2025-12-20 23:35:41,195 INFO Task worker status: 
naming_0%2, pending tasks: 0
naming_1%2, pending tasks: 0


2025-12-20 23:35:41,207 INFO DISTRO:|0|0|0|

2025-12-20 23:36:41,214 INFO PERFORMANCE:|0|0|0|-1|-1|0|0

2025-12-20 23:36:41,222 INFO Task worker status: 
naming_0%2, pending tasks: 0
naming_1%2, pending tasks: 0


2025-12-20 23:36:41,222 INFO DISTRO:|0|0|0|

2025-12-20 23:37:41,223 INFO PERFORMANCE:|0|0|0|-1|-1|0|0

2025-12-20 23:37:41,224 INFO Task worker status: 
naming_0%2, pending tasks: 0
naming_1%2, pending tasks: 0


2025-12-20 23:37:41,224 INFO DISTRO:|0|0|0|

2025-12-20 23:38:41,225 INFO PERFORMANCE:|0|0|0|-1|-1|0|0

2025-12-20 23:38:41,226 INFO Task worker status: 
naming_0%2, pending tasks: 0
naming_1%2, pending tasks: 0


2025-12-20 23:38:41,226 INFO DISTRO:|0|0|0|

2025-12-20 23:39:41,227 INFO PERFORMANCE:|0|0|0|-1|-1|0|0

2025-12-20 23:39:41,227 INFO Task worker status: 
naming_0%2, pending tasks: 0
naming_1%2, pending tasks: 0


2025-12-20 23:39:41,228 INFO DISTRO:|0|0|0|

2025-12-20 23:40:41,228 INFO PERFORMANCE:|2|2|0|-1|-1|0|0

2025-12-20 23:40:41,229 INFO Task worker status: 
naming_0%2, pending tasks: 0
naming_1%2, pending tasks: 0


2025-12-20 23:40:41,229 INFO DISTRO:|0|0|0|

2025-12-20 23:41:41,230 INFO PERFORMANCE:|2|2|0|-1|-1|0|0

2025-12-20 23:41:41,230 INFO Task worker status: 
naming_0%2, pending tasks: 0
naming_1%2, pending tasks: 0


2025-12-20 23:41:41,230 INFO DISTRO:|0|0|0|

2025-12-20 23:42:41,231 INFO PERFORMANCE:|2|2|0|-1|-1|0|0

2025-12-20 23:42:41,231 INFO Task worker status: 
naming_0%2, pending tasks: 0
naming_1%2, pending tasks: 0


2025-12-20 23:42:41,231 INFO DISTRO:|0|0|0|

2025-12-20 23:43:41,286 INFO PERFORMANCE:|4|4|0|-1|-1|0|0

2025-12-20 23:43:41,288 INFO Task worker status: 
naming_0%2, pending tasks: 0
naming_1%2, pending tasks: 0


2025-12-20 23:43:41,288 INFO DISTRO:|0|0|0|

2025-12-20 23:44:41,316 INFO PERFORMANCE:|4|4|0|-1|-1|0|0

2025-12-20 23:44:41,355 INFO Task worker status: 
naming_0%2, pending tasks: 0
naming_1%2, pending tasks: 0


2025-12-20 23:44:41,355 INFO DISTRO:|0|0|0|

2025-12-20 23:45:41,357 INFO PERFORMANCE:|serviceCount|ipCount|subscribeCount|maxPushCost|avgPushCost|totalPushCount|failPushCount

2025-12-20 23:45:41,358 INFO DISTRO:|V1SyncDone|V1SyncFail|V2SyncDone|V2SyncFail|V2VerifyFail|

2025-12-20 23:45:41,358 INFO PERFORMANCE:|4|4|1|1204|1204|1|0

2025-12-20 23:45:41,359 INFO Task worker status: 
naming_0%2, pending tasks: 0
naming_1%2, pending tasks: 0


2025-12-20 23:45:41,359 INFO DISTRO:|0|0|0|

2025-12-20 23:46:41,360 INFO PERFORMANCE:|4|4|1|-1|-1|1|0

2025-12-20 23:46:41,363 INFO Task worker status: 
naming_0%2, pending tasks: 0
naming_1%2, pending tasks: 0


2025-12-20 23:46:41,364 INFO DISTRO:|0|0|0|

2025-12-20 23:47:41,372 INFO PERFORMANCE:|4|4|1|-1|-1|1|0

2025-12-20 23:47:41,379 INFO Task worker status: 
naming_0%2, pending tasks: 0
naming_1%2, pending tasks: 0


2025-12-20 23:47:41,380 INFO DISTRO:|0|0|0|

2025-12-20 23:48:41,381 INFO PERFORMANCE:|4|4|1|-1|-1|1|0

2025-12-20 23:48:41,383 INFO Task worker status: 
naming_0%2, pending tasks: 0
naming_1%2, pending tasks: 0


2025-12-20 23:48:41,383 INFO DISTRO:|0|0|0|

2025-12-20 23:49:41,384 INFO PERFORMANCE:|4|4|1|-1|-1|1|0

2025-12-20 23:49:41,384 INFO Task worker status: 
naming_0%2, pending tasks: 0
naming_1%2, pending tasks: 0


2025-12-20 23:49:41,384 INFO DISTRO:|0|0|0|

2025-12-20 23:50:42,129 INFO PERFORMANCE:|4|4|1|-1|-1|1|0

2025-12-20 23:50:42,140 INFO Task worker status: 
naming_0%2, pending tasks: 0
naming_1%2, pending tasks: 0


2025-12-20 23:50:42,146 INFO DISTRO:|0|0|0|

2025-12-20 23:51:42,148 INFO PERFORMANCE:|4|4|1|-1|-1|1|0

2025-12-20 23:51:42,151 INFO Task worker status: 
naming_0%2, pending tasks: 0
naming_1%2, pending tasks: 0


2025-12-20 23:51:42,152 INFO DISTRO:|0|0|0|

2025-12-20 23:52:42,159 INFO PERFORMANCE:|4|4|1|-1|-1|1|0

2025-12-20 23:52:42,160 INFO Task worker status: 
naming_0%2, pending tasks: 0
naming_1%2, pending tasks: 0


2025-12-20 23:52:42,162 INFO DISTRO:|0|0|0|

2025-12-20 23:53:42,164 INFO PERFORMANCE:|4|4|1|-1|-1|1|0

2025-12-20 23:53:42,165 INFO Task worker status: 
naming_0%2, pending tasks: 0
naming_1%2, pending tasks: 0


2025-12-20 23:53:42,165 INFO DISTRO:|0|0|0|

2025-12-20 23:54:42,170 INFO PERFORMANCE:|4|4|1|-1|-1|1|0

2025-12-20 23:54:42,172 INFO Task worker status: 
naming_0%2, pending tasks: 0
naming_1%2, pending tasks: 0


2025-12-20 23:54:42,172 INFO DISTRO:|0|0|0|

2025-12-20 23:55:42,174 INFO PERFORMANCE:|serviceCount|ipCount|subscribeCount|maxPushCost|avgPushCost|totalPushCount|failPushCount

2025-12-20 23:55:42,174 INFO DISTRO:|V1SyncDone|V1SyncFail|V2SyncDone|V2SyncFail|V2VerifyFail|

2025-12-20 23:55:42,174 INFO PERFORMANCE:|4|4|1|-1|-1|1|0

2025-12-20 23:55:42,176 INFO Task worker status: 
naming_0%2, pending tasks: 0
naming_1%2, pending tasks: 0


2025-12-20 23:55:42,176 INFO DISTRO:|0|0|0|

2025-12-21 09:56:14,705 INFO PERFORMANCE:|serviceCount|ipCount|subscribeCount|maxPushCost|avgPushCost|totalPushCount|failPushCount

2025-12-21 09:56:14,715 INFO DISTRO:|V1SyncDone|V1SyncFail|V2SyncDone|V2SyncFail|V2VerifyFail|

2025-12-21 09:56:14,731 INFO PERFORMANCE:|0|0|0|-1|-1|0|0

2025-12-21 09:56:14,753 INFO Task worker status: 
naming_0%2, pending tasks: 0
naming_1%2, pending tasks: 0


2025-12-21 09:56:14,760 INFO DISTRO:|0|0|0|

2025-12-21 09:57:14,791 INFO PERFORMANCE:|0|0|0|-1|-1|0|0

2025-12-21 09:57:14,806 INFO Task worker status: 
naming_0%2, pending tasks: 0
naming_1%2, pending tasks: 0


2025-12-21 09:57:14,808 INFO DISTRO:|0|0|0|

2025-12-21 09:58:14,810 INFO PERFORMANCE:|0|0|0|-1|-1|0|0

2025-12-21 09:58:14,812 INFO Task worker status: 
naming_0%2, pending tasks: 0
naming_1%2, pending tasks: 0


2025-12-21 09:58:14,817 INFO DISTRO:|0|0|0|

2025-12-21 09:59:14,827 INFO PERFORMANCE:|0|0|0|-1|-1|0|0

2025-12-21 09:59:14,863 INFO Task worker status: 
naming_0%2, pending tasks: 0
naming_1%2, pending tasks: 0


2025-12-21 09:59:14,873 INFO DISTRO:|0|0|0|

2025-12-21 10:00:14,901 INFO PERFORMANCE:|2|2|0|-1|-1|0|0

2025-12-21 10:00:14,910 INFO Task worker status: 
naming_0%2, pending tasks: 0
naming_1%2, pending tasks: 0


2025-12-21 10:00:14,915 INFO DISTRO:|0|0|0|

2025-12-21 10:01:14,915 INFO PERFORMANCE:|3|3|0|-1|-1|0|0

2025-12-21 10:01:14,922 INFO Task worker status: 
naming_0%2, pending tasks: 0
naming_1%2, pending tasks: 0


2025-12-21 10:01:14,923 INFO DISTRO:|0|0|0|

2025-12-21 10:06:54,004 INFO PERFORMANCE:|serviceCount|ipCount|subscribeCount|maxPushCost|avgPushCost|totalPushCount|failPushCount

2025-12-21 10:06:54,008 INFO DISTRO:|V1SyncDone|V1SyncFail|V2SyncDone|V2SyncFail|V2VerifyFail|

2025-12-21 10:06:54,036 INFO PERFORMANCE:|0|0|0|-1|-1|0|0

2025-12-21 10:06:54,072 INFO Task worker status: 
naming_0%2, pending tasks: 0
naming_1%2, pending tasks: 0


2025-12-21 10:06:54,078 INFO DISTRO:|0|0|0|

2025-12-21 10:07:54,112 INFO PERFORMANCE:|0|0|0|-1|-1|0|0

2025-12-21 10:07:54,116 INFO Task worker status: 
naming_0%2, pending tasks: 0
naming_1%2, pending tasks: 0


2025-12-21 10:07:54,118 INFO DISTRO:|0|0|0|

2025-12-21 10:08:54,188 INFO PERFORMANCE:|0|0|0|-1|-1|0|0

2025-12-21 10:08:54,231 INFO Task worker status: 
naming_0%2, pending tasks: 0
naming_1%2, pending tasks: 0


2025-12-21 10:08:54,259 INFO DISTRO:|0|0|0|

2025-12-21 10:09:54,269 INFO PERFORMANCE:|0|0|0|-1|-1|0|0

2025-12-21 10:09:54,278 INFO Task worker status: 
naming_0%2, pending tasks: 0
naming_1%2, pending tasks: 0


2025-12-21 10:09:54,280 INFO DISTRO:|0|0|0|

2025-12-21 10:10:54,284 INFO PERFORMANCE:|2|2|0|-1|-1|0|0

2025-12-21 10:10:54,288 INFO Task worker status: 
naming_0%2, pending tasks: 0
naming_1%2, pending tasks: 0


2025-12-21 10:10:54,299 INFO DISTRO:|0|0|0|

2025-12-21 10:11:54,301 INFO PERFORMANCE:|4|4|0|-1|-1|0|0

2025-12-21 10:11:54,303 INFO Task worker status: 
naming_0%2, pending tasks: 0
naming_1%2, pending tasks: 0


2025-12-21 10:11:54,303 INFO DISTRO:|0|0|0|

2025-12-21 10:12:54,311 INFO PERFORMANCE:|4|4|0|-1|-1|0|0

2025-12-21 10:12:54,316 INFO Task worker status: 
naming_0%2, pending tasks: 0
naming_1%2, pending tasks: 0


2025-12-21 10:12:54,322 INFO DISTRO:|0|0|0|

2025-12-21 10:13:54,324 INFO PERFORMANCE:|4|4|0|-1|-1|0|0

2025-12-21 10:13:54,327 INFO Task worker status: 
naming_0%2, pending tasks: 0
naming_1%2, pending tasks: 0


2025-12-21 10:13:54,327 INFO DISTRO:|0|0|0|

2025-12-21 10:14:54,331 INFO PERFORMANCE:|4|4|1|1445|1445|1|0

2025-12-21 10:14:54,337 INFO Task worker status: 
naming_0%2, pending tasks: 0
naming_1%2, pending tasks: 0


2025-12-21 10:14:54,339 INFO DISTRO:|0|0|0|

2025-12-21 10:15:54,344 INFO PERFORMANCE:|4|4|1|-1|-1|1|0

2025-12-21 10:15:54,347 INFO Task worker status: 
naming_0%2, pending tasks: 0
naming_1%2, pending tasks: 0


2025-12-21 10:15:54,350 INFO DISTRO:|0|0|0|

2025-12-21 10:16:54,352 INFO PERFORMANCE:|serviceCount|ipCount|subscribeCount|maxPushCost|avgPushCost|totalPushCount|failPushCount

2025-12-21 10:16:54,364 INFO DISTRO:|V1SyncDone|V1SyncFail|V2SyncDone|V2SyncFail|V2VerifyFail|

2025-12-21 10:16:54,367 INFO PERFORMANCE:|4|4|1|-1|-1|1|0

2025-12-21 10:16:54,370 INFO Task worker status: 
naming_0%2, pending tasks: 0
naming_1%2, pending tasks: 0


2025-12-21 10:16:54,379 INFO DISTRO:|0|0|0|

2025-12-21 10:17:54,379 INFO PERFORMANCE:|4|4|1|-1|-1|1|0

2025-12-21 10:17:54,385 INFO Task worker status: 
naming_0%2, pending tasks: 0
naming_1%2, pending tasks: 0


2025-12-21 10:17:54,387 INFO DISTRO:|0|0|0|

2025-12-21 10:29:06,194 INFO PERFORMANCE:|serviceCount|ipCount|subscribeCount|maxPushCost|avgPushCost|totalPushCount|failPushCount

2025-12-21 10:29:06,202 INFO DISTRO:|V1SyncDone|V1SyncFail|V2SyncDone|V2SyncFail|V2VerifyFail|

2025-12-21 10:29:06,235 INFO PERFORMANCE:|0|0|0|-1|-1|0|0

2025-12-21 10:29:06,256 INFO Task worker status: 
naming_0%2, pending tasks: 0
naming_1%2, pending tasks: 0


2025-12-21 10:29:06,272 INFO DISTRO:|0|0|0|

2025-12-21 10:30:06,283 INFO PERFORMANCE:|0|0|0|-1|-1|0|0

2025-12-21 10:30:06,296 INFO Task worker status: 
naming_0%2, pending tasks: 0
naming_1%2, pending tasks: 0


2025-12-21 10:30:06,305 INFO DISTRO:|0|0|0|

2025-12-21 10:31:06,314 INFO PERFORMANCE:|0|0|0|-1|-1|0|0

2025-12-21 10:31:06,321 INFO Task worker status: 
naming_0%2, pending tasks: 0
naming_1%2, pending tasks: 0


2025-12-21 10:31:06,324 INFO DISTRO:|0|0|0|

2025-12-21 10:32:06,330 INFO PERFORMANCE:|0|0|0|-1|-1|0|0

2025-12-21 10:32:06,332 INFO Task worker status: 
naming_0%2, pending tasks: 0
naming_1%2, pending tasks: 0


2025-12-21 10:32:06,334 INFO DISTRO:|0|0|0|

2025-12-21 10:33:06,346 INFO PERFORMANCE:|2|2|0|-1|-1|0|0

2025-12-21 10:33:06,356 INFO Task worker status: 
naming_0%2, pending tasks: 0
naming_1%2, pending tasks: 0


2025-12-21 10:33:06,358 INFO DISTRO:|0|0|0|

2025-12-21 10:34:06,360 INFO PERFORMANCE:|4|4|0|-1|-1|0|0

2025-12-21 10:34:06,363 INFO Task worker status: 
naming_0%2, pending tasks: 0
naming_1%2, pending tasks: 0


2025-12-21 10:34:06,363 INFO DISTRO:|0|0|0|

2025-12-21 10:35:06,366 INFO PERFORMANCE:|4|4|0|-1|-1|0|0

2025-12-21 10:35:06,370 INFO Task worker status: 
naming_0%2, pending tasks: 0
naming_1%2, pending tasks: 0


2025-12-21 10:35:06,371 INFO DISTRO:|0|0|0|

2025-12-21 10:36:06,373 INFO PERFORMANCE:|4|4|0|-1|-1|0|0

2025-12-21 10:36:06,374 INFO Task worker status: 
naming_0%2, pending tasks: 0
naming_1%2, pending tasks: 0


2025-12-21 10:36:06,376 INFO DISTRO:|0|0|0|

2025-12-21 10:37:06,381 INFO PERFORMANCE:|4|4|0|-1|-1|0|0

2025-12-21 10:37:06,383 INFO Task worker status: 
naming_0%2, pending tasks: 0
naming_1%2, pending tasks: 0


2025-12-21 10:37:06,385 INFO DISTRO:|0|0|0|

2025-12-21 10:38:06,389 INFO PERFORMANCE:|4|4|0|-1|-1|0|0

2025-12-21 10:38:06,391 INFO Task worker status: 
naming_0%2, pending tasks: 0
naming_1%2, pending tasks: 0


2025-12-21 10:38:06,391 INFO DISTRO:|0|0|0|

2025-12-21 10:39:06,392 INFO PERFORMANCE:|serviceCount|ipCount|subscribeCount|maxPushCost|avgPushCost|totalPushCount|failPushCount

2025-12-21 10:39:06,401 INFO DISTRO:|V1SyncDone|V1SyncFail|V2SyncDone|V2SyncFail|V2VerifyFail|

2025-12-21 10:39:06,404 INFO PERFORMANCE:|4|4|0|-1|-1|0|0

2025-12-21 10:39:06,404 INFO Task worker status: 
naming_0%2, pending tasks: 0
naming_1%2, pending tasks: 0


2025-12-21 10:39:06,406 INFO DISTRO:|0|0|0|

2025-12-21 10:40:06,412 INFO PERFORMANCE:|4|4|1|795|795|1|0

2025-12-21 10:40:06,414 INFO Task worker status: 
naming_0%2, pending tasks: 0
naming_1%2, pending tasks: 0


2025-12-21 10:40:06,416 INFO DISTRO:|0|0|0|

2025-12-21 10:41:06,427 INFO PERFORMANCE:|4|4|1|-1|-1|1|0

2025-12-21 10:41:06,465 INFO Task worker status: 
naming_0%2, pending tasks: 0
naming_1%2, pending tasks: 0


2025-12-21 10:41:06,475 INFO DISTRO:|0|0|0|

2025-12-21 10:42:06,480 INFO PERFORMANCE:|4|4|1|-1|-1|1|0

2025-12-21 10:42:06,483 INFO Task worker status: 
naming_0%2, pending tasks: 0
naming_1%2, pending tasks: 0


2025-12-21 10:42:06,483 INFO DISTRO:|0|0|0|

2025-12-21 10:43:06,486 INFO PERFORMANCE:|4|4|1|-1|-1|1|0

2025-12-21 10:43:06,488 INFO Task worker status: 
naming_0%2, pending tasks: 0
naming_1%2, pending tasks: 0


2025-12-21 10:43:06,490 INFO DISTRO:|0|0|0|

2025-12-21 10:44:06,493 INFO PERFORMANCE:|4|4|1|-1|-1|1|0

2025-12-21 10:44:06,498 INFO Task worker status: 
naming_0%2, pending tasks: 0
naming_1%2, pending tasks: 0


2025-12-21 10:44:06,499 INFO DISTRO:|0|0|0|

2025-12-21 10:45:06,514 INFO PERFORMANCE:|4|4|1|-1|-1|1|0

2025-12-21 10:45:06,538 INFO Task worker status: 
naming_0%2, pending tasks: 0
naming_1%2, pending tasks: 0


2025-12-21 10:45:06,547 INFO DISTRO:|0|0|0|

2025-12-21 10:46:06,550 INFO PERFORMANCE:|4|3|0|-1|-1|1|0

2025-12-21 10:46:06,559 INFO Task worker status: 
naming_0%2, pending tasks: 0
naming_1%2, pending tasks: 0


2025-12-21 10:46:06,560 INFO DISTRO:|0|0|0|

2025-12-21 10:47:06,564 INFO PERFORMANCE:|4|3|0|-1|-1|1|0

2025-12-21 10:47:06,571 INFO Task worker status: 
naming_0%2, pending tasks: 0
naming_1%2, pending tasks: 0


2025-12-21 10:47:06,579 INFO DISTRO:|0|0|0|

2025-12-21 10:48:06,580 INFO PERFORMANCE:|3|3|0|-1|-1|1|0

2025-12-21 10:48:06,588 INFO Task worker status: 
naming_0%2, pending tasks: 0
naming_1%2, pending tasks: 0


2025-12-21 10:48:06,590 INFO DISTRO:|0|0|0|

2025-12-21 10:59:17,263 INFO PERFORMANCE:|serviceCount|ipCount|subscribeCount|maxPushCost|avgPushCost|totalPushCount|failPushCount

2025-12-21 10:59:17,270 INFO DISTRO:|V1SyncDone|V1SyncFail|V2SyncDone|V2SyncFail|V2VerifyFail|

2025-12-21 10:59:17,281 INFO PERFORMANCE:|0|0|0|-1|-1|0|0

2025-12-21 10:59:17,326 INFO Task worker status: 
naming_0%2, pending tasks: 0
naming_1%2, pending tasks: 0


2025-12-21 10:59:17,355 INFO DISTRO:|0|0|0|

2025-12-21 11:00:17,363 INFO PERFORMANCE:|0|0|0|-1|-1|0|0

2025-12-21 11:00:17,375 INFO Task worker status: 
naming_0%2, pending tasks: 0
naming_1%2, pending tasks: 0


2025-12-21 11:00:17,400 INFO DISTRO:|0|0|0|

2025-12-21 11:01:17,411 INFO PERFORMANCE:|0|0|0|-1|-1|0|0

2025-12-21 11:01:17,414 INFO Task worker status: 
naming_0%2, pending tasks: 0
naming_1%2, pending tasks: 0


2025-12-21 11:01:17,427 INFO DISTRO:|0|0|0|

2025-12-21 11:02:17,435 INFO PERFORMANCE:|0|0|0|-1|-1|0|0

2025-12-21 11:02:17,455 INFO Task worker status: 
naming_0%2, pending tasks: 0
naming_1%2, pending tasks: 0


2025-12-21 11:02:17,461 INFO DISTRO:|0|0|0|

2025-12-21 11:03:17,466 INFO PERFORMANCE:|1|1|0|-1|-1|0|0

2025-12-21 11:03:17,471 INFO Task worker status: 
naming_0%2, pending tasks: 0
naming_1%2, pending tasks: 0


2025-12-21 11:03:17,481 INFO DISTRO:|0|0|0|

2025-12-21 11:04:17,481 INFO PERFORMANCE:|3|3|0|-1|-1|0|0

2025-12-21 11:04:17,483 INFO Task worker status: 
naming_0%2, pending tasks: 0
naming_1%2, pending tasks: 0


2025-12-21 11:04:17,483 INFO DISTRO:|0|0|0|

2025-12-21 11:05:17,484 INFO PERFORMANCE:|4|4|0|-1|-1|0|0

2025-12-21 11:05:17,491 INFO Task worker status: 
naming_0%2, pending tasks: 0
naming_1%2, pending tasks: 0


2025-12-21 11:05:17,497 INFO DISTRO:|0|0|0|

2025-12-21 11:06:17,499 INFO PERFORMANCE:|4|4|0|-1|-1|0|0

2025-12-21 11:06:17,503 INFO Task worker status: 
naming_0%2, pending tasks: 0
naming_1%2, pending tasks: 0


2025-12-21 11:06:17,503 INFO DISTRO:|0|0|0|

2025-12-21 11:07:17,505 INFO PERFORMANCE:|4|4|1|1623|1623|1|0

2025-12-21 11:07:17,507 INFO Task worker status: 
naming_0%2, pending tasks: 0
naming_1%2, pending tasks: 0


2025-12-21 11:07:17,511 INFO DISTRO:|0|0|0|

2025-12-21 11:08:17,512 INFO PERFORMANCE:|4|4|1|-1|-1|1|0

2025-12-21 11:08:17,520 INFO Task worker status: 
naming_0%2, pending tasks: 0
naming_1%2, pending tasks: 0


2025-12-21 11:08:17,520 INFO DISTRO:|0|0|0|

2025-12-21 11:09:17,530 INFO PERFORMANCE:|serviceCount|ipCount|subscribeCount|maxPushCost|avgPushCost|totalPushCount|failPushCount

2025-12-21 11:09:17,541 INFO DISTRO:|V1SyncDone|V1SyncFail|V2SyncDone|V2SyncFail|V2VerifyFail|

2025-12-21 11:09:17,547 INFO PERFORMANCE:|4|4|1|-1|-1|1|0

2025-12-21 11:09:17,549 INFO Task worker status: 
naming_0%2, pending tasks: 0
naming_1%2, pending tasks: 0


2025-12-21 11:09:17,550 INFO DISTRO:|0|0|0|

2025-12-21 11:10:17,553 INFO PERFORMANCE:|4|4|2|1386|1386|2|0

2025-12-21 11:10:17,555 INFO Task worker status: 
naming_0%2, pending tasks: 0
naming_1%2, pending tasks: 0


2025-12-21 11:10:17,563 INFO DISTRO:|0|0|0|

2025-12-21 11:11:17,571 INFO PERFORMANCE:|4|4|2|-1|-1|2|0

2025-12-21 11:11:17,577 INFO Task worker status: 
naming_0%2, pending tasks: 0
naming_1%2, pending tasks: 0


2025-12-21 11:11:17,578 INFO DISTRO:|0|0|0|

2025-12-21 11:12:17,579 INFO PERFORMANCE:|4|4|2|-1|-1|2|0

2025-12-21 11:12:17,584 INFO Task worker status: 
naming_0%2, pending tasks: 0
naming_1%2, pending tasks: 0


2025-12-21 11:12:17,584 INFO DISTRO:|0|0|0|

2025-12-21 11:13:17,600 INFO PERFORMANCE:|4|4|2|-1|-1|2|0

2025-12-21 11:13:17,628 INFO Task worker status: 
naming_0%2, pending tasks: 0
naming_1%2, pending tasks: 0


2025-12-21 11:13:17,633 INFO DISTRO:|0|0|0|

2025-12-21 11:14:17,633 INFO PERFORMANCE:|4|4|2|-1|-1|2|0

2025-12-21 11:14:17,639 INFO Task worker status: 
naming_0%2, pending tasks: 0
naming_1%2, pending tasks: 0


2025-12-21 11:14:17,640 INFO DISTRO:|0|0|0|

2025-12-21 11:15:17,648 INFO PERFORMANCE:|4|0|0|-1|-1|2|0

2025-12-21 11:15:17,652 INFO Task worker status: 
naming_0%2, pending tasks: 0
naming_1%2, pending tasks: 0


2025-12-21 11:15:17,653 INFO DISTRO:|0|0|0|

2025-12-21 11:22:31,951 INFO PERFORMANCE:|serviceCount|ipCount|subscribeCount|maxPushCost|avgPushCost|totalPushCount|failPushCount

2025-12-21 11:22:31,963 INFO DISTRO:|V1SyncDone|V1SyncFail|V2SyncDone|V2SyncFail|V2VerifyFail|

2025-12-21 11:22:31,996 INFO PERFORMANCE:|0|0|0|-1|-1|0|0

2025-12-21 11:22:32,029 INFO Task worker status: 
naming_0%2, pending tasks: 0
naming_1%2, pending tasks: 0


2025-12-21 11:22:32,046 INFO DISTRO:|0|0|0|

2025-12-21 11:23:32,047 INFO PERFORMANCE:|0|0|0|-1|-1|0|0

2025-12-21 11:23:32,073 INFO Task worker status: 
naming_0%2, pending tasks: 0
naming_1%2, pending tasks: 0


2025-12-21 11:23:32,078 INFO DISTRO:|0|0|0|

2025-12-21 11:24:32,093 INFO PERFORMANCE:|0|0|0|-1|-1|0|0

2025-12-21 11:24:32,098 INFO Task worker status: 
naming_0%2, pending tasks: 0
naming_1%2, pending tasks: 0


2025-12-21 11:24:32,105 INFO DISTRO:|0|0|0|

2025-12-21 11:25:32,115 INFO PERFORMANCE:|0|0|0|-1|-1|0|0

2025-12-21 11:25:32,117 INFO Task worker status: 
naming_0%2, pending tasks: 0
naming_1%2, pending tasks: 0


2025-12-21 11:25:32,117 INFO DISTRO:|0|0|0|

2025-12-21 11:26:32,120 INFO PERFORMANCE:|1|1|0|-1|-1|0|0

2025-12-21 11:26:32,128 INFO Task worker status: 
naming_0%2, pending tasks: 0
naming_1%2, pending tasks: 0


2025-12-21 11:26:32,130 INFO DISTRO:|0|0|0|

2025-12-21 11:27:32,131 INFO PERFORMANCE:|3|3|0|-1|-1|0|0

2025-12-21 11:27:32,171 INFO Task worker status: 
naming_0%2, pending tasks: 0
naming_1%2, pending tasks: 0


2025-12-21 11:27:32,173 INFO DISTRO:|0|0|0|

2025-12-21 11:28:32,185 INFO PERFORMANCE:|4|4|0|-1|-1|0|0

2025-12-21 11:28:32,192 INFO Task worker status: 
naming_0%2, pending tasks: 0
naming_1%2, pending tasks: 0


2025-12-21 11:28:32,194 INFO DISTRO:|0|0|0|

2025-12-21 11:29:32,195 INFO PERFORMANCE:|4|4|0|-1|-1|0|0

2025-12-21 11:29:32,199 INFO Task worker status: 
naming_0%2, pending tasks: 0
naming_1%2, pending tasks: 0


2025-12-21 11:29:32,206 INFO DISTRO:|0|0|0|

2025-12-21 11:30:32,216 INFO PERFORMANCE:|4|4|0|-1|-1|0|0

2025-12-21 11:30:32,224 INFO Task worker status: 
naming_0%2, pending tasks: 0
naming_1%2, pending tasks: 0


2025-12-21 11:30:32,229 INFO DISTRO:|0|0|0|

2025-12-21 11:31:32,233 INFO PERFORMANCE:|4|4|1|1117|1117|1|0

2025-12-21 11:31:32,243 INFO Task worker status: 
naming_0%2, pending tasks: 0
naming_1%2, pending tasks: 0


2025-12-21 11:31:32,248 INFO DISTRO:|0|0|0|

2025-12-21 11:32:32,553 INFO PERFORMANCE:|serviceCount|ipCount|subscribeCount|maxPushCost|avgPushCost|totalPushCount|failPushCount

2025-12-21 11:32:32,622 INFO DISTRO:|V1SyncDone|V1SyncFail|V2SyncDone|V2SyncFail|V2VerifyFail|

2025-12-21 11:32:32,648 INFO PERFORMANCE:|4|4|1|-1|-1|1|0

2025-12-21 11:32:32,654 INFO Task worker status: 
naming_0%2, pending tasks: 0
naming_1%2, pending tasks: 0


2025-12-21 11:32:32,669 INFO DISTRO:|0|0|0|

2025-12-21 11:33:32,687 INFO PERFORMANCE:|4|4|1|-1|-1|1|0

2025-12-21 11:33:32,697 INFO Task worker status: 
naming_0%2, pending tasks: 0
naming_1%2, pending tasks: 0


2025-12-21 11:33:32,705 INFO DISTRO:|0|0|0|

2025-12-21 11:34:32,713 INFO PERFORMANCE:|4|4|1|-1|-1|1|0

2025-12-21 11:34:32,716 INFO Task worker status: 
naming_0%2, pending tasks: 0
naming_1%2, pending tasks: 0


2025-12-21 11:34:32,723 INFO DISTRO:|0|0|0|

2025-12-21 11:35:32,725 INFO PERFORMANCE:|4|4|1|-1|-1|1|0

2025-12-21 11:35:32,728 INFO Task worker status: 
naming_0%2, pending tasks: 0
naming_1%2, pending tasks: 0


2025-12-21 11:35:32,729 INFO DISTRO:|0|0|0|

2025-12-21 11:36:32,731 INFO PERFORMANCE:|4|4|1|-1|-1|1|0

2025-12-21 11:36:32,733 INFO Task worker status: 
naming_0%2, pending tasks: 0
naming_1%2, pending tasks: 0


2025-12-21 11:36:32,737 INFO DISTRO:|0|0|0|

2025-12-21 11:37:32,738 INFO PERFORMANCE:|4|4|1|-1|-1|1|0

2025-12-21 11:37:32,741 INFO Task worker status: 
naming_0%2, pending tasks: 0
naming_1%2, pending tasks: 0


2025-12-21 11:37:32,743 INFO DISTRO:|0|0|0|

2025-12-21 11:48:28,984 INFO PERFORMANCE:|serviceCount|ipCount|subscribeCount|maxPushCost|avgPushCost|totalPushCount|failPushCount

2025-12-21 11:48:29,010 INFO DISTRO:|V1SyncDone|V1SyncFail|V2SyncDone|V2SyncFail|V2VerifyFail|

2025-12-21 11:48:29,053 INFO PERFORMANCE:|0|0|0|-1|-1|0|0

2025-12-21 11:48:29,117 INFO Task worker status: 
naming_0%2, pending tasks: 0
naming_1%2, pending tasks: 0


2025-12-21 11:48:29,148 INFO DISTRO:|0|0|0|

2025-12-21 11:49:29,171 INFO PERFORMANCE:|0|0|0|-1|-1|0|0

2025-12-21 11:49:29,182 INFO Task worker status: 
naming_0%2, pending tasks: 0
naming_1%2, pending tasks: 0


2025-12-21 11:49:29,187 INFO DISTRO:|0|0|0|

2025-12-21 11:50:29,200 INFO PERFORMANCE:|0|0|0|-1|-1|0|0

2025-12-21 11:50:29,202 INFO Task worker status: 
naming_0%2, pending tasks: 0
naming_1%2, pending tasks: 0


2025-12-21 11:50:29,204 INFO DISTRO:|0|0|0|

2025-12-21 11:51:29,204 INFO PERFORMANCE:|0|0|0|-1|-1|0|0

2025-12-21 11:51:29,215 INFO Task worker status: 
naming_0%2, pending tasks: 0
naming_1%2, pending tasks: 0


2025-12-21 11:51:29,215 INFO DISTRO:|0|0|0|

2025-12-21 11:52:29,220 INFO PERFORMANCE:|3|3|0|-1|-1|0|0

2025-12-21 11:52:29,221 INFO Task worker status: 
naming_0%2, pending tasks: 0
naming_1%2, pending tasks: 0


2025-12-21 11:52:29,225 INFO DISTRO:|0|0|0|

2025-12-21 11:53:29,227 INFO PERFORMANCE:|4|4|0|-1|-1|0|0

2025-12-21 11:53:29,230 INFO Task worker status: 
naming_0%2, pending tasks: 0
naming_1%2, pending tasks: 0


2025-12-21 11:53:29,231 INFO DISTRO:|0|0|0|

2025-12-21 11:54:29,239 INFO PERFORMANCE:|4|4|0|-1|-1|0|0

2025-12-21 11:54:29,243 INFO Task worker status: 
naming_0%2, pending tasks: 0
naming_1%2, pending tasks: 0


2025-12-21 11:54:29,249 INFO DISTRO:|0|0|0|

2025-12-21 11:55:29,251 INFO PERFORMANCE:|4|4|1|1335|1335|1|0

2025-12-21 11:55:29,277 INFO Task worker status: 
naming_0%2, pending tasks: 0
naming_1%2, pending tasks: 0


2025-12-21 11:55:29,289 INFO DISTRO:|0|0|0|

2025-12-21 11:56:29,297 INFO PERFORMANCE:|4|4|1|-1|-1|1|0

2025-12-21 11:56:29,300 INFO Task worker status: 
naming_0%2, pending tasks: 0
naming_1%2, pending tasks: 0


2025-12-21 11:56:29,312 INFO DISTRO:|0|0|0|

2025-12-21 11:57:29,314 INFO PERFORMANCE:|4|4|1|-1|-1|1|0

2025-12-21 11:57:29,317 INFO Task worker status: 
naming_0%2, pending tasks: 0
naming_1%2, pending tasks: 0


2025-12-21 11:57:29,317 INFO DISTRO:|0|0|0|

2025-12-21 11:58:29,320 INFO PERFORMANCE:|serviceCount|ipCount|subscribeCount|maxPushCost|avgPushCost|totalPushCount|failPushCount

2025-12-21 11:58:29,329 INFO DISTRO:|V1SyncDone|V1SyncFail|V2SyncDone|V2SyncFail|V2VerifyFail|

2025-12-21 11:58:29,334 INFO PERFORMANCE:|4|4|2|1099|1099|2|0

2025-12-21 11:58:29,334 INFO Task worker status: 
naming_0%2, pending tasks: 0
naming_1%2, pending tasks: 0


2025-12-21 11:58:29,343 INFO DISTRO:|0|0|0|

2025-12-21 11:59:29,344 INFO PERFORMANCE:|4|4|2|-1|-1|2|0

2025-12-21 11:59:29,348 INFO Task worker status: 
naming_0%2, pending tasks: 0
naming_1%2, pending tasks: 0


2025-12-21 11:59:29,352 INFO DISTRO:|0|0|0|

2025-12-21 12:00:29,354 INFO PERFORMANCE:|4|4|2|-1|-1|2|0

2025-12-21 12:00:29,356 INFO Task worker status: 
naming_0%2, pending tasks: 0
naming_1%2, pending tasks: 0


2025-12-21 12:00:29,357 INFO DISTRO:|0|0|0|

2025-12-21 12:01:29,360 INFO PERFORMANCE:|4|3|2|645|645|3|0

2025-12-21 12:01:29,365 INFO Task worker status: 
naming_0%2, pending tasks: 0
naming_1%2, pending tasks: 0


2025-12-21 12:01:29,365 INFO DISTRO:|0|0|0|

2025-12-21 12:02:29,397 INFO PERFORMANCE:|3|3|2|-1|-1|3|0

2025-12-21 12:02:29,414 INFO Task worker status: 
naming_0%2, pending tasks: 0
naming_1%2, pending tasks: 0


2025-12-21 12:02:29,451 INFO DISTRO:|0|0|0|

2025-12-21 12:03:29,459 INFO PERFORMANCE:|3|3|2|-1|-1|3|0

2025-12-21 12:03:29,493 INFO Task worker status: 
naming_0%2, pending tasks: 0
naming_1%2, pending tasks: 0


2025-12-21 12:03:29,501 INFO DISTRO:|0|0|0|

2025-12-21 12:04:29,508 INFO PERFORMANCE:|3|3|2|-1|-1|3|0

2025-12-21 12:04:29,518 INFO Task worker status: 
naming_0%2, pending tasks: 0
naming_1%2, pending tasks: 0


2025-12-21 12:04:29,529 INFO DISTRO:|0|0|0|

2025-12-21 12:05:29,534 INFO PERFORMANCE:|4|4|2|782|782|4|0

2025-12-21 12:05:29,536 INFO Task worker status: 
naming_0%2, pending tasks: 0
naming_1%2, pending tasks: 0


2025-12-21 12:05:29,536 INFO DISTRO:|0|0|0|

2025-12-21 12:06:29,541 INFO PERFORMANCE:|4|4|2|-1|-1|4|0

2025-12-21 12:06:29,547 INFO Task worker status: 
naming_0%2, pending tasks: 0
naming_1%2, pending tasks: 0


2025-12-21 12:06:29,549 INFO DISTRO:|0|0|0|

2025-12-21 12:07:29,557 INFO PERFORMANCE:|4|4|2|-1|-1|4|0

2025-12-21 12:07:29,559 INFO Task worker status: 
naming_0%2, pending tasks: 0
naming_1%2, pending tasks: 0


2025-12-21 12:07:29,560 INFO DISTRO:|0|0|0|

2025-12-21 12:08:29,563 INFO PERFORMANCE:|serviceCount|ipCount|subscribeCount|maxPushCost|avgPushCost|totalPushCount|failPushCount

2025-12-21 12:08:29,568 INFO DISTRO:|V1SyncDone|V1SyncFail|V2SyncDone|V2SyncFail|V2VerifyFail|

2025-12-21 12:08:29,574 INFO PERFORMANCE:|4|4|2|-1|-1|4|0

2025-12-21 12:08:29,574 INFO Task worker status: 
naming_0%2, pending tasks: 0
naming_1%2, pending tasks: 0


2025-12-21 12:08:29,578 INFO DISTRO:|0|0|0|

2025-12-21 12:09:29,581 INFO PERFORMANCE:|4|1|0|802|802|5|0

2025-12-21 12:09:29,593 INFO Task worker status: 
naming_0%2, pending tasks: 0
naming_1%2, pending tasks: 0


2025-12-21 12:09:29,596 INFO DISTRO:|0|0|0|

