2025-12-20 15:43:16,487 INFO [SelectorManager] Load SelectorContextBuilder(class com.alibaba.nacos.naming.selector.context.CmdbSelectorContextBuilder) contextType(CMDB) successfully.

2025-12-20 15:43:16,507 INFO [SelectorManager] Load SelectorContextBuilder(class com.alibaba.nacos.naming.selector.context.NoneSelectorContextBuilder) contextType(NONE) successfully.

2025-12-20 15:43:16,553 INFO [SelectorManager] Load Selector(class com.alibaba.nacos.naming.selector.LabelSelector) type(label) contextType(CMDB) successfully.

2025-12-20 15:43:16,565 INFO [SelectorManager] Load Selector(class com.alibaba.nacos.naming.selector.NoneSelector) type(none) contextType(NONE) successfully.

2025-12-20 15:44:24,350 INFO Load instance extension handler []

2025-12-20 15:54:05,033 INFO [NamingServerHttpClientManager] Start destroying HTTP-Client

2025-12-20 15:54:05,665 INFO [NamingServerHttpClientManager] Completed destruction of HTTP-Client

2025-12-20 15:54:06,472 ERROR [HEALTH-CHECK-V2] error while processing NIO task

java.lang.InterruptedException: null
	at java.base/java.util.concurrent.locks.AbstractQueuedSynchronizer$ConditionObject.awaitNanos(AbstractQueuedSynchronizer.java:1686)
	at java.base/java.util.concurrent.LinkedBlockingQueue.poll(LinkedBlockingQueue.java:460)
	at com.alibaba.nacos.naming.healthcheck.v2.processor.TcpHealthCheckProcessor.processTask(TcpHealthCheckProcessor.java:122)
	at com.alibaba.nacos.naming.healthcheck.v2.processor.TcpHealthCheckProcessor.run(TcpHealthCheckProcessor.java:139)
	at java.base/java.util.concurrent.Executors$RunnableAdapter.call(Executors.java:539)
	at java.base/java.util.concurrent.FutureTask.run(FutureTask.java:264)
	at java.base/java.util.concurrent.ThreadPoolExecutor.runWorker(ThreadPoolExecutor.java:1136)
	at java.base/java.util.concurrent.ThreadPoolExecutor$Worker.run(ThreadPoolExecutor.java:635)
	at java.base/java.lang.Thread.run(Thread.java:840)
2025-12-20 15:59:52,420 INFO [SelectorManager] Load SelectorContextBuilder(class com.alibaba.nacos.naming.selector.context.CmdbSelectorContextBuilder) contextType(CMDB) successfully.

2025-12-20 15:59:52,420 INFO [SelectorManager] Load SelectorContextBuilder(class com.alibaba.nacos.naming.selector.context.NoneSelectorContextBuilder) contextType(NONE) successfully.

2025-12-20 15:59:52,434 INFO [SelectorManager] Load Selector(class com.alibaba.nacos.naming.selector.LabelSelector) type(label) contextType(CMDB) successfully.

2025-12-20 15:59:52,434 INFO [SelectorManager] Load Selector(class com.alibaba.nacos.naming.selector.NoneSelector) type(none) contextType(NONE) successfully.

2025-12-20 16:01:26,419 INFO Load instance extension handler []

2025-12-20 16:13:34,279 INFO [NamingServerHttpClientManager] Start destroying HTTP-Client

2025-12-20 16:13:34,967 INFO [NamingServerHttpClientManager] Completed destruction of HTTP-Client

2025-12-20 16:13:35,547 ERROR [HEALTH-CHECK-V2] error while processing NIO task

java.lang.InterruptedException: null
	at java.base/java.util.concurrent.locks.AbstractQueuedSynchronizer$ConditionObject.awaitNanos(AbstractQueuedSynchronizer.java:1686)
	at java.base/java.util.concurrent.LinkedBlockingQueue.poll(LinkedBlockingQueue.java:460)
	at com.alibaba.nacos.naming.healthcheck.v2.processor.TcpHealthCheckProcessor.processTask(TcpHealthCheckProcessor.java:122)
	at com.alibaba.nacos.naming.healthcheck.v2.processor.TcpHealthCheckProcessor.run(TcpHealthCheckProcessor.java:139)
	at java.base/java.util.concurrent.Executors$RunnableAdapter.call(Executors.java:539)
	at java.base/java.util.concurrent.FutureTask.run(FutureTask.java:264)
	at java.base/java.util.concurrent.ThreadPoolExecutor.runWorker(ThreadPoolExecutor.java:1136)
	at java.base/java.util.concurrent.ThreadPoolExecutor$Worker.run(ThreadPoolExecutor.java:635)
	at java.base/java.lang.Thread.run(Thread.java:840)
2025-12-20 16:20:08,775 INFO [SelectorManager] Load SelectorContextBuilder(class com.alibaba.nacos.naming.selector.context.CmdbSelectorContextBuilder) contextType(CMDB) successfully.

2025-12-20 16:20:08,789 INFO [SelectorManager] Load SelectorContextBuilder(class com.alibaba.nacos.naming.selector.context.NoneSelectorContextBuilder) contextType(NONE) successfully.

2025-12-20 16:20:08,792 INFO [SelectorManager] Load Selector(class com.alibaba.nacos.naming.selector.LabelSelector) type(label) contextType(CMDB) successfully.

2025-12-20 16:20:08,792 INFO [SelectorManager] Load Selector(class com.alibaba.nacos.naming.selector.NoneSelector) type(none) contextType(NONE) successfully.

2025-12-20 16:21:00,762 INFO Load instance extension handler []

2025-12-20 16:34:33,949 INFO [NamingServerHttpClientManager] Start destroying HTTP-Client

2025-12-20 16:34:34,375 INFO [NamingServerHttpClientManager] Completed destruction of HTTP-Client

2025-12-20 16:34:34,858 ERROR [HEALTH-CHECK-V2] error while processing NIO task

java.lang.InterruptedException: null
	at java.base/java.util.concurrent.locks.AbstractQueuedSynchronizer$ConditionObject.awaitNanos(AbstractQueuedSynchronizer.java:1686)
	at java.base/java.util.concurrent.LinkedBlockingQueue.poll(LinkedBlockingQueue.java:460)
	at com.alibaba.nacos.naming.healthcheck.v2.processor.TcpHealthCheckProcessor.processTask(TcpHealthCheckProcessor.java:122)
	at com.alibaba.nacos.naming.healthcheck.v2.processor.TcpHealthCheckProcessor.run(TcpHealthCheckProcessor.java:139)
	at java.base/java.util.concurrent.Executors$RunnableAdapter.call(Executors.java:539)
	at java.base/java.util.concurrent.FutureTask.run(FutureTask.java:264)
	at java.base/java.util.concurrent.ThreadPoolExecutor.runWorker(ThreadPoolExecutor.java:1136)
	at java.base/java.util.concurrent.ThreadPoolExecutor$Worker.run(ThreadPoolExecutor.java:635)
	at java.base/java.lang.Thread.run(Thread.java:840)
2025-12-20 16:39:41,522 INFO [SelectorManager] Load SelectorContextBuilder(class com.alibaba.nacos.naming.selector.context.CmdbSelectorContextBuilder) contextType(CMDB) successfully.

2025-12-20 16:39:41,522 INFO [SelectorManager] Load SelectorContextBuilder(class com.alibaba.nacos.naming.selector.context.NoneSelectorContextBuilder) contextType(NONE) successfully.

2025-12-20 16:39:41,567 INFO [SelectorManager] Load Selector(class com.alibaba.nacos.naming.selector.LabelSelector) type(label) contextType(CMDB) successfully.

2025-12-20 16:39:41,567 INFO [SelectorManager] Load Selector(class com.alibaba.nacos.naming.selector.NoneSelector) type(none) contextType(NONE) successfully.

2025-12-20 16:40:43,096 INFO Load instance extension handler []

2025-12-20 17:48:02,609 WARN [NamingServerHttpClientManager] Start destroying HTTP-Client

2025-12-20 17:48:05,213 ERROR [HEALTH-CHECK-V2] error while processing NIO task

java.lang.InterruptedException: null
	at java.util.concurrent.locks.AbstractQueuedSynchronizer$ConditionObject.reportInterruptAfterWait(AbstractQueuedSynchronizer.java:2014)
	at java.util.concurrent.locks.AbstractQueuedSynchronizer$ConditionObject.awaitNanos(AbstractQueuedSynchronizer.java:2088)
	at java.util.concurrent.LinkedBlockingQueue.poll(LinkedBlockingQueue.java:467)
	at com.alibaba.nacos.naming.healthcheck.v2.processor.TcpHealthCheckProcessor.processTask(TcpHealthCheckProcessor.java:122)
	at com.alibaba.nacos.naming.healthcheck.v2.processor.TcpHealthCheckProcessor.run(TcpHealthCheckProcessor.java:139)
	at java.util.concurrent.Executors$RunnableAdapter.call(Executors.java:511)
	at java.util.concurrent.FutureTask.run(FutureTask.java:266)
	at java.util.concurrent.ThreadPoolExecutor.runWorker(ThreadPoolExecutor.java:1149)
	at java.util.concurrent.ThreadPoolExecutor$Worker.run(ThreadPoolExecutor.java:624)
	at java.lang.Thread.run(Thread.java:750)
2025-12-20 17:48:05,825 WARN [NamingServerHttpClientManager] Destruction of the end

2025-12-20 19:14:38,108 INFO [SelectorManager] Load SelectorContextBuilder(class com.alibaba.nacos.naming.selector.context.CmdbSelectorContextBuilder) contextType(CMDB) successfully.

2025-12-20 19:14:38,108 INFO [SelectorManager] Load SelectorContextBuilder(class com.alibaba.nacos.naming.selector.context.NoneSelectorContextBuilder) contextType(NONE) successfully.

2025-12-20 19:14:38,117 INFO [SelectorManager] Load Selector(class com.alibaba.nacos.naming.selector.LabelSelector) type(label) contextType(CMDB) successfully.

2025-12-20 19:14:38,118 INFO [SelectorManager] Load Selector(class com.alibaba.nacos.naming.selector.NoneSelector) type(none) contextType(NONE) successfully.

2025-12-20 19:14:48,068 INFO Load instance extension handler []

2025-12-20 19:21:03,087 WARN [NamingServerHttpClientManager] Start destroying HTTP-Client

2025-12-20 19:21:03,405 WARN [NamingServerHttpClientManager] Destruction of the end

2025-12-20 19:21:03,645 ERROR [HEALTH-CHECK-V2] error while processing NIO task

java.lang.InterruptedException: null
	at java.util.concurrent.locks.AbstractQueuedSynchronizer$ConditionObject.reportInterruptAfterWait(AbstractQueuedSynchronizer.java:2014)
	at java.util.concurrent.locks.AbstractQueuedSynchronizer$ConditionObject.awaitNanos(AbstractQueuedSynchronizer.java:2088)
	at java.util.concurrent.LinkedBlockingQueue.poll(LinkedBlockingQueue.java:467)
	at com.alibaba.nacos.naming.healthcheck.v2.processor.TcpHealthCheckProcessor.processTask(TcpHealthCheckProcessor.java:122)
	at com.alibaba.nacos.naming.healthcheck.v2.processor.TcpHealthCheckProcessor.run(TcpHealthCheckProcessor.java:139)
	at java.util.concurrent.Executors$RunnableAdapter.call(Executors.java:511)
	at java.util.concurrent.FutureTask.run(FutureTask.java:266)
	at java.util.concurrent.ThreadPoolExecutor.runWorker(ThreadPoolExecutor.java:1149)
	at java.util.concurrent.ThreadPoolExecutor$Worker.run(ThreadPoolExecutor.java:624)
	at java.lang.Thread.run(Thread.java:750)
2025-12-20 19:23:48,098 INFO [SelectorManager] Load SelectorContextBuilder(class com.alibaba.nacos.naming.selector.context.CmdbSelectorContextBuilder) contextType(CMDB) successfully.

2025-12-20 19:23:48,099 INFO [SelectorManager] Load SelectorContextBuilder(class com.alibaba.nacos.naming.selector.context.NoneSelectorContextBuilder) contextType(NONE) successfully.

2025-12-20 19:23:48,106 INFO [SelectorManager] Load Selector(class com.alibaba.nacos.naming.selector.LabelSelector) type(label) contextType(CMDB) successfully.

2025-12-20 19:23:48,116 INFO [SelectorManager] Load Selector(class com.alibaba.nacos.naming.selector.NoneSelector) type(none) contextType(NONE) successfully.

2025-12-20 19:23:58,550 INFO Load instance extension handler []

2025-12-20 19:33:22,327 WARN [NamingServerHttpClientManager] Start destroying HTTP-Client

2025-12-20 19:33:22,668 ERROR [HEALTH-CHECK-V2] error while processing NIO task

java.lang.InterruptedException: null
	at java.util.concurrent.locks.AbstractQueuedSynchronizer$ConditionObject.reportInterruptAfterWait(AbstractQueuedSynchronizer.java:2014)
	at java.util.concurrent.locks.AbstractQueuedSynchronizer$ConditionObject.awaitNanos(AbstractQueuedSynchronizer.java:2088)
	at java.util.concurrent.LinkedBlockingQueue.poll(LinkedBlockingQueue.java:467)
	at com.alibaba.nacos.naming.healthcheck.v2.processor.TcpHealthCheckProcessor.processTask(TcpHealthCheckProcessor.java:122)
	at com.alibaba.nacos.naming.healthcheck.v2.processor.TcpHealthCheckProcessor.run(TcpHealthCheckProcessor.java:139)
	at java.util.concurrent.Executors$RunnableAdapter.call(Executors.java:511)
	at java.util.concurrent.FutureTask.run(FutureTask.java:266)
	at java.util.concurrent.ThreadPoolExecutor.runWorker(ThreadPoolExecutor.java:1149)
	at java.util.concurrent.ThreadPoolExecutor$Worker.run(ThreadPoolExecutor.java:624)
	at java.lang.Thread.run(Thread.java:750)
2025-12-20 19:33:22,689 WARN [NamingServerHttpClientManager] Destruction of the end

2025-12-20 19:41:31,284 INFO [SelectorManager] Load SelectorContextBuilder(class com.alibaba.nacos.naming.selector.context.CmdbSelectorContextBuilder) contextType(CMDB) successfully.

2025-12-20 19:41:31,286 INFO [SelectorManager] Load SelectorContextBuilder(class com.alibaba.nacos.naming.selector.context.NoneSelectorContextBuilder) contextType(NONE) successfully.

2025-12-20 19:41:31,290 INFO [SelectorManager] Load Selector(class com.alibaba.nacos.naming.selector.LabelSelector) type(label) contextType(CMDB) successfully.

2025-12-20 19:41:31,290 INFO [SelectorManager] Load Selector(class com.alibaba.nacos.naming.selector.NoneSelector) type(none) contextType(NONE) successfully.

2025-12-20 19:41:42,900 INFO Load instance extension handler []

2025-12-20 19:49:00,709 WARN [NamingServerHttpClientManager] Start destroying HTTP-Client

2025-12-20 19:49:00,973 WARN [NamingServerHttpClientManager] Destruction of the end

2025-12-20 19:49:01,245 ERROR [HEALTH-CHECK-V2] error while processing NIO task

java.lang.InterruptedException: null
	at java.util.concurrent.locks.AbstractQueuedSynchronizer$ConditionObject.reportInterruptAfterWait(AbstractQueuedSynchronizer.java:2014)
	at java.util.concurrent.locks.AbstractQueuedSynchronizer$ConditionObject.awaitNanos(AbstractQueuedSynchronizer.java:2088)
	at java.util.concurrent.LinkedBlockingQueue.poll(LinkedBlockingQueue.java:467)
	at com.alibaba.nacos.naming.healthcheck.v2.processor.TcpHealthCheckProcessor.processTask(TcpHealthCheckProcessor.java:122)
	at com.alibaba.nacos.naming.healthcheck.v2.processor.TcpHealthCheckProcessor.run(TcpHealthCheckProcessor.java:139)
	at java.util.concurrent.Executors$RunnableAdapter.call(Executors.java:511)
	at java.util.concurrent.FutureTask.run(FutureTask.java:266)
	at java.util.concurrent.ThreadPoolExecutor.runWorker(ThreadPoolExecutor.java:1149)
	at java.util.concurrent.ThreadPoolExecutor$Worker.run(ThreadPoolExecutor.java:624)
	at java.lang.Thread.run(Thread.java:750)
2025-12-20 20:15:05,248 INFO [SelectorManager] Load SelectorContextBuilder(class com.alibaba.nacos.naming.selector.context.CmdbSelectorContextBuilder) contextType(CMDB) successfully.

2025-12-20 20:15:05,275 INFO [SelectorManager] Load SelectorContextBuilder(class com.alibaba.nacos.naming.selector.context.NoneSelectorContextBuilder) contextType(NONE) successfully.

2025-12-20 20:15:05,323 INFO [SelectorManager] Load Selector(class com.alibaba.nacos.naming.selector.LabelSelector) type(label) contextType(CMDB) successfully.

2025-12-20 20:15:05,323 INFO [SelectorManager] Load Selector(class com.alibaba.nacos.naming.selector.NoneSelector) type(none) contextType(NONE) successfully.

2025-12-20 20:15:18,605 INFO Load instance extension handler []

2025-12-20 20:20:41,729 WARN [NamingServerHttpClientManager] Start destroying HTTP-Client

2025-12-20 20:20:41,791 WARN [NamingServerHttpClientManager] Destruction of the end

2025-12-20 20:20:42,112 ERROR [HEALTH-CHECK-V2] error while processing NIO task

java.lang.InterruptedException: null
	at java.util.concurrent.locks.AbstractQueuedSynchronizer$ConditionObject.reportInterruptAfterWait(AbstractQueuedSynchronizer.java:2014)
	at java.util.concurrent.locks.AbstractQueuedSynchronizer$ConditionObject.awaitNanos(AbstractQueuedSynchronizer.java:2088)
	at java.util.concurrent.LinkedBlockingQueue.poll(LinkedBlockingQueue.java:467)
	at com.alibaba.nacos.naming.healthcheck.v2.processor.TcpHealthCheckProcessor.processTask(TcpHealthCheckProcessor.java:122)
	at com.alibaba.nacos.naming.healthcheck.v2.processor.TcpHealthCheckProcessor.run(TcpHealthCheckProcessor.java:139)
	at java.util.concurrent.Executors$RunnableAdapter.call(Executors.java:511)
	at java.util.concurrent.FutureTask.run(FutureTask.java:266)
	at java.util.concurrent.ThreadPoolExecutor.runWorker(ThreadPoolExecutor.java:1149)
	at java.util.concurrent.ThreadPoolExecutor$Worker.run(ThreadPoolExecutor.java:624)
	at java.lang.Thread.run(Thread.java:750)
2025-12-20 20:30:20,189 INFO [SelectorManager] Load SelectorContextBuilder(class com.alibaba.nacos.naming.selector.context.CmdbSelectorContextBuilder) contextType(CMDB) successfully.

2025-12-20 20:30:20,193 INFO [SelectorManager] Load SelectorContextBuilder(class com.alibaba.nacos.naming.selector.context.NoneSelectorContextBuilder) contextType(NONE) successfully.

2025-12-20 20:30:20,204 INFO [SelectorManager] Load Selector(class com.alibaba.nacos.naming.selector.LabelSelector) type(label) contextType(CMDB) successfully.

2025-12-20 20:30:20,206 INFO [SelectorManager] Load Selector(class com.alibaba.nacos.naming.selector.NoneSelector) type(none) contextType(NONE) successfully.

2025-12-20 20:30:34,149 INFO Load instance extension handler []

2025-12-20 20:47:54,563 WARN [NamingServerHttpClientManager] Start destroying HTTP-Client

2025-12-20 20:47:54,733 WARN [NamingServerHttpClientManager] Destruction of the end

2025-12-20 20:47:55,727 ERROR [HEALTH-CHECK-V2] error while processing NIO task

java.lang.InterruptedException: null
	at java.util.concurrent.locks.AbstractQueuedSynchronizer$ConditionObject.reportInterruptAfterWait(AbstractQueuedSynchronizer.java:2014)
	at java.util.concurrent.locks.AbstractQueuedSynchronizer$ConditionObject.awaitNanos(AbstractQueuedSynchronizer.java:2088)
	at java.util.concurrent.LinkedBlockingQueue.poll(LinkedBlockingQueue.java:467)
	at com.alibaba.nacos.naming.healthcheck.v2.processor.TcpHealthCheckProcessor.processTask(TcpHealthCheckProcessor.java:122)
	at com.alibaba.nacos.naming.healthcheck.v2.processor.TcpHealthCheckProcessor.run(TcpHealthCheckProcessor.java:139)
	at java.util.concurrent.Executors$RunnableAdapter.call(Executors.java:511)
	at java.util.concurrent.FutureTask.run(FutureTask.java:266)
	at java.util.concurrent.ThreadPoolExecutor.runWorker(ThreadPoolExecutor.java:1149)
	at java.util.concurrent.ThreadPoolExecutor$Worker.run(ThreadPoolExecutor.java:624)
	at java.lang.Thread.run(Thread.java:750)
2025-12-20 20:56:42,544 ERROR [TASK-FAILED] java.lang.InterruptedException

java.lang.InterruptedException: null
	at java.util.concurrent.locks.AbstractQueuedSynchronizer$ConditionObject.reportInterruptAfterWait(AbstractQueuedSynchronizer.java:2014)
	at java.util.concurrent.locks.AbstractQueuedSynchronizer$ConditionObject.await(AbstractQueuedSynchronizer.java:2048)
	at java.util.concurrent.ArrayBlockingQueue.take(ArrayBlockingQueue.java:403)
	at com.alibaba.nacos.common.task.engine.TaskExecuteWorker$InnerWorker.run(TaskExecuteWorker.java:118)
2025-12-20 20:59:31,676 ERROR [TASK-FAILED] java.lang.InterruptedException

java.lang.InterruptedException: null
	at java.util.concurrent.locks.AbstractQueuedSynchronizer$ConditionObject.reportInterruptAfterWait(AbstractQueuedSynchronizer.java:2014)
	at java.util.concurrent.locks.AbstractQueuedSynchronizer$ConditionObject.await(AbstractQueuedSynchronizer.java:2048)
	at java.util.concurrent.ArrayBlockingQueue.take(ArrayBlockingQueue.java:403)
	at com.alibaba.nacos.common.task.engine.TaskExecuteWorker$InnerWorker.run(TaskExecuteWorker.java:118)
2025-12-20 21:01:46,365 ERROR [TASK-FAILED] java.lang.InterruptedException

java.lang.InterruptedException: null
	at java.util.concurrent.locks.AbstractQueuedSynchronizer$ConditionObject.reportInterruptAfterWait(AbstractQueuedSynchronizer.java:2014)
	at java.util.concurrent.locks.AbstractQueuedSynchronizer$ConditionObject.await(AbstractQueuedSynchronizer.java:2048)
	at java.util.concurrent.ArrayBlockingQueue.take(ArrayBlockingQueue.java:403)
	at com.alibaba.nacos.common.task.engine.TaskExecuteWorker$InnerWorker.run(TaskExecuteWorker.java:118)
2025-12-20 21:01:46,369 ERROR [TASK-FAILED] java.lang.InterruptedException

java.lang.InterruptedException: null
	at java.util.concurrent.locks.AbstractQueuedSynchronizer$ConditionObject.reportInterruptAfterWait(AbstractQueuedSynchronizer.java:2014)
	at java.util.concurrent.locks.AbstractQueuedSynchronizer$ConditionObject.await(AbstractQueuedSynchronizer.java:2048)
	at java.util.concurrent.ArrayBlockingQueue.take(ArrayBlockingQueue.java:403)
	at com.alibaba.nacos.common.task.engine.TaskExecuteWorker$InnerWorker.run(TaskExecuteWorker.java:118)
2025-12-20 21:04:07,538 ERROR [TASK-FAILED] java.lang.InterruptedException

java.lang.InterruptedException: null
	at java.util.concurrent.locks.AbstractQueuedSynchronizer$ConditionObject.reportInterruptAfterWait(AbstractQueuedSynchronizer.java:2014)
	at java.util.concurrent.locks.AbstractQueuedSynchronizer$ConditionObject.await(AbstractQueuedSynchronizer.java:2048)
	at java.util.concurrent.ArrayBlockingQueue.take(ArrayBlockingQueue.java:403)
	at com.alibaba.nacos.common.task.engine.TaskExecuteWorker$InnerWorker.run(TaskExecuteWorker.java:118)
2025-12-20 21:06:03,680 ERROR [TASK-FAILED] java.lang.InterruptedException

java.lang.InterruptedException: null
	at java.util.concurrent.locks.AbstractQueuedSynchronizer$ConditionObject.reportInterruptAfterWait(AbstractQueuedSynchronizer.java:2014)
	at java.util.concurrent.locks.AbstractQueuedSynchronizer$ConditionObject.await(AbstractQueuedSynchronizer.java:2048)
	at java.util.concurrent.ArrayBlockingQueue.take(ArrayBlockingQueue.java:403)
	at com.alibaba.nacos.common.task.engine.TaskExecuteWorker$InnerWorker.run(TaskExecuteWorker.java:118)
2025-12-20 21:12:28,123 INFO [SelectorManager] Load SelectorContextBuilder(class com.alibaba.nacos.naming.selector.context.CmdbSelectorContextBuilder) contextType(CMDB) successfully.

2025-12-20 21:12:28,124 INFO [SelectorManager] Load SelectorContextBuilder(class com.alibaba.nacos.naming.selector.context.NoneSelectorContextBuilder) contextType(NONE) successfully.

2025-12-20 21:12:28,127 INFO [SelectorManager] Load Selector(class com.alibaba.nacos.naming.selector.LabelSelector) type(label) contextType(CMDB) successfully.

2025-12-20 21:12:28,129 INFO [SelectorManager] Load Selector(class com.alibaba.nacos.naming.selector.NoneSelector) type(none) contextType(NONE) successfully.

2025-12-20 21:12:36,065 INFO Load instance extension handler []

2025-12-20 21:14:26,897 WARN [NamingServerHttpClientManager] Start destroying HTTP-Client

2025-12-20 21:14:27,288 WARN [NamingServerHttpClientManager] Destruction of the end

2025-12-20 21:14:27,604 ERROR [HEALTH-CHECK-V2] error while processing NIO task

java.lang.InterruptedException: null
	at java.util.concurrent.locks.AbstractQueuedSynchronizer$ConditionObject.reportInterruptAfterWait(AbstractQueuedSynchronizer.java:2014)
	at java.util.concurrent.locks.AbstractQueuedSynchronizer$ConditionObject.awaitNanos(AbstractQueuedSynchronizer.java:2088)
	at java.util.concurrent.LinkedBlockingQueue.poll(LinkedBlockingQueue.java:467)
	at com.alibaba.nacos.naming.healthcheck.v2.processor.TcpHealthCheckProcessor.processTask(TcpHealthCheckProcessor.java:122)
	at com.alibaba.nacos.naming.healthcheck.v2.processor.TcpHealthCheckProcessor.run(TcpHealthCheckProcessor.java:139)
	at java.util.concurrent.Executors$RunnableAdapter.call(Executors.java:511)
	at java.util.concurrent.FutureTask.run(FutureTask.java:266)
	at java.util.concurrent.ThreadPoolExecutor.runWorker(ThreadPoolExecutor.java:1149)
	at java.util.concurrent.ThreadPoolExecutor$Worker.run(ThreadPoolExecutor.java:624)
	at java.lang.Thread.run(Thread.java:750)
2025-12-20 21:16:45,469 INFO [SelectorManager] Load SelectorContextBuilder(class com.alibaba.nacos.naming.selector.context.CmdbSelectorContextBuilder) contextType(CMDB) successfully.

2025-12-20 21:16:45,469 INFO [SelectorManager] Load SelectorContextBuilder(class com.alibaba.nacos.naming.selector.context.NoneSelectorContextBuilder) contextType(NONE) successfully.

2025-12-20 21:16:45,473 INFO [SelectorManager] Load Selector(class com.alibaba.nacos.naming.selector.LabelSelector) type(label) contextType(CMDB) successfully.

2025-12-20 21:16:45,476 INFO [SelectorManager] Load Selector(class com.alibaba.nacos.naming.selector.NoneSelector) type(none) contextType(NONE) successfully.

2025-12-20 21:16:55,884 INFO Load instance extension handler []

2025-12-20 21:19:52,368 INFO Client connection 1766236788867_172.18.0.7_43172 connect

2025-12-20 21:19:52,740 INFO Client change for service Service{namespace='dev', group='DEFAULT_GROUP', name='user-service', ephemeral=true, revision=0}, 1766236788867_172.18.0.7_43172

2025-12-20 21:19:52,744 INFO Client connection 1766236791491_172.18.0.4_55686 connect

2025-12-20 21:19:52,899 INFO Client connection 1766236791491_172.18.0.4_55686 disconnect, remove instances and subscribers

2025-12-20 21:22:20,395 INFO Client connection 1766236938022_172.18.0.4_49612 connect

2025-12-20 21:22:20,665 INFO Client change for service Service{namespace='dev', group='DEFAULT_GROUP', name='product-service', ephemeral=true, revision=0}, 1766236938022_172.18.0.4_49612

2025-12-20 22:01:38,203 INFO Client connection 1766239297019_172.18.0.6_35090 connect

2025-12-20 22:01:38,666 INFO Client change for service Service{namespace='dev', group='DEFAULT_GROUP', name='order-service', ephemeral=true, revision=0}, 1766239297019_172.18.0.6_35090

2025-12-20 22:01:38,790 INFO Client change for service Service{namespace='dev', group='DEFAULT_GROUP', name='order-service', ephemeral=true, revision=1}, 1766239297019_172.18.0.6_35090

2025-12-20 22:01:42,167 INFO Client connection 1766239300646_172.18.0.5_53612 connect

2025-12-20 22:01:42,526 INFO Client change for service Service{namespace='dev', group='DEFAULT_GROUP', name='comment-service', ephemeral=true, revision=0}, 1766239300646_172.18.0.5_53612

2025-12-20 22:02:03,026 INFO Client remove for service Service{namespace='dev', group='DEFAULT_GROUP', name='order-service', ephemeral=true, revision=2}, 1766239297019_172.18.0.6_35090

2025-12-20 22:02:03,359 INFO Client remove for service Service{namespace='dev', group='DEFAULT_GROUP', name='comment-service', ephemeral=true, revision=1}, 1766239300646_172.18.0.5_53612

2025-12-20 22:02:03,793 INFO Client connection 1766239297019_172.18.0.6_35090 disconnect, remove instances and subscribers

2025-12-20 22:02:03,870 INFO Client connection 1766239300646_172.18.0.5_53612 disconnect, remove instances and subscribers

2025-12-20 22:03:30,490 WARN namespace : dev, [DEFAULT_GROUP@@comment-service] services are automatically cleaned

2025-12-20 22:03:30,491 WARN namespace : dev, [DEFAULT_GROUP@@order-service] services are automatically cleaned

2025-12-20 22:03:57,486 INFO Client connection 1766239436979_172.18.0.6_53710 connect

2025-12-20 22:03:57,911 INFO Client change for service Service{namespace='dev', group='DEFAULT_GROUP', name='comment-service', ephemeral=true, revision=0}, 1766239436979_172.18.0.6_53710

2025-12-20 22:04:01,006 INFO Client connection 1766239439999_172.18.0.5_44740 connect

2025-12-20 22:04:01,201 INFO Client change for service Service{namespace='dev', group='DEFAULT_GROUP', name='order-service', ephemeral=true, revision=0}, 1766239439999_172.18.0.5_44740

2025-12-20 22:25:24,488 INFO Client remove for service Service{namespace='dev', group='DEFAULT_GROUP', name='product-service', ephemeral=true, revision=1}, 1766236938022_172.18.0.4_49612

2025-12-20 22:25:26,432 INFO Client connection 1766236938022_172.18.0.4_49612 disconnect, remove instances and subscribers

2025-12-20 22:25:26,917 INFO Client remove for service Service{namespace='dev', group='DEFAULT_GROUP', name='user-service', ephemeral=true, revision=1}, 1766236788867_172.18.0.7_43172

2025-12-20 22:25:32,761 INFO Client connection 1766236788867_172.18.0.7_43172 disconnect, remove instances and subscribers

2025-12-20 22:25:34,239 INFO Client connection 1766239436979_172.18.0.6_53710 disconnect, remove instances and subscribers

2025-12-20 22:25:34,425 INFO Client connection 1766239439999_172.18.0.5_44740 disconnect, remove instances and subscribers

2025-12-20 22:25:43,004 WARN [NamingServerHttpClientManager] Start destroying HTTP-Client

2025-12-20 22:25:44,322 ERROR [HEALTH-CHECK-V2] error while processing NIO task

java.lang.InterruptedException: null
	at java.util.concurrent.locks.AbstractQueuedSynchronizer$ConditionObject.reportInterruptAfterWait(AbstractQueuedSynchronizer.java:2014)
	at java.util.concurrent.locks.AbstractQueuedSynchronizer$ConditionObject.awaitNanos(AbstractQueuedSynchronizer.java:2088)
	at java.util.concurrent.LinkedBlockingQueue.poll(LinkedBlockingQueue.java:467)
	at com.alibaba.nacos.naming.healthcheck.v2.processor.TcpHealthCheckProcessor.processTask(TcpHealthCheckProcessor.java:122)
	at com.alibaba.nacos.naming.healthcheck.v2.processor.TcpHealthCheckProcessor.run(TcpHealthCheckProcessor.java:139)
	at java.util.concurrent.Executors$RunnableAdapter.call(Executors.java:511)
	at java.util.concurrent.FutureTask.run(FutureTask.java:266)
	at java.util.concurrent.ThreadPoolExecutor.runWorker(ThreadPoolExecutor.java:1149)
	at java.util.concurrent.ThreadPoolExecutor$Worker.run(ThreadPoolExecutor.java:624)
	at java.lang.Thread.run(Thread.java:750)
2025-12-20 22:25:45,064 WARN [NamingServerHttpClientManager] Destruction of the end

2025-12-20 22:28:41,236 INFO [SelectorManager] Load SelectorContextBuilder(class com.alibaba.nacos.naming.selector.context.CmdbSelectorContextBuilder) contextType(CMDB) successfully.

2025-12-20 22:28:41,237 INFO [SelectorManager] Load SelectorContextBuilder(class com.alibaba.nacos.naming.selector.context.NoneSelectorContextBuilder) contextType(NONE) successfully.

2025-12-20 22:28:41,241 INFO [SelectorManager] Load Selector(class com.alibaba.nacos.naming.selector.LabelSelector) type(label) contextType(CMDB) successfully.

2025-12-20 22:28:41,241 INFO [SelectorManager] Load Selector(class com.alibaba.nacos.naming.selector.NoneSelector) type(none) contextType(NONE) successfully.

2025-12-20 22:28:53,697 INFO Load instance extension handler []

2025-12-20 22:32:18,787 INFO Client connection 1766241135276_172.18.0.5_53580 connect

2025-12-20 22:32:19,052 INFO Client connection 1766241135276_172.18.0.5_53580 disconnect, remove instances and subscribers

2025-12-20 22:32:19,071 INFO Client connection 1766241138540_172.18.0.5_53584 connect

2025-12-20 22:32:19,872 INFO Client connection 1766241138540_172.18.0.5_53584 disconnect, remove instances and subscribers

2025-12-20 22:32:30,684 INFO Client connection 1766241149650_172.18.0.6_58540 connect

2025-12-20 22:32:31,141 INFO Client change for service Service{namespace='dev', group='DEFAULT_GROUP', name='product-service', ephemeral=true, revision=0}, 1766241149650_172.18.0.6_58540

2025-12-20 22:32:42,479 INFO Client connection 1766241160963_172.18.0.7_46284 connect

2025-12-20 22:32:42,846 INFO Client change for service Service{namespace='dev', group='DEFAULT_GROUP', name='order-service', ephemeral=true, revision=0}, 1766241160963_172.18.0.7_46284

2025-12-20 22:32:44,723 INFO Client connection 1766241163046_172.18.0.4_40056 connect

2025-12-20 22:32:44,999 INFO Client change for service Service{namespace='dev', group='DEFAULT_GROUP', name='comment-service', ephemeral=true, revision=0}, 1766241163046_172.18.0.4_40056

2025-12-20 22:33:34,133 INFO Client connection 1766241213072_172.18.0.5_50432 connect

2025-12-20 22:33:34,462 INFO Client change for service Service{namespace='dev', group='DEFAULT_GROUP', name='user-service', ephemeral=true, revision=0}, 1766241213072_172.18.0.5_50432

2025-12-20 22:46:35,432 INFO Client remove for service Service{namespace='dev', group='DEFAULT_GROUP', name='product-service', ephemeral=true, revision=1}, 1766241149650_172.18.0.6_58540

2025-12-20 22:46:35,711 INFO Client remove for service Service{namespace='dev', group='DEFAULT_GROUP', name='user-service', ephemeral=true, revision=1}, 1766241213072_172.18.0.5_50432

2025-12-20 22:46:35,833 INFO Client remove for service Service{namespace='dev', group='DEFAULT_GROUP', name='comment-service', ephemeral=true, revision=1}, 1766241163046_172.18.0.4_40056

2025-12-20 22:46:36,098 INFO Client remove for service Service{namespace='dev', group='DEFAULT_GROUP', name='order-service', ephemeral=true, revision=1}, 1766241160963_172.18.0.7_46284

2025-12-20 22:46:36,225 INFO Client connection 1766241149650_172.18.0.6_58540 disconnect, remove instances and subscribers

2025-12-20 22:46:37,956 INFO Client connection 1766241213072_172.18.0.5_50432 disconnect, remove instances and subscribers

2025-12-20 22:46:38,476 INFO Client connection 1766241160963_172.18.0.7_46284 disconnect, remove instances and subscribers

2025-12-20 22:46:38,932 INFO Client connection 1766241163046_172.18.0.4_40056 disconnect, remove instances and subscribers

2025-12-20 22:46:48,995 WARN [NamingServerHttpClientManager] Start destroying HTTP-Client

2025-12-20 22:46:49,546 ERROR [HEALTH-CHECK-V2] error while processing NIO task

java.lang.InterruptedException: null
	at java.util.concurrent.locks.AbstractQueuedSynchronizer$ConditionObject.reportInterruptAfterWait(AbstractQueuedSynchronizer.java:2014)
	at java.util.concurrent.locks.AbstractQueuedSynchronizer$ConditionObject.awaitNanos(AbstractQueuedSynchronizer.java:2088)
	at java.util.concurrent.LinkedBlockingQueue.poll(LinkedBlockingQueue.java:467)
	at com.alibaba.nacos.naming.healthcheck.v2.processor.TcpHealthCheckProcessor.processTask(TcpHealthCheckProcessor.java:122)
	at com.alibaba.nacos.naming.healthcheck.v2.processor.TcpHealthCheckProcessor.run(TcpHealthCheckProcessor.java:139)
	at java.util.concurrent.Executors$RunnableAdapter.call(Executors.java:511)
	at java.util.concurrent.FutureTask.run(FutureTask.java:266)
	at java.util.concurrent.ThreadPoolExecutor.runWorker(ThreadPoolExecutor.java:1149)
	at java.util.concurrent.ThreadPoolExecutor$Worker.run(ThreadPoolExecutor.java:624)
	at java.lang.Thread.run(Thread.java:750)
2025-12-20 22:46:49,788 WARN [NamingServerHttpClientManager] Destruction of the end

2025-12-20 22:49:36,495 INFO [SelectorManager] Load SelectorContextBuilder(class com.alibaba.nacos.naming.selector.context.CmdbSelectorContextBuilder) contextType(CMDB) successfully.

2025-12-20 22:49:36,497 INFO [SelectorManager] Load SelectorContextBuilder(class com.alibaba.nacos.naming.selector.context.NoneSelectorContextBuilder) contextType(NONE) successfully.

2025-12-20 22:49:36,500 INFO [SelectorManager] Load Selector(class com.alibaba.nacos.naming.selector.LabelSelector) type(label) contextType(CMDB) successfully.

2025-12-20 22:49:36,500 INFO [SelectorManager] Load Selector(class com.alibaba.nacos.naming.selector.NoneSelector) type(none) contextType(NONE) successfully.

2025-12-20 22:49:46,900 INFO Load instance extension handler []

2025-12-20 22:53:06,347 INFO Client connection 1766242385769_172.18.0.4_44282 connect

2025-12-20 22:53:06,960 INFO Client connection 1766242384433_172.18.0.7_47470 connect

2025-12-20 22:53:07,210 INFO Client connection 1766242385769_172.18.0.4_44282 disconnect, remove instances and subscribers

2025-12-20 22:53:07,516 INFO Client change for service Service{namespace='dev', group='DEFAULT_GROUP', name='product-service', ephemeral=true, revision=0}, 1766242384433_172.18.0.7_47470

2025-12-20 22:53:21,114 INFO Client connection 1766242399570_172.18.0.5_40078 connect

2025-12-20 22:53:21,302 INFO Client connection 1766242399652_172.18.0.6_48472 connect

2025-12-20 22:53:21,521 INFO Client change for service Service{namespace='dev', group='DEFAULT_GROUP', name='comment-service', ephemeral=true, revision=0}, 1766242399570_172.18.0.5_40078

2025-12-20 22:53:21,695 INFO Client change for service Service{namespace='dev', group='DEFAULT_GROUP', name='order-service', ephemeral=true, revision=0}, 1766242399652_172.18.0.6_48472

2025-12-20 22:54:18,783 INFO Client connection 1766242457669_172.18.0.4_54474 connect

2025-12-20 22:54:19,045 INFO Client change for service Service{namespace='dev', group='DEFAULT_GROUP', name='user-service', ephemeral=true, revision=0}, 1766242457669_172.18.0.4_54474

2025-12-20 23:21:50,749 INFO Client connection 1766244109576_172.18.0.6_40900 connect

2025-12-20 23:21:51,214 INFO Client connection 1766242384433_172.18.0.7_47470 disconnect, remove instances and subscribers

2025-12-20 23:21:51,267 INFO Client connection 1766244110089_172.18.0.7_39292 connect

2025-12-20 23:21:54,239 WARN task com.alibaba.nacos.naming.push.v2.task.PushExecuteTask@59b6e45a takes 1175ms

2025-12-20 23:21:55,476 INFO Client connection 1766242399652_172.18.0.6_48472 disconnect, remove instances and subscribers

2025-12-20 23:21:56,527 INFO Client change for service Service{namespace='dev', group='DEFAULT_GROUP', name='product-service', ephemeral=true, revision=2}, 1766244110089_172.18.0.7_39292

2025-12-20 23:22:00,334 INFO Client connection 1766244119978_172.18.0.4_45998 connect

2025-12-20 23:22:00,989 INFO Client connection 1766242457669_172.18.0.4_54474 disconnect, remove instances and subscribers

2025-12-20 23:22:01,048 INFO Client connection 1766244119946_172.18.0.5_47816 connect

2025-12-20 23:22:02,499 INFO Client connection 1766242399570_172.18.0.5_40078 disconnect, remove instances and subscribers

2025-12-20 23:22:04,822 INFO Client change for service Service{namespace='dev', group='DEFAULT_GROUP', name='order-service', ephemeral=true, revision=2}, 1766244109576_172.18.0.6_40900

2025-12-20 23:22:05,460 INFO Client change for service Service{namespace='dev', group='DEFAULT_GROUP', name='user-service', ephemeral=true, revision=2}, 1766244119978_172.18.0.4_45998

2025-12-20 23:22:08,894 INFO Client change for service Service{namespace='dev', group='DEFAULT_GROUP', name='comment-service', ephemeral=true, revision=2}, 1766244119946_172.18.0.5_47816

2025-12-20 23:29:40,027 INFO Client remove for service Service{namespace='dev', group='DEFAULT_GROUP', name='product-service', ephemeral=true, revision=3}, 1766244110089_172.18.0.7_39292

2025-12-20 23:29:43,211 INFO Client connection 1766244119946_172.18.0.5_47816 disconnect, remove instances and subscribers

2025-12-20 23:29:44,376 INFO Client connection 1766244110089_172.18.0.7_39292 disconnect, remove instances and subscribers

2025-12-20 23:29:44,662 INFO Client connection 1766244109576_172.18.0.6_40900 disconnect, remove instances and subscribers

2025-12-20 23:29:44,731 INFO Client connection 1766244119978_172.18.0.4_45998 disconnect, remove instances and subscribers

2025-12-20 23:29:52,485 WARN [NamingServerHttpClientManager] Start destroying HTTP-Client

2025-12-20 23:29:53,654 ERROR [HEALTH-CHECK-V2] error while processing NIO task

java.lang.InterruptedException: null
	at java.util.concurrent.locks.AbstractQueuedSynchronizer$ConditionObject.reportInterruptAfterWait(AbstractQueuedSynchronizer.java:2014)
	at java.util.concurrent.locks.AbstractQueuedSynchronizer$ConditionObject.awaitNanos(AbstractQueuedSynchronizer.java:2088)
	at java.util.concurrent.LinkedBlockingQueue.poll(LinkedBlockingQueue.java:467)
	at com.alibaba.nacos.naming.healthcheck.v2.processor.TcpHealthCheckProcessor.processTask(TcpHealthCheckProcessor.java:122)
	at com.alibaba.nacos.naming.healthcheck.v2.processor.TcpHealthCheckProcessor.run(TcpHealthCheckProcessor.java:139)
	at java.util.concurrent.Executors$RunnableAdapter.call(Executors.java:511)
	at java.util.concurrent.FutureTask.run(FutureTask.java:266)
	at java.util.concurrent.ThreadPoolExecutor.runWorker(ThreadPoolExecutor.java:1149)
	at java.util.concurrent.ThreadPoolExecutor$Worker.run(ThreadPoolExecutor.java:624)
	at java.lang.Thread.run(Thread.java:750)
2025-12-20 23:29:54,155 WARN [NamingServerHttpClientManager] Destruction of the end

2025-12-20 23:35:10,032 INFO [SelectorManager] Load SelectorContextBuilder(class com.alibaba.nacos.naming.selector.context.CmdbSelectorContextBuilder) contextType(CMDB) successfully.

2025-12-20 23:35:10,032 INFO [SelectorManager] Load SelectorContextBuilder(class com.alibaba.nacos.naming.selector.context.NoneSelectorContextBuilder) contextType(NONE) successfully.

2025-12-20 23:35:10,067 INFO [SelectorManager] Load Selector(class com.alibaba.nacos.naming.selector.LabelSelector) type(label) contextType(CMDB) successfully.

2025-12-20 23:35:10,076 INFO [SelectorManager] Load Selector(class com.alibaba.nacos.naming.selector.NoneSelector) type(none) contextType(NONE) successfully.

2025-12-20 23:35:22,898 INFO Load instance extension handler []

2025-12-20 23:39:47,144 INFO Client connection 1766245185145_172.18.0.7_55982 connect

2025-12-20 23:39:47,397 INFO Client connection 1766245185145_172.18.0.7_55982 disconnect, remove instances and subscribers

2025-12-20 23:39:47,418 INFO Client connection 1766245186448_172.18.0.7_55990 connect

2025-12-20 23:39:47,480 INFO Client connection 1766245186448_172.18.0.7_55990 disconnect, remove instances and subscribers

2025-12-20 23:40:03,171 INFO Client connection 1766245200187_172.18.0.6_56992 connect

2025-12-20 23:40:04,094 INFO Client change for service Service{namespace='dev', group='DEFAULT_GROUP', name='comment-service', ephemeral=true, revision=0}, 1766245200187_172.18.0.6_56992

2025-12-20 23:40:04,193 INFO Client connection 1766245202043_172.18.0.5_43516 connect

2025-12-20 23:40:04,643 INFO Client change for service Service{namespace='dev', group='DEFAULT_GROUP', name='order-service', ephemeral=true, revision=0}, 1766245202043_172.18.0.5_43516

2025-12-20 23:43:04,764 INFO Client connection 1766245383151_172.18.0.4_56038 connect

2025-12-20 23:43:05,378 INFO Client change for service Service{namespace='dev', group='DEFAULT_GROUP', name='product-service', ephemeral=true, revision=0}, 1766245383151_172.18.0.4_56038

2025-12-20 23:43:05,511 INFO Client change for service Service{namespace='dev', group='DEFAULT_GROUP', name='product-service', ephemeral=true, revision=1}, 1766245383151_172.18.0.4_56038

2025-12-20 23:43:07,046 INFO Client connection 1766245385152_172.18.0.7_37784 connect

2025-12-20 23:43:07,646 INFO Client change for service Service{namespace='dev', group='DEFAULT_GROUP', name='user-service', ephemeral=true, revision=0}, 1766245385152_172.18.0.7_37784

2025-12-20 23:56:15,405 INFO Client remove for service Service{namespace='dev', group='DEFAULT_GROUP', name='order-service', ephemeral=true, revision=1}, 1766245202043_172.18.0.5_43516

2025-12-20 23:56:15,420 INFO Client remove for service Service{namespace='dev', group='DEFAULT_GROUP', name='order-service', ephemeral=true, revision=1}, 1766245202043_172.18.0.5_43516

2025-12-20 23:56:16,769 INFO Client connection 1766245202043_172.18.0.5_43516 disconnect, remove instances and subscribers

2025-12-20 23:56:17,771 INFO Client remove for service Service{namespace='dev', group='DEFAULT_GROUP', name='product-service', ephemeral=true, revision=2}, 1766245383151_172.18.0.4_56038

2025-12-20 23:56:18,703 INFO Client connection 1766245383151_172.18.0.4_56038 disconnect, remove instances and subscribers

2025-12-20 23:56:21,172 INFO Client remove for service Service{namespace='dev', group='DEFAULT_GROUP', name='user-service', ephemeral=true, revision=1}, 1766245385152_172.18.0.7_37784

2025-12-20 23:56:23,300 INFO Client connection 1766245385152_172.18.0.7_37784 disconnect, remove instances and subscribers

2025-12-20 23:56:26,408 INFO Client connection 1766245200187_172.18.0.6_56992 disconnect, remove instances and subscribers

2025-12-20 23:56:36,009 WARN [NamingServerHttpClientManager] Start destroying HTTP-Client

2025-12-20 23:56:37,310 ERROR [HEALTH-CHECK-V2] error while processing NIO task

java.lang.InterruptedException: null
	at java.util.concurrent.locks.AbstractQueuedSynchronizer$ConditionObject.reportInterruptAfterWait(AbstractQueuedSynchronizer.java:2014)
	at java.util.concurrent.locks.AbstractQueuedSynchronizer$ConditionObject.awaitNanos(AbstractQueuedSynchronizer.java:2088)
	at java.util.concurrent.LinkedBlockingQueue.poll(LinkedBlockingQueue.java:467)
	at com.alibaba.nacos.naming.healthcheck.v2.processor.TcpHealthCheckProcessor.processTask(TcpHealthCheckProcessor.java:122)
	at com.alibaba.nacos.naming.healthcheck.v2.processor.TcpHealthCheckProcessor.run(TcpHealthCheckProcessor.java:139)
	at java.util.concurrent.Executors$RunnableAdapter.call(Executors.java:511)
	at java.util.concurrent.FutureTask.run(FutureTask.java:266)
	at java.util.concurrent.ThreadPoolExecutor.runWorker(ThreadPoolExecutor.java:1149)
	at java.util.concurrent.ThreadPoolExecutor$Worker.run(ThreadPoolExecutor.java:624)
	at java.lang.Thread.run(Thread.java:750)
2025-12-20 23:56:38,008 WARN [NamingServerHttpClientManager] Destruction of the end

2025-12-21 09:55:44,126 INFO [SelectorManager] Load SelectorContextBuilder(class com.alibaba.nacos.naming.selector.context.CmdbSelectorContextBuilder) contextType(CMDB) successfully.

2025-12-21 09:55:44,128 INFO [SelectorManager] Load SelectorContextBuilder(class com.alibaba.nacos.naming.selector.context.NoneSelectorContextBuilder) contextType(NONE) successfully.

2025-12-21 09:55:44,138 INFO [SelectorManager] Load Selector(class com.alibaba.nacos.naming.selector.LabelSelector) type(label) contextType(CMDB) successfully.

2025-12-21 09:55:44,175 INFO [SelectorManager] Load Selector(class com.alibaba.nacos.naming.selector.NoneSelector) type(none) contextType(NONE) successfully.

2025-12-21 09:56:01,583 INFO Load instance extension handler []

2025-12-21 09:59:15,212 INFO Client connection 1766282354328_172.18.0.4_50194 connect

2025-12-21 09:59:15,692 INFO Client connection 1766282354328_172.18.0.4_50194 disconnect, remove instances and subscribers

2025-12-21 09:59:24,307 INFO Client connection 1766282363011_172.18.0.7_48782 connect

2025-12-21 09:59:24,867 INFO Client change for service Service{namespace='dev', group='DEFAULT_GROUP', name='order-service', ephemeral=true, revision=0}, 1766282363011_172.18.0.7_48782

2025-12-21 09:59:27,864 INFO Client connection 1766282365391_172.18.0.6_57902 connect

2025-12-21 09:59:28,281 INFO Client change for service Service{namespace='dev', group='DEFAULT_GROUP', name='comment-service', ephemeral=true, revision=0}, 1766282365391_172.18.0.6_57902

2025-12-21 10:00:51,430 INFO Client connection 1766282450622_172.18.0.4_39408 connect

2025-12-21 10:00:51,578 INFO Client change for service Service{namespace='dev', group='DEFAULT_GROUP', name='product-service', ephemeral=true, revision=0}, 1766282450622_172.18.0.4_39408

2025-12-21 10:02:07,956 INFO Client remove for service Service{namespace='dev', group='DEFAULT_GROUP', name='comment-service', ephemeral=true, revision=1}, 1766282365391_172.18.0.6_57902

2025-12-21 10:02:08,003 INFO Client remove for service Service{namespace='dev', group='DEFAULT_GROUP', name='order-service', ephemeral=true, revision=1}, 1766282363011_172.18.0.7_48782

2025-12-21 10:02:08,086 INFO Client remove for service Service{namespace='dev', group='DEFAULT_GROUP', name='product-service', ephemeral=true, revision=1}, 1766282450622_172.18.0.4_39408

2025-12-21 10:02:08,243 INFO Client connection 1766282365391_172.18.0.6_57902 disconnect, remove instances and subscribers

2025-12-21 10:02:08,354 INFO Client connection 1766282363011_172.18.0.7_48782 disconnect, remove instances and subscribers

2025-12-21 10:02:08,519 INFO Client connection 1766282450622_172.18.0.4_39408 disconnect, remove instances and subscribers

2025-12-21 10:02:12,502 WARN [NamingServerHttpClientManager] Start destroying HTTP-Client

2025-12-21 10:02:12,949 WARN [NamingServerHttpClientManager] Destruction of the end

2025-12-21 10:02:13,497 ERROR [HEALTH-CHECK-V2] error while processing NIO task

java.lang.InterruptedException: null
	at java.util.concurrent.locks.AbstractQueuedSynchronizer$ConditionObject.reportInterruptAfterWait(AbstractQueuedSynchronizer.java:2014)
	at java.util.concurrent.locks.AbstractQueuedSynchronizer$ConditionObject.awaitNanos(AbstractQueuedSynchronizer.java:2088)
	at java.util.concurrent.LinkedBlockingQueue.poll(LinkedBlockingQueue.java:467)
	at com.alibaba.nacos.naming.healthcheck.v2.processor.TcpHealthCheckProcessor.processTask(TcpHealthCheckProcessor.java:122)
	at com.alibaba.nacos.naming.healthcheck.v2.processor.TcpHealthCheckProcessor.run(TcpHealthCheckProcessor.java:139)
	at java.util.concurrent.Executors$RunnableAdapter.call(Executors.java:511)
	at java.util.concurrent.FutureTask.run(FutureTask.java:266)
	at java.util.concurrent.ThreadPoolExecutor.runWorker(ThreadPoolExecutor.java:1149)
	at java.util.concurrent.ThreadPoolExecutor$Worker.run(ThreadPoolExecutor.java:624)
	at java.lang.Thread.run(Thread.java:750)
2025-12-21 10:06:23,046 INFO [SelectorManager] Load SelectorContextBuilder(class com.alibaba.nacos.naming.selector.context.CmdbSelectorContextBuilder) contextType(CMDB) successfully.

2025-12-21 10:06:23,056 INFO [SelectorManager] Load SelectorContextBuilder(class com.alibaba.nacos.naming.selector.context.NoneSelectorContextBuilder) contextType(NONE) successfully.

2025-12-21 10:06:23,068 INFO [SelectorManager] Load Selector(class com.alibaba.nacos.naming.selector.LabelSelector) type(label) contextType(CMDB) successfully.

2025-12-21 10:06:23,068 INFO [SelectorManager] Load Selector(class com.alibaba.nacos.naming.selector.NoneSelector) type(none) contextType(NONE) successfully.

2025-12-21 10:06:39,305 INFO Load instance extension handler []

2025-12-21 10:10:22,713 INFO Client connection 1766283019317_172.18.0.5_47630 connect

2025-12-21 10:10:23,216 INFO Client connection 1766283019317_172.18.0.5_47630 disconnect, remove instances and subscribers

2025-12-21 10:10:23,301 INFO Client connection 1766283022303_172.18.0.5_47658 connect

2025-12-21 10:10:26,676 INFO Client connection 1766283022303_172.18.0.5_47658 disconnect, remove instances and subscribers

2025-12-21 10:10:33,809 INFO Client connection 1766283032864_172.18.0.4_53194 connect

2025-12-21 10:10:34,552 INFO Client change for service Service{namespace='dev', group='DEFAULT_GROUP', name='comment-service', ephemeral=true, revision=0}, 1766283032864_172.18.0.4_53194

2025-12-21 10:10:48,080 INFO Client connection 1766283045811_172.18.0.6_33560 connect

2025-12-21 10:10:48,536 INFO Client change for service Service{namespace='dev', group='DEFAULT_GROUP', name='order-service', ephemeral=true, revision=0}, 1766283045811_172.18.0.6_33560

2025-12-21 10:11:52,529 INFO Client connection 1766283111647_172.18.0.7_35880 connect

2025-12-21 10:11:52,721 INFO Client change for service Service{namespace='dev', group='DEFAULT_GROUP', name='product-service', ephemeral=true, revision=0}, 1766283111647_172.18.0.7_35880

2025-12-21 10:11:53,417 INFO Client connection 1766283112306_172.18.0.5_55478 connect

2025-12-21 10:11:53,808 INFO Client change for service Service{namespace='dev', group='DEFAULT_GROUP', name='user-service', ephemeral=true, revision=0}, 1766283112306_172.18.0.5_55478

2025-12-21 10:18:07,353 INFO Client remove for service Service{namespace='dev', group='DEFAULT_GROUP', name='product-service', ephemeral=true, revision=1}, 1766283111647_172.18.0.7_35880

2025-12-21 10:18:07,357 INFO Client remove for service Service{namespace='dev', group='DEFAULT_GROUP', name='order-service', ephemeral=true, revision=1}, 1766283045811_172.18.0.6_33560

2025-12-21 10:18:07,690 INFO Client remove for service Service{namespace='dev', group='DEFAULT_GROUP', name='user-service', ephemeral=true, revision=1}, 1766283112306_172.18.0.5_55478

2025-12-21 10:18:08,185 INFO Client remove for service Service{namespace='dev', group='DEFAULT_GROUP', name='comment-service', ephemeral=true, revision=1}, 1766283032864_172.18.0.4_53194

2025-12-21 10:18:08,583 INFO Client connection 1766283111647_172.18.0.7_35880 disconnect, remove instances and subscribers

2025-12-21 10:18:08,782 INFO Client connection 1766283112306_172.18.0.5_55478 disconnect, remove instances and subscribers

2025-12-21 10:18:08,898 INFO Client connection 1766283032864_172.18.0.4_53194 disconnect, remove instances and subscribers

2025-12-21 10:18:09,632 INFO Client connection 1766283045811_172.18.0.6_33560 disconnect, remove instances and subscribers

2025-12-21 10:18:14,778 WARN [NamingServerHttpClientManager] Start destroying HTTP-Client

2025-12-21 10:18:15,423 WARN [NamingServerHttpClientManager] Destruction of the end

2025-12-21 10:18:15,513 ERROR [HEALTH-CHECK-V2] error while processing NIO task

java.lang.InterruptedException: null
	at java.util.concurrent.locks.AbstractQueuedSynchronizer$ConditionObject.reportInterruptAfterWait(AbstractQueuedSynchronizer.java:2014)
	at java.util.concurrent.locks.AbstractQueuedSynchronizer$ConditionObject.awaitNanos(AbstractQueuedSynchronizer.java:2088)
	at java.util.concurrent.LinkedBlockingQueue.poll(LinkedBlockingQueue.java:467)
	at com.alibaba.nacos.naming.healthcheck.v2.processor.TcpHealthCheckProcessor.processTask(TcpHealthCheckProcessor.java:122)
	at com.alibaba.nacos.naming.healthcheck.v2.processor.TcpHealthCheckProcessor.run(TcpHealthCheckProcessor.java:139)
	at java.util.concurrent.Executors$RunnableAdapter.call(Executors.java:511)
	at java.util.concurrent.FutureTask.run(FutureTask.java:266)
	at java.util.concurrent.ThreadPoolExecutor.runWorker(ThreadPoolExecutor.java:1149)
	at java.util.concurrent.ThreadPoolExecutor$Worker.run(ThreadPoolExecutor.java:624)
	at java.lang.Thread.run(Thread.java:750)
2025-12-21 10:28:35,673 INFO [SelectorManager] Load SelectorContextBuilder(class com.alibaba.nacos.naming.selector.context.CmdbSelectorContextBuilder) contextType(CMDB) successfully.

2025-12-21 10:28:35,673 INFO [SelectorManager] Load SelectorContextBuilder(class com.alibaba.nacos.naming.selector.context.NoneSelectorContextBuilder) contextType(NONE) successfully.

2025-12-21 10:28:35,674 INFO [SelectorManager] Load Selector(class com.alibaba.nacos.naming.selector.LabelSelector) type(label) contextType(CMDB) successfully.

2025-12-21 10:28:35,674 INFO [SelectorManager] Load Selector(class com.alibaba.nacos.naming.selector.NoneSelector) type(none) contextType(NONE) successfully.

2025-12-21 10:29:01,151 INFO Load instance extension handler []

2025-12-21 10:32:20,100 INFO Client connection 1766284339249_172.18.0.5_33684 connect

2025-12-21 10:32:20,626 INFO Client connection 1766284340131_172.18.0.5_33698 connect

2025-12-21 10:32:20,640 INFO Client connection 1766284339704_172.18.0.6_58348 connect

2025-12-21 10:32:20,726 INFO Client connection 1766284339249_172.18.0.5_33684 disconnect, remove instances and subscribers

2025-12-21 10:32:21,177 INFO Client connection 1766284339704_172.18.0.6_58348 disconnect, remove instances and subscribers

2025-12-21 10:32:22,145 INFO Client connection 1766284340131_172.18.0.5_33698 disconnect, remove instances and subscribers

2025-12-21 10:32:28,195 INFO Client connection 1766284345675_172.18.0.4_40750 connect

2025-12-21 10:32:28,645 INFO Client change for service Service{namespace='dev', group='DEFAULT_GROUP', name='order-service', ephemeral=true, revision=0}, 1766284345675_172.18.0.4_40750

2025-12-21 10:32:35,824 INFO Client connection 1766284354053_172.18.0.7_41552 connect

2025-12-21 10:32:36,215 INFO Client change for service Service{namespace='dev', group='DEFAULT_GROUP', name='comment-service', ephemeral=true, revision=0}, 1766284354053_172.18.0.7_41552

2025-12-21 10:33:43,238 INFO Client connection 1766284421664_172.18.0.6_37888 connect

2025-12-21 10:33:43,566 INFO Client change for service Service{namespace='dev', group='DEFAULT_GROUP', name='product-service', ephemeral=true, revision=0}, 1766284421664_172.18.0.6_37888

2025-12-21 10:33:50,074 INFO Client connection 1766284429317_172.18.0.5_35860 connect

2025-12-21 10:33:50,437 INFO Client change for service Service{namespace='dev', group='DEFAULT_GROUP', name='user-service', ephemeral=true, revision=0}, 1766284429317_172.18.0.5_35860

2025-12-21 10:45:42,098 INFO Client remove for service Service{namespace='dev', group='DEFAULT_GROUP', name='order-service', ephemeral=true, revision=1}, 1766284345675_172.18.0.4_40750

2025-12-21 10:45:42,489 INFO Client connection 1766284345675_172.18.0.4_40750 disconnect, remove instances and subscribers

2025-12-21 10:47:15,055 WARN namespace : dev, [DEFAULT_GROUP@@order-service] services are automatically cleaned

2025-12-21 10:48:41,917 INFO Client remove for service Service{namespace='dev', group='DEFAULT_GROUP', name='product-service', ephemeral=true, revision=1}, 1766284421664_172.18.0.6_37888

2025-12-21 10:48:42,523 INFO Client connection 1766284421664_172.18.0.6_37888 disconnect, remove instances and subscribers

2025-12-21 10:48:43,465 INFO Client remove for service Service{namespace='dev', group='DEFAULT_GROUP', name='user-service', ephemeral=true, revision=1}, 1766284429317_172.18.0.5_35860

2025-12-21 10:48:43,878 INFO Client remove for service Service{namespace='dev', group='DEFAULT_GROUP', name='comment-service', ephemeral=true, revision=1}, 1766284354053_172.18.0.7_41552

2025-12-21 10:48:43,922 INFO Client connection 1766284429317_172.18.0.5_35860 disconnect, remove instances and subscribers

2025-12-21 10:48:44,378 INFO Client connection 1766284354053_172.18.0.7_41552 disconnect, remove instances and subscribers

2025-12-21 10:48:50,887 WARN [NamingServerHttpClientManager] Start destroying HTTP-Client

2025-12-21 10:48:51,598 WARN [NamingServerHttpClientManager] Destruction of the end

2025-12-21 10:48:51,835 ERROR [HEALTH-CHECK-V2] error while processing NIO task

java.lang.InterruptedException: null
	at java.util.concurrent.locks.AbstractQueuedSynchronizer$ConditionObject.reportInterruptAfterWait(AbstractQueuedSynchronizer.java:2014)
	at java.util.concurrent.locks.AbstractQueuedSynchronizer$ConditionObject.awaitNanos(AbstractQueuedSynchronizer.java:2088)
	at java.util.concurrent.LinkedBlockingQueue.poll(LinkedBlockingQueue.java:467)
	at com.alibaba.nacos.naming.healthcheck.v2.processor.TcpHealthCheckProcessor.processTask(TcpHealthCheckProcessor.java:122)
	at com.alibaba.nacos.naming.healthcheck.v2.processor.TcpHealthCheckProcessor.run(TcpHealthCheckProcessor.java:139)
	at java.util.concurrent.Executors$RunnableAdapter.call(Executors.java:511)
	at java.util.concurrent.FutureTask.run(FutureTask.java:266)
	at java.util.concurrent.ThreadPoolExecutor.runWorker(ThreadPoolExecutor.java:1149)
	at java.util.concurrent.ThreadPoolExecutor$Worker.run(ThreadPoolExecutor.java:624)
	at java.lang.Thread.run(Thread.java:750)
2025-12-21 10:58:46,101 INFO [SelectorManager] Load SelectorContextBuilder(class com.alibaba.nacos.naming.selector.context.CmdbSelectorContextBuilder) contextType(CMDB) successfully.

2025-12-21 10:58:46,101 INFO [SelectorManager] Load SelectorContextBuilder(class com.alibaba.nacos.naming.selector.context.NoneSelectorContextBuilder) contextType(NONE) successfully.

2025-12-21 10:58:46,140 INFO [SelectorManager] Load Selector(class com.alibaba.nacos.naming.selector.LabelSelector) type(label) contextType(CMDB) successfully.

2025-12-21 10:58:46,140 INFO [SelectorManager] Load Selector(class com.alibaba.nacos.naming.selector.NoneSelector) type(none) contextType(NONE) successfully.

2025-12-21 10:59:07,296 INFO Load instance extension handler []

2025-12-21 11:03:01,548 INFO Client connection 1766286180671_172.18.0.7_55582 connect

2025-12-21 11:03:01,930 INFO Client change for service Service{namespace='dev', group='DEFAULT_GROUP', name='product-service', ephemeral=true, revision=0}, 1766286180671_172.18.0.7_55582

2025-12-21 11:03:18,617 INFO Client connection 1766286196816_172.18.0.4_57924 connect

2025-12-21 11:03:19,025 INFO Client change for service Service{namespace='dev', group='DEFAULT_GROUP', name='comment-service', ephemeral=true, revision=0}, 1766286196816_172.18.0.4_57924

2025-12-21 11:03:19,027 INFO Client change for service Service{namespace='dev', group='DEFAULT_GROUP', name='comment-service', ephemeral=true, revision=0}, 1766286196816_172.18.0.4_57924

2025-12-21 11:03:19,618 INFO Client connection 1766286197937_172.18.0.6_37794 connect

2025-12-21 11:03:19,918 INFO Client change for service Service{namespace='dev', group='DEFAULT_GROUP', name='order-service', ephemeral=true, revision=0}, 1766286197937_172.18.0.6_37794

2025-12-21 11:04:34,436 INFO Client connection 1766286273100_172.18.0.5_56168 connect

2025-12-21 11:04:34,837 INFO Client change for service Service{namespace='dev', group='DEFAULT_GROUP', name='user-service', ephemeral=true, revision=0}, 1766286273100_172.18.0.5_56168

2025-12-21 11:04:34,904 INFO Client change for service Service{namespace='dev', group='DEFAULT_GROUP', name='user-service', ephemeral=true, revision=1}, 1766286273100_172.18.0.5_56168

2025-12-21 11:15:15,188 INFO Client remove for service Service{namespace='dev', group='DEFAULT_GROUP', name='comment-service', ephemeral=true, revision=2}, 1766286196816_172.18.0.4_57924

2025-12-21 11:15:15,278 INFO Client remove for service Service{namespace='dev', group='DEFAULT_GROUP', name='comment-service', ephemeral=true, revision=2}, 1766286196816_172.18.0.4_57924

2025-12-21 11:15:15,650 INFO Client remove for service Service{namespace='dev', group='DEFAULT_GROUP', name='order-service', ephemeral=true, revision=1}, 1766286197937_172.18.0.6_37794

2025-12-21 11:15:15,755 INFO Client remove for service Service{namespace='dev', group='DEFAULT_GROUP', name='user-service', ephemeral=true, revision=2}, 1766286273100_172.18.0.5_56168

2025-12-21 11:15:15,775 INFO Client connection 1766286196816_172.18.0.4_57924 disconnect, remove instances and subscribers

2025-12-21 11:15:15,854 INFO Client remove for service Service{namespace='dev', group='DEFAULT_GROUP', name='product-service', ephemeral=true, revision=1}, 1766286180671_172.18.0.7_55582

2025-12-21 11:15:15,917 INFO Client connection 1766286197937_172.18.0.6_37794 disconnect, remove instances and subscribers

2025-12-21 11:15:16,023 INFO Client connection 1766286273100_172.18.0.5_56168 disconnect, remove instances and subscribers

2025-12-21 11:15:16,125 INFO Client connection 1766286180671_172.18.0.7_55582 disconnect, remove instances and subscribers

2025-12-21 11:15:23,054 WARN [NamingServerHttpClientManager] Start destroying HTTP-Client

2025-12-21 11:15:23,473 WARN [NamingServerHttpClientManager] Destruction of the end

2025-12-21 11:15:23,983 ERROR [HEALTH-CHECK-V2] error while processing NIO task

java.lang.InterruptedException: null
	at java.util.concurrent.locks.AbstractQueuedSynchronizer$ConditionObject.reportInterruptAfterWait(AbstractQueuedSynchronizer.java:2014)
	at java.util.concurrent.locks.AbstractQueuedSynchronizer$ConditionObject.awaitNanos(AbstractQueuedSynchronizer.java:2088)
	at java.util.concurrent.LinkedBlockingQueue.poll(LinkedBlockingQueue.java:467)
	at com.alibaba.nacos.naming.healthcheck.v2.processor.TcpHealthCheckProcessor.processTask(TcpHealthCheckProcessor.java:122)
	at com.alibaba.nacos.naming.healthcheck.v2.processor.TcpHealthCheckProcessor.run(TcpHealthCheckProcessor.java:139)
	at java.util.concurrent.Executors$RunnableAdapter.call(Executors.java:511)
	at java.util.concurrent.FutureTask.run(FutureTask.java:266)
	at java.util.concurrent.ThreadPoolExecutor.runWorker(ThreadPoolExecutor.java:1149)
	at java.util.concurrent.ThreadPoolExecutor$Worker.run(ThreadPoolExecutor.java:624)
	at java.lang.Thread.run(Thread.java:750)
2025-12-21 11:22:01,164 INFO [SelectorManager] Load SelectorContextBuilder(class com.alibaba.nacos.naming.selector.context.CmdbSelectorContextBuilder) contextType(CMDB) successfully.

2025-12-21 11:22:01,164 INFO [SelectorManager] Load SelectorContextBuilder(class com.alibaba.nacos.naming.selector.context.NoneSelectorContextBuilder) contextType(NONE) successfully.

2025-12-21 11:22:01,178 INFO [SelectorManager] Load Selector(class com.alibaba.nacos.naming.selector.LabelSelector) type(label) contextType(CMDB) successfully.

2025-12-21 11:22:01,178 INFO [SelectorManager] Load Selector(class com.alibaba.nacos.naming.selector.NoneSelector) type(none) contextType(NONE) successfully.

2025-12-21 11:22:20,249 INFO Load instance extension handler []

2025-12-21 11:26:18,723 INFO Client connection 1766287577595_172.18.0.7_56198 connect

2025-12-21 11:26:19,343 INFO Client change for service Service{namespace='dev', group='DEFAULT_GROUP', name='product-service', ephemeral=true, revision=0}, 1766287577595_172.18.0.7_56198

2025-12-21 11:26:32,711 INFO Client connection 1766287590362_172.18.0.6_47474 connect

2025-12-21 11:26:33,317 INFO Client change for service Service{namespace='dev', group='DEFAULT_GROUP', name='comment-service', ephemeral=true, revision=0}, 1766287590362_172.18.0.6_47474

2025-12-21 11:26:34,905 INFO Client connection 1766287593038_172.18.0.5_46060 connect

2025-12-21 11:26:35,250 INFO Client change for service Service{namespace='dev', group='DEFAULT_GROUP', name='order-service', ephemeral=true, revision=0}, 1766287593038_172.18.0.5_46060

2025-12-21 11:27:59,440 INFO Client connection 1766287678854_172.18.0.4_58940 connect

2025-12-21 11:27:59,692 INFO Client change for service Service{namespace='dev', group='DEFAULT_GROUP', name='user-service', ephemeral=true, revision=0}, 1766287678854_172.18.0.4_58940

2025-12-21 11:37:48,164 INFO Client remove for service Service{namespace='dev', group='DEFAULT_GROUP', name='product-service', ephemeral=true, revision=1}, 1766287577595_172.18.0.7_56198

2025-12-21 11:37:48,415 INFO Client remove for service Service{namespace='dev', group='DEFAULT_GROUP', name='order-service', ephemeral=true, revision=1}, 1766287593038_172.18.0.5_46060

2025-12-21 11:37:48,419 INFO Client remove for service Service{namespace='dev', group='DEFAULT_GROUP', name='comment-service', ephemeral=true, revision=1}, 1766287590362_172.18.0.6_47474

2025-12-21 11:37:48,452 INFO Client remove for service Service{namespace='dev', group='DEFAULT_GROUP', name='user-service', ephemeral=true, revision=1}, 1766287678854_172.18.0.4_58940

2025-12-21 11:37:48,600 INFO Client remove for service Service{namespace='dev', group='DEFAULT_GROUP', name='order-service', ephemeral=true, revision=2}, 1766287593038_172.18.0.5_46060

2025-12-21 11:37:48,617 INFO Client remove for service Service{namespace='dev', group='DEFAULT_GROUP', name='product-service', ephemeral=true, revision=2}, 1766287577595_172.18.0.7_56198

2025-12-21 11:37:49,170 INFO Client connection 1766287593038_172.18.0.5_46060 disconnect, remove instances and subscribers

2025-12-21 11:37:49,338 INFO Client connection 1766287678854_172.18.0.4_58940 disconnect, remove instances and subscribers

2025-12-21 11:37:49,412 INFO Client connection 1766287577595_172.18.0.7_56198 disconnect, remove instances and subscribers

2025-12-21 11:37:49,475 INFO Client connection 1766287590362_172.18.0.6_47474 disconnect, remove instances and subscribers

2025-12-21 11:37:56,434 WARN [NamingServerHttpClientManager] Start destroying HTTP-Client

2025-12-21 11:37:56,879 ERROR [HEALTH-CHECK-V2] error while processing NIO task

java.lang.InterruptedException: null
	at java.util.concurrent.locks.AbstractQueuedSynchronizer$ConditionObject.reportInterruptAfterWait(AbstractQueuedSynchronizer.java:2014)
	at java.util.concurrent.locks.AbstractQueuedSynchronizer$ConditionObject.awaitNanos(AbstractQueuedSynchronizer.java:2088)
	at java.util.concurrent.LinkedBlockingQueue.poll(LinkedBlockingQueue.java:467)
	at com.alibaba.nacos.naming.healthcheck.v2.processor.TcpHealthCheckProcessor.processTask(TcpHealthCheckProcessor.java:122)
	at com.alibaba.nacos.naming.healthcheck.v2.processor.TcpHealthCheckProcessor.run(TcpHealthCheckProcessor.java:139)
	at java.util.concurrent.Executors$RunnableAdapter.call(Executors.java:511)
	at java.util.concurrent.FutureTask.run(FutureTask.java:266)
	at java.util.concurrent.ThreadPoolExecutor.runWorker(ThreadPoolExecutor.java:1149)
	at java.util.concurrent.ThreadPoolExecutor$Worker.run(ThreadPoolExecutor.java:624)
	at java.lang.Thread.run(Thread.java:750)
2025-12-21 11:37:56,890 WARN [NamingServerHttpClientManager] Destruction of the end

2025-12-21 11:47:57,938 INFO [SelectorManager] Load SelectorContextBuilder(class com.alibaba.nacos.naming.selector.context.CmdbSelectorContextBuilder) contextType(CMDB) successfully.

2025-12-21 11:47:57,942 INFO [SelectorManager] Load SelectorContextBuilder(class com.alibaba.nacos.naming.selector.context.NoneSelectorContextBuilder) contextType(NONE) successfully.

2025-12-21 11:47:57,946 INFO [SelectorManager] Load Selector(class com.alibaba.nacos.naming.selector.LabelSelector) type(label) contextType(CMDB) successfully.

2025-12-21 11:47:57,946 INFO [SelectorManager] Load Selector(class com.alibaba.nacos.naming.selector.NoneSelector) type(none) contextType(NONE) successfully.

2025-12-21 11:48:16,383 INFO Load instance extension handler []

2025-12-21 11:51:44,772 INFO Client connection 1766289103973_172.18.0.6_38724 connect

2025-12-21 11:51:45,244 INFO Client connection 1766289103973_172.18.0.6_38724 disconnect, remove instances and subscribers

2025-12-21 11:51:45,936 INFO Client connection 1766289104776_172.18.0.7_56956 connect

2025-12-21 11:51:46,657 INFO Client change for service Service{namespace='dev', group='DEFAULT_GROUP', name='user-service', ephemeral=true, revision=0}, 1766289104776_172.18.0.7_56956

2025-12-21 11:51:51,253 INFO Client connection 1766289109325_172.18.0.4_49748 connect

2025-12-21 11:51:51,636 INFO Client change for service Service{namespace='dev', group='DEFAULT_GROUP', name='order-service', ephemeral=true, revision=0}, 1766289109325_172.18.0.4_49748

2025-12-21 11:51:56,017 INFO Client connection 1766289115553_172.18.0.5_54186 connect

2025-12-21 11:51:56,286 INFO Client change for service Service{namespace='dev', group='DEFAULT_GROUP', name='comment-service', ephemeral=true, revision=0}, 1766289115553_172.18.0.5_54186

2025-12-21 11:52:59,582 INFO Client connection 1766289178458_172.18.0.6_33530 connect

2025-12-21 11:52:59,908 INFO Client change for service Service{namespace='dev', group='DEFAULT_GROUP', name='product-service', ephemeral=true, revision=0}, 1766289178458_172.18.0.6_33530

2025-12-21 12:00:39,989 INFO Client remove for service Service{namespace='dev', group='DEFAULT_GROUP', name='product-service', ephemeral=true, revision=1}, 1766289178458_172.18.0.6_33530

2025-12-21 12:00:40,487 INFO Client connection 1766289178458_172.18.0.6_33530 disconnect, remove instances and subscribers

2025-12-21 12:01:40,454 WARN namespace : dev, [DEFAULT_GROUP@@product-service] services are automatically cleaned

2025-12-21 12:05:22,057 INFO Client connection 1766289920090_172.18.0.6_54514 connect

2025-12-21 12:05:22,420 INFO Client change for service Service{namespace='dev', group='DEFAULT_GROUP', name='product-service', ephemeral=true, revision=0}, 1766289920090_172.18.0.6_54514

2025-12-21 12:09:21,636 INFO Client remove for service Service{namespace='dev', group='DEFAULT_GROUP', name='product-service', ephemeral=true, revision=1}, 1766289920090_172.18.0.6_54514

2025-12-21 12:09:22,080 INFO Client connection 1766289920090_172.18.0.6_54514 disconnect, remove instances and subscribers

2025-12-21 12:09:22,922 INFO Client remove for service Service{namespace='dev', group='DEFAULT_GROUP', name='comment-service', ephemeral=true, revision=1}, 1766289115553_172.18.0.5_54186

2025-12-21 12:09:23,377 INFO Client connection 1766289115553_172.18.0.5_54186 disconnect, remove instances and subscribers

2025-12-21 12:09:24,236 INFO Client remove for service Service{namespace='dev', group='DEFAULT_GROUP', name='order-service', ephemeral=true, revision=1}, 1766289109325_172.18.0.4_49748

2025-12-21 12:09:24,574 INFO Client connection 1766289109325_172.18.0.4_49748 disconnect, remove instances and subscribers

2025-12-21 12:09:29,763 INFO Client remove for service Service{namespace='dev', group='DEFAULT_GROUP', name='user-service', ephemeral=true, revision=1}, 1766289104776_172.18.0.7_56956

2025-12-21 12:09:30,367 INFO Client connection 1766289104776_172.18.0.7_56956 disconnect, remove instances and subscribers

2025-12-21 12:09:37,018 WARN [NamingServerHttpClientManager] Start destroying HTTP-Client

2025-12-21 12:09:38,458 ERROR [HEALTH-CHECK-V2] error while processing NIO task

java.lang.InterruptedException: null
	at java.util.concurrent.locks.AbstractQueuedSynchronizer$ConditionObject.reportInterruptAfterWait(AbstractQueuedSynchronizer.java:2014)
	at java.util.concurrent.locks.AbstractQueuedSynchronizer$ConditionObject.awaitNanos(AbstractQueuedSynchronizer.java:2088)
	at java.util.concurrent.LinkedBlockingQueue.poll(LinkedBlockingQueue.java:467)
	at com.alibaba.nacos.naming.healthcheck.v2.processor.TcpHealthCheckProcessor.processTask(TcpHealthCheckProcessor.java:122)
	at com.alibaba.nacos.naming.healthcheck.v2.processor.TcpHealthCheckProcessor.run(TcpHealthCheckProcessor.java:139)
	at java.util.concurrent.Executors$RunnableAdapter.call(Executors.java:511)
	at java.util.concurrent.FutureTask.run(FutureTask.java:266)
	at java.util.concurrent.ThreadPoolExecutor.runWorker(ThreadPoolExecutor.java:1149)
	at java.util.concurrent.ThreadPoolExecutor$Worker.run(ThreadPoolExecutor.java:624)
	at java.lang.Thread.run(Thread.java:750)
2025-12-21 12:09:39,669 WARN [NamingServerHttpClientManager] Destruction of the end

