2025-12-20 15:42:06,607 INFO Not configure type of control plugin, no limit control for current node.

2025-12-20 15:42:06,620 INFO Load connection metrics collector,size=2,[com.alibaba.nacos.config.server.service.LongPollingConnectionMetricsCollector@3f33c5e4, com.alibaba.nacos.core.remote.LongConnectionMetricsCollector@92fa950]

2025-12-20 15:42:06,738 INFO No connection rule content found ,use default empty rule 

2025-12-20 15:42:07,114 INFO No tps control rule of CONFIG_PUSH_COUNT found,content =null  

2025-12-20 15:42:07,117 WARN Tps point for CONFIG_PUSH_COUNT registered, But tps control manager is no limit implementation.

2025-12-20 15:42:07,244 INFO No tps control rule of CONFIG_PUSH_SUCCESS found,content =null  

2025-12-20 15:42:07,244 WARN Tps point for CONFIG_PUSH_SUCCESS registered, But tps control manager is no limit implementation.

2025-12-20 15:42:07,247 INFO No tps control rule of CONFIG_PUSH_FAIL found,content =null  

2025-12-20 15:42:07,287 WARN Tps point for CONFIG_PUSH_FAIL registered, But tps control manager is no limit implementation.

2025-12-20 15:43:54,521 INFO No tps control rule of ConfigListen found,content =null  

2025-12-20 15:43:54,555 WARN Tps point for ConfigListen registered, But tps control manager is no limit implementation.

2025-12-20 15:43:54,593 INFO No tps control rule of ClusterConfigChangeNotify found,content =null  

2025-12-20 15:43:54,628 WARN Tps point for ClusterConfigChangeNotify registered, But tps control manager is no limit implementation.

2025-12-20 15:43:54,891 INFO No tps control rule of ConfigFuzzyWatch found,content =null  

2025-12-20 15:43:54,937 WARN Tps point for ConfigFuzzyWatch registered, But tps control manager is no limit implementation.

2025-12-20 15:43:54,993 INFO No tps control rule of ConfigPublish found,content =null  

2025-12-20 15:43:55,023 WARN Tps point for ConfigPublish registered, But tps control manager is no limit implementation.

2025-12-20 15:43:55,049 INFO No tps control rule of ConfigQuery found,content =null  

2025-12-20 15:43:55,049 WARN Tps point for ConfigQuery registered, But tps control manager is no limit implementation.

2025-12-20 15:43:55,050 INFO No tps control rule of ConfigRemove found,content =null  

2025-12-20 15:43:55,050 WARN Tps point for ConfigRemove registered, But tps control manager is no limit implementation.

2025-12-20 15:43:55,061 INFO No tps control rule of HealthCheck found,content =null  

2025-12-20 15:43:55,062 WARN Tps point for HealthCheck registered, But tps control manager is no limit implementation.

2025-12-20 15:43:55,070 INFO No tps control rule of RemoteNamingInstanceBatchRegister found,content =null  

2025-12-20 15:43:55,072 WARN Tps point for RemoteNamingInstanceBatchRegister registered, But tps control manager is no limit implementation.

2025-12-20 15:43:55,079 INFO No tps control rule of RemoteNamingInstanceRegisterDeregister found,content =null  

2025-12-20 15:43:55,084 WARN Tps point for RemoteNamingInstanceRegisterDeregister registered, But tps control manager is no limit implementation.

2025-12-20 15:43:55,089 WARN Tps point for RemoteNamingInstanceRegisterDeregister registered, But tps control manager is no limit implementation.

2025-12-20 15:43:55,104 INFO No tps control rule of RemoteNamingServiceListQuery found,content =null  

2025-12-20 15:43:55,157 WARN Tps point for RemoteNamingServiceListQuery registered, But tps control manager is no limit implementation.

2025-12-20 15:43:55,171 INFO No tps control rule of RemoteNamingServiceQuery found,content =null  

2025-12-20 15:43:55,175 WARN Tps point for RemoteNamingServiceQuery registered, But tps control manager is no limit implementation.

2025-12-20 15:43:55,181 INFO No tps control rule of RemoteNamingServiceSubscribeUnSubscribe found,content =null  

2025-12-20 15:43:55,182 WARN Tps point for RemoteNamingServiceSubscribeUnSubscribe registered, But tps control manager is no limit implementation.

2025-12-20 15:44:34,840 INFO No tps control rule of NamingServiceSubscribe found,content =null  

2025-12-20 15:44:34,841 WARN Tps point for NamingServiceSubscribe registered, But tps control manager is no limit implementation.

2025-12-20 15:44:34,874 INFO No tps control rule of HttpHealthCheck found,content =null  

2025-12-20 15:44:34,883 WARN Tps point for HttpHealthCheck registered, But tps control manager is no limit implementation.

2025-12-20 15:44:34,893 INFO No tps control rule of NamingInstanceMetadataUpdate found,content =null  

2025-12-20 15:44:34,909 WARN Tps point for NamingInstanceMetadataUpdate registered, But tps control manager is no limit implementation.

2025-12-20 15:44:34,914 WARN Tps point for NamingServiceSubscribe registered, But tps control manager is no limit implementation.

2025-12-20 15:44:34,958 INFO No tps control rule of NamingServiceUpdate found,content =null  

2025-12-20 15:44:34,970 WARN Tps point for NamingServiceUpdate registered, But tps control manager is no limit implementation.

2025-12-20 15:44:34,997 INFO No tps control rule of NamingInstanceDeregister found,content =null  

2025-12-20 15:44:34,998 WARN Tps point for NamingInstanceDeregister registered, But tps control manager is no limit implementation.

2025-12-20 15:44:34,999 INFO No tps control rule of NamingServiceListQuery found,content =null  

2025-12-20 15:44:35,005 WARN Tps point for NamingServiceListQuery registered, But tps control manager is no limit implementation.

2025-12-20 15:44:35,014 INFO No tps control rule of NamingServiceQuery found,content =null  

2025-12-20 15:44:35,017 WARN Tps point for NamingServiceQuery registered, But tps control manager is no limit implementation.

2025-12-20 15:44:35,035 INFO No tps control rule of NamingInstanceUpdate found,content =null  

2025-12-20 15:44:35,039 WARN Tps point for NamingInstanceUpdate registered, But tps control manager is no limit implementation.

2025-12-20 15:44:35,042 WARN Tps point for ConfigPublish registered, But tps control manager is no limit implementation.

2025-12-20 15:44:35,047 INFO No tps control rule of NamingInstanceRegister found,content =null  

2025-12-20 15:44:35,055 WARN Tps point for NamingInstanceRegister registered, But tps control manager is no limit implementation.

2025-12-20 15:44:35,060 WARN Tps point for NamingInstanceDeregister registered, But tps control manager is no limit implementation.

2025-12-20 15:44:35,073 INFO No tps control rule of NamingInstanceQuery found,content =null  

2025-12-20 15:44:35,074 WARN Tps point for NamingInstanceQuery registered, But tps control manager is no limit implementation.

2025-12-20 15:44:35,088 WARN Tps point for NamingInstanceUpdate registered, But tps control manager is no limit implementation.

2025-12-20 15:44:35,092 WARN Tps point for NamingInstanceMetadataUpdate registered, But tps control manager is no limit implementation.

2025-12-20 15:44:35,095 INFO No tps control rule of NamingServiceDeregister found,content =null  

2025-12-20 15:44:35,106 WARN Tps point for NamingServiceDeregister registered, But tps control manager is no limit implementation.

2025-12-20 15:44:35,113 WARN Tps point for ConfigQuery registered, But tps control manager is no limit implementation.

2025-12-20 15:44:35,115 WARN Tps point for NamingInstanceRegister registered, But tps control manager is no limit implementation.

2025-12-20 15:44:35,117 WARN Tps point for NamingServiceQuery registered, But tps control manager is no limit implementation.

2025-12-20 15:44:35,125 WARN Tps point for NamingServiceSubscribe registered, But tps control manager is no limit implementation.

2025-12-20 15:44:35,149 INFO No tps control rule of NamingServiceRegister found,content =null  

2025-12-20 15:44:35,157 WARN Tps point for NamingServiceRegister registered, But tps control manager is no limit implementation.

2025-12-20 15:44:35,161 WARN Tps point for NamingInstanceMetadataUpdate registered, But tps control manager is no limit implementation.

2025-12-20 15:44:35,172 WARN Tps point for NamingInstanceDeregister registered, But tps control manager is no limit implementation.

2025-12-20 15:44:35,182 WARN Tps point for NamingInstanceRegister registered, But tps control manager is no limit implementation.

2025-12-20 15:44:35,215 WARN Tps point for NamingServiceQuery registered, But tps control manager is no limit implementation.

2025-12-20 15:44:35,226 WARN Tps point for NamingServiceDeregister registered, But tps control manager is no limit implementation.

2025-12-20 15:44:35,237 WARN Tps point for NamingServiceRegister registered, But tps control manager is no limit implementation.

2025-12-20 15:44:35,245 WARN Tps point for ConfigQuery registered, But tps control manager is no limit implementation.

2025-12-20 15:44:35,254 WARN Tps point for NamingInstanceMetadataUpdate registered, But tps control manager is no limit implementation.

2025-12-20 15:44:35,255 WARN Tps point for NamingServiceListQuery registered, But tps control manager is no limit implementation.

2025-12-20 15:44:35,263 WARN Tps point for NamingServiceDeregister registered, But tps control manager is no limit implementation.

2025-12-20 15:44:35,266 WARN Tps point for NamingInstanceQuery registered, But tps control manager is no limit implementation.

2025-12-20 15:44:35,277 WARN Tps point for HttpHealthCheck registered, But tps control manager is no limit implementation.

2025-12-20 15:44:35,278 WARN Tps point for NamingInstanceMetadataUpdate registered, But tps control manager is no limit implementation.

2025-12-20 15:44:35,283 WARN Tps point for NamingServiceUpdate registered, But tps control manager is no limit implementation.

2025-12-20 15:44:35,284 WARN Tps point for NamingServiceRegister registered, But tps control manager is no limit implementation.

2025-12-20 15:44:35,294 WARN Tps point for NamingInstanceUpdate registered, But tps control manager is no limit implementation.

2025-12-20 15:44:35,314 WARN Tps point for NamingInstanceRegister registered, But tps control manager is no limit implementation.

2025-12-20 15:44:35,322 WARN Tps point for NamingInstanceDeregister registered, But tps control manager is no limit implementation.

2025-12-20 15:44:35,331 WARN Tps point for ConfigPublish registered, But tps control manager is no limit implementation.

2025-12-20 15:44:35,332 WARN Tps point for NamingInstanceMetadataUpdate registered, But tps control manager is no limit implementation.

2025-12-20 15:44:35,341 WARN Tps point for NamingServiceListQuery registered, But tps control manager is no limit implementation.

2025-12-20 15:44:35,342 WARN Tps point for ConfigQuery registered, But tps control manager is no limit implementation.

2025-12-20 15:44:35,343 WARN Tps point for NamingInstanceQuery registered, But tps control manager is no limit implementation.

2025-12-20 15:44:35,343 WARN Tps point for NamingServiceUpdate registered, But tps control manager is no limit implementation.

2025-12-20 15:44:35,345 WARN Tps point for NamingServiceSubscribe registered, But tps control manager is no limit implementation.

2025-12-20 15:58:58,033 INFO Not configure type of control plugin, no limit control for current node.

2025-12-20 15:58:58,082 INFO Load connection metrics collector,size=2,[com.alibaba.nacos.config.server.service.LongPollingConnectionMetricsCollector@6f5df147, com.alibaba.nacos.core.remote.LongConnectionMetricsCollector@7cecd959]

2025-12-20 15:58:58,212 INFO No connection rule content found ,use default empty rule 

2025-12-20 15:58:58,540 INFO No tps control rule of CONFIG_PUSH_COUNT found,content =null  

2025-12-20 15:58:58,546 WARN Tps point for CONFIG_PUSH_COUNT registered, But tps control manager is no limit implementation.

2025-12-20 15:58:58,585 INFO No tps control rule of CONFIG_PUSH_SUCCESS found,content =null  

2025-12-20 15:58:58,622 WARN Tps point for CONFIG_PUSH_SUCCESS registered, But tps control manager is no limit implementation.

2025-12-20 15:58:58,633 INFO No tps control rule of CONFIG_PUSH_FAIL found,content =null  

2025-12-20 15:58:58,640 WARN Tps point for CONFIG_PUSH_FAIL registered, But tps control manager is no limit implementation.

2025-12-20 16:00:29,129 INFO No tps control rule of ConfigListen found,content =null  

2025-12-20 16:00:29,147 WARN Tps point for ConfigListen registered, But tps control manager is no limit implementation.

2025-12-20 16:00:29,195 INFO No tps control rule of ClusterConfigChangeNotify found,content =null  

2025-12-20 16:00:29,202 WARN Tps point for ClusterConfigChangeNotify registered, But tps control manager is no limit implementation.

2025-12-20 16:00:29,513 INFO No tps control rule of ConfigFuzzyWatch found,content =null  

2025-12-20 16:00:29,520 WARN Tps point for ConfigFuzzyWatch registered, But tps control manager is no limit implementation.

2025-12-20 16:00:29,555 INFO No tps control rule of ConfigPublish found,content =null  

2025-12-20 16:00:29,574 WARN Tps point for ConfigPublish registered, But tps control manager is no limit implementation.

2025-12-20 16:00:29,646 INFO No tps control rule of ConfigQuery found,content =null  

2025-12-20 16:00:29,659 WARN Tps point for ConfigQuery registered, But tps control manager is no limit implementation.

2025-12-20 16:00:29,694 INFO No tps control rule of ConfigRemove found,content =null  

2025-12-20 16:00:29,773 WARN Tps point for ConfigRemove registered, But tps control manager is no limit implementation.

2025-12-20 16:00:29,847 INFO No tps control rule of HealthCheck found,content =null  

2025-12-20 16:00:29,851 WARN Tps point for HealthCheck registered, But tps control manager is no limit implementation.

2025-12-20 16:00:29,859 INFO No tps control rule of RemoteNamingInstanceBatchRegister found,content =null  

2025-12-20 16:00:29,868 WARN Tps point for RemoteNamingInstanceBatchRegister registered, But tps control manager is no limit implementation.

2025-12-20 16:00:29,882 INFO No tps control rule of RemoteNamingInstanceRegisterDeregister found,content =null  

2025-12-20 16:00:29,884 WARN Tps point for RemoteNamingInstanceRegisterDeregister registered, But tps control manager is no limit implementation.

2025-12-20 16:00:29,890 WARN Tps point for RemoteNamingInstanceRegisterDeregister registered, But tps control manager is no limit implementation.

2025-12-20 16:00:29,901 INFO No tps control rule of RemoteNamingServiceListQuery found,content =null  

2025-12-20 16:00:29,927 WARN Tps point for RemoteNamingServiceListQuery registered, But tps control manager is no limit implementation.

2025-12-20 16:00:29,938 INFO No tps control rule of RemoteNamingServiceQuery found,content =null  

2025-12-20 16:00:29,948 WARN Tps point for RemoteNamingServiceQuery registered, But tps control manager is no limit implementation.

2025-12-20 16:00:29,965 INFO No tps control rule of RemoteNamingServiceSubscribeUnSubscribe found,content =null  

2025-12-20 16:00:30,003 WARN Tps point for RemoteNamingServiceSubscribeUnSubscribe registered, But tps control manager is no limit implementation.

2025-12-20 16:01:53,075 INFO No tps control rule of NamingInstanceRegister found,content =null  

2025-12-20 16:01:53,083 WARN Tps point for NamingInstanceRegister registered, But tps control manager is no limit implementation.

2025-12-20 16:01:53,101 WARN Tps point for ConfigPublish registered, But tps control manager is no limit implementation.

2025-12-20 16:01:53,112 INFO No tps control rule of HttpHealthCheck found,content =null  

2025-12-20 16:01:53,115 WARN Tps point for HttpHealthCheck registered, But tps control manager is no limit implementation.

2025-12-20 16:01:53,130 INFO No tps control rule of NamingServiceListQuery found,content =null  

2025-12-20 16:01:53,153 WARN Tps point for NamingServiceListQuery registered, But tps control manager is no limit implementation.

2025-12-20 16:01:53,159 INFO No tps control rule of NamingInstanceDeregister found,content =null  

2025-12-20 16:01:53,160 WARN Tps point for NamingInstanceDeregister registered, But tps control manager is no limit implementation.

2025-12-20 16:01:53,178 WARN Tps point for ConfigQuery registered, But tps control manager is no limit implementation.

2025-12-20 16:01:53,193 INFO No tps control rule of NamingInstanceUpdate found,content =null  

2025-12-20 16:01:53,194 WARN Tps point for NamingInstanceUpdate registered, But tps control manager is no limit implementation.

2025-12-20 16:01:53,207 INFO No tps control rule of NamingInstanceQuery found,content =null  

2025-12-20 16:01:53,209 WARN Tps point for NamingInstanceQuery registered, But tps control manager is no limit implementation.

2025-12-20 16:01:53,227 INFO No tps control rule of NamingServiceSubscribe found,content =null  

2025-12-20 16:01:53,231 WARN Tps point for NamingServiceSubscribe registered, But tps control manager is no limit implementation.

2025-12-20 16:01:53,238 WARN Tps point for NamingInstanceRegister registered, But tps control manager is no limit implementation.

2025-12-20 16:01:53,255 WARN Tps point for NamingInstanceDeregister registered, But tps control manager is no limit implementation.

2025-12-20 16:01:53,269 WARN Tps point for NamingServiceSubscribe registered, But tps control manager is no limit implementation.

2025-12-20 16:01:53,277 INFO No tps control rule of NamingServiceDeregister found,content =null  

2025-12-20 16:01:53,282 WARN Tps point for NamingServiceDeregister registered, But tps control manager is no limit implementation.

2025-12-20 16:01:53,298 INFO No tps control rule of NamingInstanceMetadataUpdate found,content =null  

2025-12-20 16:01:53,314 WARN Tps point for NamingInstanceMetadataUpdate registered, But tps control manager is no limit implementation.

2025-12-20 16:01:53,315 WARN Tps point for NamingServiceSubscribe registered, But tps control manager is no limit implementation.

2025-12-20 16:01:53,325 WARN Tps point for NamingServiceListQuery registered, But tps control manager is no limit implementation.

2025-12-20 16:01:53,328 WARN Tps point for NamingInstanceMetadataUpdate registered, But tps control manager is no limit implementation.

2025-12-20 16:01:53,350 INFO No tps control rule of NamingServiceUpdate found,content =null  

2025-12-20 16:01:53,352 WARN Tps point for NamingServiceUpdate registered, But tps control manager is no limit implementation.

2025-12-20 16:01:53,374 INFO No tps control rule of NamingServiceQuery found,content =null  

2025-12-20 16:01:53,386 WARN Tps point for NamingServiceQuery registered, But tps control manager is no limit implementation.

2025-12-20 16:01:53,391 WARN Tps point for NamingInstanceDeregister registered, But tps control manager is no limit implementation.

2025-12-20 16:01:53,398 WARN Tps point for ConfigPublish registered, But tps control manager is no limit implementation.

2025-12-20 16:01:53,399 WARN Tps point for NamingInstanceMetadataUpdate registered, But tps control manager is no limit implementation.

2025-12-20 16:01:53,399 WARN Tps point for NamingInstanceUpdate registered, But tps control manager is no limit implementation.

2025-12-20 16:01:53,401 WARN Tps point for NamingInstanceQuery registered, But tps control manager is no limit implementation.

2025-12-20 16:01:53,412 WARN Tps point for NamingServiceDeregister registered, But tps control manager is no limit implementation.

2025-12-20 16:01:53,414 WARN Tps point for ConfigQuery registered, But tps control manager is no limit implementation.

2025-12-20 16:01:53,416 WARN Tps point for NamingServiceUpdate registered, But tps control manager is no limit implementation.

2025-12-20 16:01:53,416 WARN Tps point for NamingInstanceRegister registered, But tps control manager is no limit implementation.

2025-12-20 16:01:53,418 WARN Tps point for NamingServiceQuery registered, But tps control manager is no limit implementation.

2025-12-20 16:01:53,418 WARN Tps point for ConfigQuery registered, But tps control manager is no limit implementation.

2025-12-20 16:01:53,418 WARN Tps point for NamingServiceSubscribe registered, But tps control manager is no limit implementation.

2025-12-20 16:01:53,421 WARN Tps point for NamingInstanceMetadataUpdate registered, But tps control manager is no limit implementation.

2025-12-20 16:01:53,439 INFO No tps control rule of NamingServiceRegister found,content =null  

2025-12-20 16:01:53,462 WARN Tps point for NamingServiceRegister registered, But tps control manager is no limit implementation.

2025-12-20 16:01:53,491 WARN Tps point for HttpHealthCheck registered, But tps control manager is no limit implementation.

2025-12-20 16:01:53,506 WARN Tps point for NamingInstanceMetadataUpdate registered, But tps control manager is no limit implementation.

2025-12-20 16:01:53,535 WARN Tps point for NamingServiceDeregister registered, But tps control manager is no limit implementation.

2025-12-20 16:01:53,549 WARN Tps point for NamingServiceUpdate registered, But tps control manager is no limit implementation.

2025-12-20 16:01:53,552 WARN Tps point for NamingInstanceRegister registered, But tps control manager is no limit implementation.

2025-12-20 16:01:53,558 WARN Tps point for NamingServiceQuery registered, But tps control manager is no limit implementation.

2025-12-20 16:01:53,564 WARN Tps point for NamingInstanceMetadataUpdate registered, But tps control manager is no limit implementation.

2025-12-20 16:01:53,574 WARN Tps point for NamingInstanceDeregister registered, But tps control manager is no limit implementation.

2025-12-20 16:01:53,584 WARN Tps point for NamingServiceRegister registered, But tps control manager is no limit implementation.

2025-12-20 16:01:53,584 WARN Tps point for NamingServiceListQuery registered, But tps control manager is no limit implementation.

2025-12-20 16:01:53,587 WARN Tps point for NamingInstanceUpdate registered, But tps control manager is no limit implementation.

2025-12-20 16:01:53,599 WARN Tps point for NamingInstanceQuery registered, But tps control manager is no limit implementation.

2025-12-20 16:01:53,634 WARN Tps point for NamingServiceRegister registered, But tps control manager is no limit implementation.

2025-12-20 16:19:21,192 INFO Not configure type of control plugin, no limit control for current node.

2025-12-20 16:19:21,288 INFO Load connection metrics collector,size=2,[com.alibaba.nacos.config.server.service.LongPollingConnectionMetricsCollector@1df77353, com.alibaba.nacos.core.remote.LongConnectionMetricsCollector@70720b78]

2025-12-20 16:19:21,378 INFO No connection rule content found ,use default empty rule 

2025-12-20 16:19:21,742 INFO No tps control rule of CONFIG_PUSH_COUNT found,content =null  

2025-12-20 16:19:21,753 WARN Tps point for CONFIG_PUSH_COUNT registered, But tps control manager is no limit implementation.

2025-12-20 16:19:21,798 INFO No tps control rule of CONFIG_PUSH_SUCCESS found,content =null  

2025-12-20 16:19:21,801 WARN Tps point for CONFIG_PUSH_SUCCESS registered, But tps control manager is no limit implementation.

2025-12-20 16:19:21,845 INFO No tps control rule of CONFIG_PUSH_FAIL found,content =null  

2025-12-20 16:19:21,859 WARN Tps point for CONFIG_PUSH_FAIL registered, But tps control manager is no limit implementation.

2025-12-20 16:20:38,951 INFO No tps control rule of ConfigListen found,content =null  

2025-12-20 16:20:38,952 WARN Tps point for ConfigListen registered, But tps control manager is no limit implementation.

2025-12-20 16:20:38,963 INFO No tps control rule of ClusterConfigChangeNotify found,content =null  

2025-12-20 16:20:38,970 WARN Tps point for ClusterConfigChangeNotify registered, But tps control manager is no limit implementation.

2025-12-20 16:20:39,227 INFO No tps control rule of ConfigFuzzyWatch found,content =null  

2025-12-20 16:20:39,231 WARN Tps point for ConfigFuzzyWatch registered, But tps control manager is no limit implementation.

2025-12-20 16:20:39,240 INFO No tps control rule of ConfigPublish found,content =null  

2025-12-20 16:20:39,241 WARN Tps point for ConfigPublish registered, But tps control manager is no limit implementation.

2025-12-20 16:20:39,251 INFO No tps control rule of ConfigQuery found,content =null  

2025-12-20 16:20:39,251 WARN Tps point for ConfigQuery registered, But tps control manager is no limit implementation.

2025-12-20 16:20:39,252 INFO No tps control rule of ConfigRemove found,content =null  

2025-12-20 16:20:39,260 WARN Tps point for ConfigRemove registered, But tps control manager is no limit implementation.

2025-12-20 16:20:39,271 INFO No tps control rule of HealthCheck found,content =null  

2025-12-20 16:20:39,273 WARN Tps point for HealthCheck registered, But tps control manager is no limit implementation.

2025-12-20 16:20:39,283 INFO No tps control rule of RemoteNamingInstanceBatchRegister found,content =null  

2025-12-20 16:20:39,306 WARN Tps point for RemoteNamingInstanceBatchRegister registered, But tps control manager is no limit implementation.

2025-12-20 16:20:39,312 INFO No tps control rule of RemoteNamingInstanceRegisterDeregister found,content =null  

2025-12-20 16:20:39,314 WARN Tps point for RemoteNamingInstanceRegisterDeregister registered, But tps control manager is no limit implementation.

2025-12-20 16:20:39,315 WARN Tps point for RemoteNamingInstanceRegisterDeregister registered, But tps control manager is no limit implementation.

2025-12-20 16:20:39,329 INFO No tps control rule of RemoteNamingServiceListQuery found,content =null  

2025-12-20 16:20:39,332 WARN Tps point for RemoteNamingServiceListQuery registered, But tps control manager is no limit implementation.

2025-12-20 16:20:39,340 INFO No tps control rule of RemoteNamingServiceQuery found,content =null  

2025-12-20 16:20:39,346 WARN Tps point for RemoteNamingServiceQuery registered, But tps control manager is no limit implementation.

2025-12-20 16:20:39,360 INFO No tps control rule of RemoteNamingServiceSubscribeUnSubscribe found,content =null  

2025-12-20 16:20:39,360 WARN Tps point for RemoteNamingServiceSubscribeUnSubscribe registered, But tps control manager is no limit implementation.

2025-12-20 16:21:08,629 INFO No tps control rule of NamingServiceUpdate found,content =null  

2025-12-20 16:21:08,631 WARN Tps point for NamingServiceUpdate registered, But tps control manager is no limit implementation.

2025-12-20 16:21:08,636 INFO No tps control rule of NamingInstanceMetadataUpdate found,content =null  

2025-12-20 16:21:08,639 WARN Tps point for NamingInstanceMetadataUpdate registered, But tps control manager is no limit implementation.

2025-12-20 16:21:08,646 INFO No tps control rule of HttpHealthCheck found,content =null  

2025-12-20 16:21:08,648 WARN Tps point for HttpHealthCheck registered, But tps control manager is no limit implementation.

2025-12-20 16:21:08,660 INFO No tps control rule of NamingInstanceQuery found,content =null  

2025-12-20 16:21:08,661 WARN Tps point for NamingInstanceQuery registered, But tps control manager is no limit implementation.

2025-12-20 16:21:08,672 INFO No tps control rule of NamingServiceListQuery found,content =null  

2025-12-20 16:21:08,682 WARN Tps point for NamingServiceListQuery registered, But tps control manager is no limit implementation.

2025-12-20 16:21:08,693 INFO No tps control rule of NamingInstanceDeregister found,content =null  

2025-12-20 16:21:08,699 WARN Tps point for NamingInstanceDeregister registered, But tps control manager is no limit implementation.

2025-12-20 16:21:08,701 INFO No tps control rule of NamingInstanceRegister found,content =null  

2025-12-20 16:21:08,702 WARN Tps point for NamingInstanceRegister registered, But tps control manager is no limit implementation.

2025-12-20 16:21:08,712 INFO No tps control rule of NamingServiceSubscribe found,content =null  

2025-12-20 16:21:08,716 WARN Tps point for NamingServiceSubscribe registered, But tps control manager is no limit implementation.

2025-12-20 16:21:08,718 WARN Tps point for NamingInstanceMetadataUpdate registered, But tps control manager is no limit implementation.

2025-12-20 16:21:08,718 WARN Tps point for ConfigQuery registered, But tps control manager is no limit implementation.

2025-12-20 16:21:08,722 INFO No tps control rule of NamingServiceDeregister found,content =null  

2025-12-20 16:21:08,725 WARN Tps point for NamingServiceDeregister registered, But tps control manager is no limit implementation.

2025-12-20 16:21:08,727 INFO No tps control rule of NamingServiceRegister found,content =null  

2025-12-20 16:21:08,730 WARN Tps point for NamingServiceRegister registered, But tps control manager is no limit implementation.

2025-12-20 16:21:08,730 WARN Tps point for ConfigQuery registered, But tps control manager is no limit implementation.

2025-12-20 16:21:08,733 WARN Tps point for NamingInstanceMetadataUpdate registered, But tps control manager is no limit implementation.

2025-12-20 16:21:08,736 WARN Tps point for NamingInstanceQuery registered, But tps control manager is no limit implementation.

2025-12-20 16:21:08,746 INFO No tps control rule of NamingServiceQuery found,content =null  

2025-12-20 16:21:08,749 WARN Tps point for NamingServiceQuery registered, But tps control manager is no limit implementation.

2025-12-20 16:21:08,753 WARN Tps point for NamingInstanceRegister registered, But tps control manager is no limit implementation.

2025-12-20 16:21:08,755 WARN Tps point for NamingServiceDeregister registered, But tps control manager is no limit implementation.

2025-12-20 16:21:08,755 WARN Tps point for NamingInstanceRegister registered, But tps control manager is no limit implementation.

2025-12-20 16:21:08,756 WARN Tps point for ConfigPublish registered, But tps control manager is no limit implementation.

2025-12-20 16:21:08,758 WARN Tps point for NamingServiceQuery registered, But tps control manager is no limit implementation.

2025-12-20 16:21:08,762 WARN Tps point for NamingInstanceDeregister registered, But tps control manager is no limit implementation.

2025-12-20 16:21:08,764 INFO No tps control rule of NamingInstanceUpdate found,content =null  

2025-12-20 16:21:08,766 WARN Tps point for NamingInstanceUpdate registered, But tps control manager is no limit implementation.

2025-12-20 16:21:08,777 WARN Tps point for NamingServiceDeregister registered, But tps control manager is no limit implementation.

2025-12-20 16:21:08,777 WARN Tps point for NamingInstanceMetadataUpdate registered, But tps control manager is no limit implementation.

2025-12-20 16:21:08,777 WARN Tps point for NamingInstanceQuery registered, But tps control manager is no limit implementation.

2025-12-20 16:21:08,778 WARN Tps point for NamingInstanceDeregister registered, But tps control manager is no limit implementation.

2025-12-20 16:21:08,778 WARN Tps point for NamingServiceQuery registered, But tps control manager is no limit implementation.

2025-12-20 16:21:08,779 WARN Tps point for NamingServiceListQuery registered, But tps control manager is no limit implementation.

2025-12-20 16:21:08,779 WARN Tps point for NamingInstanceUpdate registered, But tps control manager is no limit implementation.

2025-12-20 16:21:08,779 WARN Tps point for NamingServiceSubscribe registered, But tps control manager is no limit implementation.

2025-12-20 16:21:08,785 WARN Tps point for NamingServiceUpdate registered, But tps control manager is no limit implementation.

2025-12-20 16:21:08,785 WARN Tps point for NamingInstanceDeregister registered, But tps control manager is no limit implementation.

2025-12-20 16:21:08,785 WARN Tps point for NamingServiceSubscribe registered, But tps control manager is no limit implementation.

2025-12-20 16:21:08,786 WARN Tps point for NamingInstanceMetadataUpdate registered, But tps control manager is no limit implementation.

2025-12-20 16:21:08,790 WARN Tps point for HttpHealthCheck registered, But tps control manager is no limit implementation.

2025-12-20 16:21:08,790 WARN Tps point for ConfigPublish registered, But tps control manager is no limit implementation.

2025-12-20 16:21:08,790 WARN Tps point for NamingInstanceRegister registered, But tps control manager is no limit implementation.

2025-12-20 16:21:08,790 WARN Tps point for NamingServiceSubscribe registered, But tps control manager is no limit implementation.

2025-12-20 16:21:08,791 WARN Tps point for NamingServiceRegister registered, But tps control manager is no limit implementation.

2025-12-20 16:21:08,795 WARN Tps point for ConfigQuery registered, But tps control manager is no limit implementation.

2025-12-20 16:21:08,795 WARN Tps point for NamingServiceUpdate registered, But tps control manager is no limit implementation.

2025-12-20 16:21:08,814 WARN Tps point for NamingServiceListQuery registered, But tps control manager is no limit implementation.

2025-12-20 16:21:08,815 WARN Tps point for NamingInstanceMetadataUpdate registered, But tps control manager is no limit implementation.

2025-12-20 16:21:08,816 WARN Tps point for NamingServiceRegister registered, But tps control manager is no limit implementation.

2025-12-20 16:21:08,817 WARN Tps point for NamingInstanceUpdate registered, But tps control manager is no limit implementation.

