2025-12-20 15:42:09,705 INFO [ClientConnectionEventListenerRegistry] registry listener - ConfigConnectionEventListener

2025-12-20 15:42:13,431 INFO Nacos GrpcSdkServer Rpc server starting at port 9848

2025-12-20 15:42:16,674 INFO Load ProtocolNegotiatorBuilder com.alibaba.nacos.core.remote.grpc.negotiator.tls.SdkDefaultTlsProtocolNegotiatorBuilder for type DEFAULT_TLS

2025-12-20 15:42:16,729 INFO Load ProtocolNegotiatorBuilder com.alibaba.nacos.core.remote.grpc.negotiator.tls.ClusterDefaultTlsProtocolNegotiatorBuilder for type CLUSTER_DEFAULT_TLS

2025-12-20 15:42:16,743 WARN Not found ProtocolNegotiatorBuilder for type nacos.remote.server.rpc.protocol.negotiator.type, will use default type nacos.remote.server.rpc.protocol.negotiator.type

2025-12-20 15:42:16,905 WARN Recommended use 'nacos.remote.server.grpc.sdk.max-inbound-message-size' property instead 'nacos.remote.server.grpc.maxinbound.message.size', now property value is 10485760

2025-12-20 15:42:19,034 INFO Ssl Context auto refresh is not supported.

2025-12-20 15:42:19,036 INFO Ssl Context auto refresh is not supported.

2025-12-20 15:42:19,040 INFO RpcServerSslContextRefresher initialization completed.

2025-12-20 15:42:19,049 INFO Nacos GrpcSdkServer Rpc server started at port 9848

2025-12-20 15:42:19,119 INFO Nacos GrpcClusterServer Rpc server starting at port 9849

2025-12-20 15:42:19,131 WARN Not found ProtocolNegotiatorBuilder for type nacos.remote.cluster.server.rpc.protocol.negotiator.type, will use default type nacos.remote.cluster.server.rpc.protocol.negotiator.type

2025-12-20 15:42:19,168 WARN Recommended use 'nacos.remote.server.grpc.cluster.max-inbound-message-size' property instead 'nacos.remote.server.grpc.maxinbound.message.size', now property value is 10485760

2025-12-20 15:42:19,206 INFO Nacos GrpcClusterServer Rpc server started at port 9849

2025-12-20 15:42:20,554 INFO [ClientConnectionEventListenerRegistry] registry listener - RpcAckCallbackInitorOrCleaner

2025-12-20 15:42:23,114 INFO [ClientConnectionEventListenerRegistry] registry listener - ConnectionBasedClientManager

2025-12-20 15:43:20,417 INFO [ClientConnectionEventListenerRegistry] registry listener - AiConnectionBasedClientManager

2025-12-20 15:54:05,044 INFO Nacos GrpcClusterServer Rpc server stopping

2025-12-20 15:54:05,067 INFO Nacos GrpcSdkServer Rpc server stopping

2025-12-20 15:54:06,684 INFO Nacos GrpcSdkServer Rpc server stopped successfully...

2025-12-20 15:54:06,685 INFO Nacos GrpcClusterServer Rpc server stopped successfully...

2025-12-20 15:59:01,230 INFO [ClientConnectionEventListenerRegistry] registry listener - ConfigConnectionEventListener

2025-12-20 15:59:04,332 INFO Nacos GrpcSdkServer Rpc server starting at port 9848

2025-12-20 15:59:09,322 INFO Load ProtocolNegotiatorBuilder com.alibaba.nacos.core.remote.grpc.negotiator.tls.SdkDefaultTlsProtocolNegotiatorBuilder for type DEFAULT_TLS

2025-12-20 15:59:09,349 INFO Load ProtocolNegotiatorBuilder com.alibaba.nacos.core.remote.grpc.negotiator.tls.ClusterDefaultTlsProtocolNegotiatorBuilder for type CLUSTER_DEFAULT_TLS

2025-12-20 15:59:09,361 WARN Not found ProtocolNegotiatorBuilder for type nacos.remote.server.rpc.protocol.negotiator.type, will use default type nacos.remote.server.rpc.protocol.negotiator.type

2025-12-20 15:59:09,419 WARN Recommended use 'nacos.remote.server.grpc.sdk.max-inbound-message-size' property instead 'nacos.remote.server.grpc.maxinbound.message.size', now property value is 10485760

2025-12-20 15:59:11,496 INFO Ssl Context auto refresh is not supported.

2025-12-20 15:59:11,519 INFO Ssl Context auto refresh is not supported.

2025-12-20 15:59:11,523 INFO RpcServerSslContextRefresher initialization completed.

2025-12-20 15:59:11,536 INFO Nacos GrpcSdkServer Rpc server started at port 9848

2025-12-20 15:59:11,600 INFO Nacos GrpcClusterServer Rpc server starting at port 9849

2025-12-20 15:59:11,634 WARN Not found ProtocolNegotiatorBuilder for type nacos.remote.cluster.server.rpc.protocol.negotiator.type, will use default type nacos.remote.cluster.server.rpc.protocol.negotiator.type

2025-12-20 15:59:11,688 WARN Recommended use 'nacos.remote.server.grpc.cluster.max-inbound-message-size' property instead 'nacos.remote.server.grpc.maxinbound.message.size', now property value is 10485760

2025-12-20 15:59:11,734 INFO Nacos GrpcClusterServer Rpc server started at port 9849

2025-12-20 15:59:12,073 INFO [ClientConnectionEventListenerRegistry] registry listener - RpcAckCallbackInitorOrCleaner

2025-12-20 15:59:12,669 INFO [ClientConnectionEventListenerRegistry] registry listener - ConnectionBasedClientManager

2025-12-20 15:59:54,520 INFO [ClientConnectionEventListenerRegistry] registry listener - AiConnectionBasedClientManager

2025-12-20 16:13:34,293 INFO Nacos GrpcClusterServer Rpc server stopping

2025-12-20 16:13:34,286 INFO Nacos GrpcSdkServer Rpc server stopping

2025-12-20 16:13:35,460 INFO Nacos GrpcSdkServer Rpc server stopped successfully...

2025-12-20 16:13:35,468 INFO Nacos GrpcClusterServer Rpc server stopped successfully...

2025-12-20 16:19:24,577 INFO [ClientConnectionEventListenerRegistry] registry listener - ConfigConnectionEventListener

2025-12-20 16:19:27,446 INFO Nacos GrpcSdkServer Rpc server starting at port 9848

2025-12-20 16:19:30,742 INFO Load ProtocolNegotiatorBuilder com.alibaba.nacos.core.remote.grpc.negotiator.tls.SdkDefaultTlsProtocolNegotiatorBuilder for type DEFAULT_TLS

2025-12-20 16:19:30,758 INFO Load ProtocolNegotiatorBuilder com.alibaba.nacos.core.remote.grpc.negotiator.tls.ClusterDefaultTlsProtocolNegotiatorBuilder for type CLUSTER_DEFAULT_TLS

2025-12-20 16:19:30,803 WARN Not found ProtocolNegotiatorBuilder for type nacos.remote.server.rpc.protocol.negotiator.type, will use default type nacos.remote.server.rpc.protocol.negotiator.type

2025-12-20 16:19:30,910 WARN Recommended use 'nacos.remote.server.grpc.sdk.max-inbound-message-size' property instead 'nacos.remote.server.grpc.maxinbound.message.size', now property value is 10485760

2025-12-20 16:19:33,330 INFO Ssl Context auto refresh is not supported.

2025-12-20 16:19:33,414 INFO Ssl Context auto refresh is not supported.

2025-12-20 16:19:33,419 INFO RpcServerSslContextRefresher initialization completed.

2025-12-20 16:19:33,426 INFO Nacos GrpcSdkServer Rpc server started at port 9848

2025-12-20 16:19:33,517 INFO Nacos GrpcClusterServer Rpc server starting at port 9849

2025-12-20 16:19:33,661 WARN Not found ProtocolNegotiatorBuilder for type nacos.remote.cluster.server.rpc.protocol.negotiator.type, will use default type nacos.remote.cluster.server.rpc.protocol.negotiator.type

2025-12-20 16:19:33,699 WARN Recommended use 'nacos.remote.server.grpc.cluster.max-inbound-message-size' property instead 'nacos.remote.server.grpc.maxinbound.message.size', now property value is 10485760

2025-12-20 16:19:33,769 INFO Nacos GrpcClusterServer Rpc server started at port 9849

2025-12-20 16:19:33,959 INFO [ClientConnectionEventListenerRegistry] registry listener - RpcAckCallbackInitorOrCleaner

2025-12-20 16:19:34,702 INFO [ClientConnectionEventListenerRegistry] registry listener - ConnectionBasedClientManager

2025-12-20 16:20:11,092 INFO [ClientConnectionEventListenerRegistry] registry listener - AiConnectionBasedClientManager

2025-12-20 16:34:33,945 INFO Nacos GrpcClusterServer Rpc server stopping

2025-12-20 16:34:33,948 INFO Nacos GrpcSdkServer Rpc server stopping

2025-12-20 16:34:34,609 INFO Nacos GrpcSdkServer Rpc server stopped successfully...

2025-12-20 16:34:34,610 INFO Nacos GrpcClusterServer Rpc server stopped successfully...

2025-12-20 16:38:52,376 INFO [ClientConnectionEventListenerRegistry] registry listener - ConnectionBasedClientManager

2025-12-20 16:39:30,547 INFO [ClientConnectionEventListenerRegistry] registry listener - ConfigConnectionEventListener

2025-12-20 16:39:32,093 INFO [ClientConnectionEventListenerRegistry] registry listener - RpcAckCallbackInitorOrCleaner

2025-12-20 16:39:34,608 INFO Nacos GrpcSdkServer Rpc server starting at port 9848 and tls config:{"sslProvider":"","enableTls":false,"mutualAuthEnable":false,"trustAll":false,"compatibility":true}

2025-12-20 16:39:38,658 WARN Recommended use 'nacos.remote.server.grpc.sdk.max-inbound-message-size' property instead 'nacos.remote.server.grpc.maxinbound.message.size', now property value is 10485760

2025-12-20 16:39:41,008 INFO Nacos GrpcSdkServer Rpc server started at port 9848 and tls config:{"sslProvider":"","enableTls":false,"mutualAuthEnable":false,"trustAll":false,"compatibility":true}

2025-12-20 16:39:41,127 INFO Nacos GrpcClusterServer Rpc server starting at port 9849 and tls config:{"sslProvider":"","enableTls":false,"mutualAuthEnable":false,"trustAll":false,"compatibility":true}

2025-12-20 16:39:41,179 WARN Recommended use 'nacos.remote.server.grpc.cluster.max-inbound-message-size' property instead 'nacos.remote.server.grpc.maxinbound.message.size', now property value is 10485760

2025-12-20 16:39:41,318 INFO Nacos GrpcClusterServer Rpc server started at port 9849 and tls config:{"sslProvider":"","enableTls":false,"mutualAuthEnable":false,"trustAll":false,"compatibility":true}

2025-12-20 17:48:02,627 INFO Nacos GrpcSdkServer Rpc server stopping

2025-12-20 17:48:02,680 INFO Nacos GrpcClusterServer Rpc server stopping

2025-12-20 17:48:07,417 INFO Nacos GrpcSdkServer Rpc server stopped successfully...

2025-12-20 17:48:08,041 INFO Nacos GrpcClusterServer Rpc server stopped successfully...

2025-12-20 19:14:12,435 INFO [ClientConnectionEventListenerRegistry] registry listener - ConnectionBasedClientManager

2025-12-20 19:14:30,522 INFO [ClientConnectionEventListenerRegistry] registry listener - ConfigConnectionEventListener

2025-12-20 19:14:31,388 INFO [ClientConnectionEventListenerRegistry] registry listener - RpcAckCallbackInitorOrCleaner

2025-12-20 19:14:32,456 INFO Nacos GrpcSdkServer Rpc server starting at port 9848 and tls config:{"sslProvider":"","enableTls":false,"mutualAuthEnable":false,"trustAll":false,"compatibility":true}

2025-12-20 19:14:36,282 WARN Recommended use 'nacos.remote.server.grpc.sdk.max-inbound-message-size' property instead 'nacos.remote.server.grpc.maxinbound.message.size', now property value is 10485760

2025-12-20 19:14:37,882 INFO Nacos GrpcSdkServer Rpc server started at port 9848 and tls config:{"sslProvider":"","enableTls":false,"mutualAuthEnable":false,"trustAll":false,"compatibility":true}

2025-12-20 19:14:37,924 INFO Nacos GrpcClusterServer Rpc server starting at port 9849 and tls config:{"sslProvider":"","enableTls":false,"mutualAuthEnable":false,"trustAll":false,"compatibility":true}

2025-12-20 19:14:37,925 WARN Recommended use 'nacos.remote.server.grpc.cluster.max-inbound-message-size' property instead 'nacos.remote.server.grpc.maxinbound.message.size', now property value is 10485760

2025-12-20 19:14:37,967 INFO Nacos GrpcClusterServer Rpc server started at port 9849 and tls config:{"sslProvider":"","enableTls":false,"mutualAuthEnable":false,"trustAll":false,"compatibility":true}

2025-12-20 19:21:03,236 INFO Nacos GrpcClusterServer Rpc server stopping

2025-12-20 19:21:03,154 INFO Nacos GrpcSdkServer Rpc server stopping

2025-12-20 19:21:03,580 INFO Nacos GrpcSdkServer Rpc server stopped successfully...

2025-12-20 19:21:03,581 INFO Nacos GrpcClusterServer Rpc server stopped successfully...

2025-12-20 19:23:09,566 INFO [ClientConnectionEventListenerRegistry] registry listener - ConnectionBasedClientManager

2025-12-20 19:23:41,245 INFO [ClientConnectionEventListenerRegistry] registry listener - ConfigConnectionEventListener

2025-12-20 19:23:42,272 INFO [ClientConnectionEventListenerRegistry] registry listener - RpcAckCallbackInitorOrCleaner

2025-12-20 19:23:43,336 INFO Nacos GrpcSdkServer Rpc server starting at port 9848 and tls config:{"sslProvider":"","enableTls":false,"mutualAuthEnable":false,"trustAll":false,"compatibility":true}

2025-12-20 19:23:46,157 WARN Recommended use 'nacos.remote.server.grpc.sdk.max-inbound-message-size' property instead 'nacos.remote.server.grpc.maxinbound.message.size', now property value is 10485760

2025-12-20 19:23:47,924 INFO Nacos GrpcSdkServer Rpc server started at port 9848 and tls config:{"sslProvider":"","enableTls":false,"mutualAuthEnable":false,"trustAll":false,"compatibility":true}

2025-12-20 19:23:47,931 INFO Nacos GrpcClusterServer Rpc server starting at port 9849 and tls config:{"sslProvider":"","enableTls":false,"mutualAuthEnable":false,"trustAll":false,"compatibility":true}

2025-12-20 19:23:47,932 WARN Recommended use 'nacos.remote.server.grpc.cluster.max-inbound-message-size' property instead 'nacos.remote.server.grpc.maxinbound.message.size', now property value is 10485760

2025-12-20 19:23:47,940 INFO Nacos GrpcClusterServer Rpc server started at port 9849 and tls config:{"sslProvider":"","enableTls":false,"mutualAuthEnable":false,"trustAll":false,"compatibility":true}

2025-12-20 19:33:22,328 INFO Nacos GrpcSdkServer Rpc server stopping

2025-12-20 19:33:22,347 INFO Nacos GrpcClusterServer Rpc server stopping

2025-12-20 19:33:23,093 INFO Nacos GrpcClusterServer Rpc server stopped successfully...

2025-12-20 19:33:23,101 INFO Nacos GrpcSdkServer Rpc server stopped successfully...

2025-12-20 19:41:06,328 INFO [ClientConnectionEventListenerRegistry] registry listener - ConnectionBasedClientManager

2025-12-20 19:41:23,658 INFO [ClientConnectionEventListenerRegistry] registry listener - ConfigConnectionEventListener

2025-12-20 19:41:24,474 INFO [ClientConnectionEventListenerRegistry] registry listener - RpcAckCallbackInitorOrCleaner

2025-12-20 19:41:26,003 INFO Nacos GrpcSdkServer Rpc server starting at port 9848 and tls config:{"sslProvider":"","enableTls":false,"mutualAuthEnable":false,"trustAll":false,"compatibility":true}

2025-12-20 19:41:28,665 WARN Recommended use 'nacos.remote.server.grpc.sdk.max-inbound-message-size' property instead 'nacos.remote.server.grpc.maxinbound.message.size', now property value is 10485760

2025-12-20 19:41:31,014 INFO Nacos GrpcSdkServer Rpc server started at port 9848 and tls config:{"sslProvider":"","enableTls":false,"mutualAuthEnable":false,"trustAll":false,"compatibility":true}

2025-12-20 19:41:31,060 INFO Nacos GrpcClusterServer Rpc server starting at port 9849 and tls config:{"sslProvider":"","enableTls":false,"mutualAuthEnable":false,"trustAll":false,"compatibility":true}

2025-12-20 19:41:31,061 WARN Recommended use 'nacos.remote.server.grpc.cluster.max-inbound-message-size' property instead 'nacos.remote.server.grpc.maxinbound.message.size', now property value is 10485760

2025-12-20 19:41:31,122 INFO Nacos GrpcClusterServer Rpc server started at port 9849 and tls config:{"sslProvider":"","enableTls":false,"mutualAuthEnable":false,"trustAll":false,"compatibility":true}

2025-12-20 19:49:00,725 INFO Nacos GrpcSdkServer Rpc server stopping

2025-12-20 19:49:00,705 INFO Nacos GrpcClusterServer Rpc server stopping

2025-12-20 19:49:01,226 INFO Nacos GrpcClusterServer Rpc server stopped successfully...

2025-12-20 19:49:01,267 INFO Nacos GrpcSdkServer Rpc server stopped successfully...

2025-12-20 20:14:40,368 INFO [ClientConnectionEventListenerRegistry] registry listener - ConnectionBasedClientManager

2025-12-20 20:14:58,170 INFO [ClientConnectionEventListenerRegistry] registry listener - ConfigConnectionEventListener

2025-12-20 20:14:58,485 INFO [ClientConnectionEventListenerRegistry] registry listener - RpcAckCallbackInitorOrCleaner

2025-12-20 20:14:59,510 INFO Nacos GrpcSdkServer Rpc server starting at port 9848 and tls config:{"sslProvider":"","enableTls":false,"mutualAuthEnable":false,"trustAll":false,"compatibility":true}

2025-12-20 20:15:02,771 WARN Recommended use 'nacos.remote.server.grpc.sdk.max-inbound-message-size' property instead 'nacos.remote.server.grpc.maxinbound.message.size', now property value is 10485760

2025-12-20 20:15:04,947 INFO Nacos GrpcSdkServer Rpc server started at port 9848 and tls config:{"sslProvider":"","enableTls":false,"mutualAuthEnable":false,"trustAll":false,"compatibility":true}

2025-12-20 20:15:05,004 INFO Nacos GrpcClusterServer Rpc server starting at port 9849 and tls config:{"sslProvider":"","enableTls":false,"mutualAuthEnable":false,"trustAll":false,"compatibility":true}

2025-12-20 20:15:05,010 WARN Recommended use 'nacos.remote.server.grpc.cluster.max-inbound-message-size' property instead 'nacos.remote.server.grpc.maxinbound.message.size', now property value is 10485760

2025-12-20 20:15:05,050 INFO Nacos GrpcClusterServer Rpc server started at port 9849 and tls config:{"sslProvider":"","enableTls":false,"mutualAuthEnable":false,"trustAll":false,"compatibility":true}

2025-12-20 20:20:41,725 INFO Nacos GrpcSdkServer Rpc server stopping

2025-12-20 20:20:41,728 INFO Nacos GrpcClusterServer Rpc server stopping

2025-12-20 20:20:41,912 INFO Nacos GrpcClusterServer Rpc server stopped successfully...

2025-12-20 20:20:41,912 INFO Nacos GrpcSdkServer Rpc server stopped successfully...

2025-12-20 20:29:56,348 INFO [ClientConnectionEventListenerRegistry] registry listener - ConnectionBasedClientManager

2025-12-20 20:30:13,255 INFO [ClientConnectionEventListenerRegistry] registry listener - ConfigConnectionEventListener

2025-12-20 20:30:13,949 INFO [ClientConnectionEventListenerRegistry] registry listener - RpcAckCallbackInitorOrCleaner

2025-12-20 20:30:14,892 INFO Nacos GrpcSdkServer Rpc server starting at port 9848 and tls config:{"sslProvider":"","enableTls":false,"mutualAuthEnable":false,"trustAll":false,"compatibility":true}

2025-12-20 20:30:18,293 WARN Recommended use 'nacos.remote.server.grpc.sdk.max-inbound-message-size' property instead 'nacos.remote.server.grpc.maxinbound.message.size', now property value is 10485760

2025-12-20 20:30:20,076 INFO Nacos GrpcSdkServer Rpc server started at port 9848 and tls config:{"sslProvider":"","enableTls":false,"mutualAuthEnable":false,"trustAll":false,"compatibility":true}

2025-12-20 20:30:20,105 INFO Nacos GrpcClusterServer Rpc server starting at port 9849 and tls config:{"sslProvider":"","enableTls":false,"mutualAuthEnable":false,"trustAll":false,"compatibility":true}

2025-12-20 20:30:20,113 WARN Recommended use 'nacos.remote.server.grpc.cluster.max-inbound-message-size' property instead 'nacos.remote.server.grpc.maxinbound.message.size', now property value is 10485760

2025-12-20 20:30:20,131 INFO Nacos GrpcClusterServer Rpc server started at port 9849 and tls config:{"sslProvider":"","enableTls":false,"mutualAuthEnable":false,"trustAll":false,"compatibility":true}

2025-12-20 20:47:54,578 INFO Nacos GrpcSdkServer Rpc server stopping

2025-12-20 20:47:54,648 INFO Nacos GrpcClusterServer Rpc server stopping

2025-12-20 20:47:57,039 INFO Nacos GrpcClusterServer Rpc server stopped successfully...

2025-12-20 20:47:57,042 INFO Nacos GrpcSdkServer Rpc server stopped successfully...

2025-12-20 20:55:37,318 INFO [ClientConnectionEventListenerRegistry] registry listener - ConnectionBasedClientManager

2025-12-20 20:58:57,400 INFO [ClientConnectionEventListenerRegistry] registry listener - ConnectionBasedClientManager

2025-12-20 21:01:05,165 INFO [ClientConnectionEventListenerRegistry] registry listener - ConnectionBasedClientManager

2025-12-20 21:03:33,970 INFO [ClientConnectionEventListenerRegistry] registry listener - ConnectionBasedClientManager

2025-12-20 21:05:24,294 INFO [ClientConnectionEventListenerRegistry] registry listener - ConnectionBasedClientManager

2025-12-20 21:06:59,876 INFO [ClientConnectionEventListenerRegistry] registry listener - ConnectionBasedClientManager

2025-12-20 21:12:04,160 INFO [ClientConnectionEventListenerRegistry] registry listener - ConnectionBasedClientManager

2025-12-20 21:12:20,976 INFO [ClientConnectionEventListenerRegistry] registry listener - ConfigConnectionEventListener

2025-12-20 21:12:22,284 INFO [ClientConnectionEventListenerRegistry] registry listener - RpcAckCallbackInitorOrCleaner

2025-12-20 21:12:23,538 INFO Nacos GrpcSdkServer Rpc server starting at port 9848 and tls config:{"sslProvider":"","enableTls":false,"mutualAuthEnable":false,"trustAll":false,"compatibility":true}

2025-12-20 21:12:26,739 WARN Recommended use 'nacos.remote.server.grpc.sdk.max-inbound-message-size' property instead 'nacos.remote.server.grpc.maxinbound.message.size', now property value is 10485760

2025-12-20 21:12:27,966 INFO Nacos GrpcSdkServer Rpc server started at port 9848 and tls config:{"sslProvider":"","enableTls":false,"mutualAuthEnable":false,"trustAll":false,"compatibility":true}

2025-12-20 21:12:27,990 INFO Nacos GrpcClusterServer Rpc server starting at port 9849 and tls config:{"sslProvider":"","enableTls":false,"mutualAuthEnable":false,"trustAll":false,"compatibility":true}

2025-12-20 21:12:27,991 WARN Recommended use 'nacos.remote.server.grpc.cluster.max-inbound-message-size' property instead 'nacos.remote.server.grpc.maxinbound.message.size', now property value is 10485760

2025-12-20 21:12:28,015 INFO Nacos GrpcClusterServer Rpc server started at port 9849 and tls config:{"sslProvider":"","enableTls":false,"mutualAuthEnable":false,"trustAll":false,"compatibility":true}

2025-12-20 21:14:26,962 INFO Nacos GrpcSdkServer Rpc server stopping

2025-12-20 21:14:26,909 INFO Nacos GrpcClusterServer Rpc server stopping

2025-12-20 21:14:27,608 INFO Nacos GrpcClusterServer Rpc server stopped successfully...

2025-12-20 21:14:27,609 INFO Nacos GrpcSdkServer Rpc server stopped successfully...

2025-12-20 21:16:27,293 INFO [ClientConnectionEventListenerRegistry] registry listener - ConnectionBasedClientManager

2025-12-20 21:16:43,340 INFO [ClientConnectionEventListenerRegistry] registry listener - ConfigConnectionEventListener

2025-12-20 21:16:43,440 INFO [ClientConnectionEventListenerRegistry] registry listener - RpcAckCallbackInitorOrCleaner

2025-12-20 21:16:43,634 INFO Nacos GrpcSdkServer Rpc server starting at port 9848 and tls config:{"sslProvider":"","enableTls":false,"mutualAuthEnable":false,"trustAll":false,"compatibility":true}

2025-12-20 21:16:44,434 WARN Recommended use 'nacos.remote.server.grpc.sdk.max-inbound-message-size' property instead 'nacos.remote.server.grpc.maxinbound.message.size', now property value is 10485760

2025-12-20 21:16:45,361 INFO Nacos GrpcSdkServer Rpc server started at port 9848 and tls config:{"sslProvider":"","enableTls":false,"mutualAuthEnable":false,"trustAll":false,"compatibility":true}

2025-12-20 21:16:45,367 INFO Nacos GrpcClusterServer Rpc server starting at port 9849 and tls config:{"sslProvider":"","enableTls":false,"mutualAuthEnable":false,"trustAll":false,"compatibility":true}

2025-12-20 21:16:45,369 WARN Recommended use 'nacos.remote.server.grpc.cluster.max-inbound-message-size' property instead 'nacos.remote.server.grpc.maxinbound.message.size', now property value is 10485760

2025-12-20 21:16:45,381 INFO Nacos GrpcClusterServer Rpc server started at port 9849 and tls config:{"sslProvider":"","enableTls":false,"mutualAuthEnable":false,"trustAll":false,"compatibility":true}

2025-12-20 22:25:43,027 INFO Nacos GrpcSdkServer Rpc server stopping

2025-12-20 22:25:43,361 INFO Nacos GrpcClusterServer Rpc server stopping

2025-12-20 22:25:45,943 INFO Nacos GrpcSdkServer Rpc server stopped successfully...

2025-12-20 22:25:45,944 INFO Nacos GrpcClusterServer Rpc server stopped successfully...

2025-12-20 22:28:16,146 INFO [ClientConnectionEventListenerRegistry] registry listener - ConnectionBasedClientManager

2025-12-20 22:28:34,538 INFO [ClientConnectionEventListenerRegistry] registry listener - ConfigConnectionEventListener

2025-12-20 22:28:35,106 INFO [ClientConnectionEventListenerRegistry] registry listener - RpcAckCallbackInitorOrCleaner

2025-12-20 22:28:36,105 INFO Nacos GrpcSdkServer Rpc server starting at port 9848 and tls config:{"sslProvider":"","enableTls":false,"mutualAuthEnable":false,"trustAll":false,"compatibility":true}

2025-12-20 22:28:39,793 WARN Recommended use 'nacos.remote.server.grpc.sdk.max-inbound-message-size' property instead 'nacos.remote.server.grpc.maxinbound.message.size', now property value is 10485760

2025-12-20 22:28:41,068 INFO Nacos GrpcSdkServer Rpc server started at port 9848 and tls config:{"sslProvider":"","enableTls":false,"mutualAuthEnable":false,"trustAll":false,"compatibility":true}

2025-12-20 22:28:41,103 INFO Nacos GrpcClusterServer Rpc server starting at port 9849 and tls config:{"sslProvider":"","enableTls":false,"mutualAuthEnable":false,"trustAll":false,"compatibility":true}

2025-12-20 22:28:41,111 WARN Recommended use 'nacos.remote.server.grpc.cluster.max-inbound-message-size' property instead 'nacos.remote.server.grpc.maxinbound.message.size', now property value is 10485760

2025-12-20 22:28:41,137 INFO Nacos GrpcClusterServer Rpc server started at port 9849 and tls config:{"sslProvider":"","enableTls":false,"mutualAuthEnable":false,"trustAll":false,"compatibility":true}

2025-12-20 22:46:48,912 INFO Nacos GrpcClusterServer Rpc server stopping

2025-12-20 22:46:48,936 INFO Nacos GrpcSdkServer Rpc server stopping

2025-12-20 22:46:50,139 INFO Nacos GrpcSdkServer Rpc server stopped successfully...

2025-12-20 22:46:50,147 INFO Nacos GrpcClusterServer Rpc server stopped successfully...

2025-12-20 22:49:12,349 INFO [ClientConnectionEventListenerRegistry] registry listener - ConnectionBasedClientManager

2025-12-20 22:49:31,987 INFO [ClientConnectionEventListenerRegistry] registry listener - ConfigConnectionEventListener

2025-12-20 22:49:32,604 INFO [ClientConnectionEventListenerRegistry] registry listener - RpcAckCallbackInitorOrCleaner

2025-12-20 22:49:33,216 INFO Nacos GrpcSdkServer Rpc server starting at port 9848 and tls config:{"sslProvider":"","enableTls":false,"mutualAuthEnable":false,"trustAll":false,"compatibility":true}

2025-12-20 22:49:35,124 WARN Recommended use 'nacos.remote.server.grpc.sdk.max-inbound-message-size' property instead 'nacos.remote.server.grpc.maxinbound.message.size', now property value is 10485760

2025-12-20 22:49:36,436 INFO Nacos GrpcSdkServer Rpc server started at port 9848 and tls config:{"sslProvider":"","enableTls":false,"mutualAuthEnable":false,"trustAll":false,"compatibility":true}

2025-12-20 22:49:36,458 INFO Nacos GrpcClusterServer Rpc server starting at port 9849 and tls config:{"sslProvider":"","enableTls":false,"mutualAuthEnable":false,"trustAll":false,"compatibility":true}

2025-12-20 22:49:36,459 WARN Recommended use 'nacos.remote.server.grpc.cluster.max-inbound-message-size' property instead 'nacos.remote.server.grpc.maxinbound.message.size', now property value is 10485760

2025-12-20 22:49:36,475 INFO Nacos GrpcClusterServer Rpc server started at port 9849 and tls config:{"sslProvider":"","enableTls":false,"mutualAuthEnable":false,"trustAll":false,"compatibility":true}

2025-12-20 23:29:52,559 INFO Nacos GrpcSdkServer Rpc server stopping

2025-12-20 23:29:52,454 INFO Nacos GrpcClusterServer Rpc server stopping

2025-12-20 23:29:54,649 INFO Nacos GrpcSdkServer Rpc server stopped successfully...

2025-12-20 23:29:54,650 INFO Nacos GrpcClusterServer Rpc server stopped successfully...

2025-12-20 23:34:39,346 INFO [ClientConnectionEventListenerRegistry] registry listener - ConnectionBasedClientManager

2025-12-20 23:35:02,240 INFO [ClientConnectionEventListenerRegistry] registry listener - ConfigConnectionEventListener

2025-12-20 23:35:02,869 INFO [ClientConnectionEventListenerRegistry] registry listener - RpcAckCallbackInitorOrCleaner

2025-12-20 23:35:03,722 INFO Nacos GrpcSdkServer Rpc server starting at port 9848 and tls config:{"sslProvider":"","enableTls":false,"mutualAuthEnable":false,"trustAll":false,"compatibility":true}

2025-12-20 23:35:05,745 WARN Recommended use 'nacos.remote.server.grpc.sdk.max-inbound-message-size' property instead 'nacos.remote.server.grpc.maxinbound.message.size', now property value is 10485760

2025-12-20 23:35:09,569 INFO Nacos GrpcSdkServer Rpc server started at port 9848 and tls config:{"sslProvider":"","enableTls":false,"mutualAuthEnable":false,"trustAll":false,"compatibility":true}

2025-12-20 23:35:09,656 INFO Nacos GrpcClusterServer Rpc server starting at port 9849 and tls config:{"sslProvider":"","enableTls":false,"mutualAuthEnable":false,"trustAll":false,"compatibility":true}

2025-12-20 23:35:09,677 WARN Recommended use 'nacos.remote.server.grpc.cluster.max-inbound-message-size' property instead 'nacos.remote.server.grpc.maxinbound.message.size', now property value is 10485760

2025-12-20 23:35:09,731 INFO Nacos GrpcClusterServer Rpc server started at port 9849 and tls config:{"sslProvider":"","enableTls":false,"mutualAuthEnable":false,"trustAll":false,"compatibility":true}

2025-12-20 23:56:35,729 INFO Nacos GrpcClusterServer Rpc server stopping

2025-12-20 23:56:35,806 INFO Nacos GrpcSdkServer Rpc server stopping

2025-12-20 23:56:39,994 INFO Nacos GrpcSdkServer Rpc server stopped successfully...

2025-12-20 23:56:40,002 INFO Nacos GrpcClusterServer Rpc server stopped successfully...

2025-12-21 09:55:12,095 INFO [ClientConnectionEventListenerRegistry] registry listener - ConnectionBasedClientManager

2025-12-21 09:55:35,444 INFO [ClientConnectionEventListenerRegistry] registry listener - ConfigConnectionEventListener

2025-12-21 09:55:36,324 INFO [ClientConnectionEventListenerRegistry] registry listener - RpcAckCallbackInitorOrCleaner

2025-12-21 09:55:37,502 INFO Nacos GrpcSdkServer Rpc server starting at port 9848 and tls config:{"sslProvider":"","enableTls":false,"mutualAuthEnable":false,"trustAll":false,"compatibility":true}

2025-12-21 09:55:42,452 WARN Recommended use 'nacos.remote.server.grpc.sdk.max-inbound-message-size' property instead 'nacos.remote.server.grpc.maxinbound.message.size', now property value is 10485760

2025-12-21 09:55:43,834 INFO Nacos GrpcSdkServer Rpc server started at port 9848 and tls config:{"sslProvider":"","enableTls":false,"mutualAuthEnable":false,"trustAll":false,"compatibility":true}

2025-12-21 09:55:43,872 INFO Nacos GrpcClusterServer Rpc server starting at port 9849 and tls config:{"sslProvider":"","enableTls":false,"mutualAuthEnable":false,"trustAll":false,"compatibility":true}

2025-12-21 09:55:43,879 WARN Recommended use 'nacos.remote.server.grpc.cluster.max-inbound-message-size' property instead 'nacos.remote.server.grpc.maxinbound.message.size', now property value is 10485760

2025-12-21 09:55:43,934 INFO Nacos GrpcClusterServer Rpc server started at port 9849 and tls config:{"sslProvider":"","enableTls":false,"mutualAuthEnable":false,"trustAll":false,"compatibility":true}

2025-12-21 10:02:12,545 INFO Nacos GrpcSdkServer Rpc server stopping

2025-12-21 10:02:12,544 INFO Nacos GrpcClusterServer Rpc server stopping

2025-12-21 10:02:13,710 INFO Nacos GrpcClusterServer Rpc server stopped successfully...

2025-12-21 10:02:13,729 INFO Nacos GrpcSdkServer Rpc server stopped successfully...

2025-12-21 10:06:02,244 INFO [ClientConnectionEventListenerRegistry] registry listener - ConnectionBasedClientManager

2025-12-21 10:06:14,969 INFO [ClientConnectionEventListenerRegistry] registry listener - ConfigConnectionEventListener

2025-12-21 10:06:15,597 INFO [ClientConnectionEventListenerRegistry] registry listener - RpcAckCallbackInitorOrCleaner

2025-12-21 10:06:16,642 INFO Nacos GrpcSdkServer Rpc server starting at port 9848 and tls config:{"sslProvider":"","enableTls":false,"mutualAuthEnable":false,"trustAll":false,"compatibility":true}

2025-12-21 10:06:19,703 WARN Recommended use 'nacos.remote.server.grpc.sdk.max-inbound-message-size' property instead 'nacos.remote.server.grpc.maxinbound.message.size', now property value is 10485760

2025-12-21 10:06:22,485 INFO Nacos GrpcSdkServer Rpc server started at port 9848 and tls config:{"sslProvider":"","enableTls":false,"mutualAuthEnable":false,"trustAll":false,"compatibility":true}

2025-12-21 10:06:22,576 INFO Nacos GrpcClusterServer Rpc server starting at port 9849 and tls config:{"sslProvider":"","enableTls":false,"mutualAuthEnable":false,"trustAll":false,"compatibility":true}

2025-12-21 10:06:22,690 WARN Recommended use 'nacos.remote.server.grpc.cluster.max-inbound-message-size' property instead 'nacos.remote.server.grpc.maxinbound.message.size', now property value is 10485760

2025-12-21 10:06:22,790 INFO Nacos GrpcClusterServer Rpc server started at port 9849 and tls config:{"sslProvider":"","enableTls":false,"mutualAuthEnable":false,"trustAll":false,"compatibility":true}

2025-12-21 10:18:14,689 INFO Nacos GrpcClusterServer Rpc server stopping

2025-12-21 10:18:14,704 INFO Nacos GrpcSdkServer Rpc server stopping

2025-12-21 10:18:16,759 INFO Nacos GrpcSdkServer Rpc server stopped successfully...

2025-12-21 10:18:16,757 INFO Nacos GrpcClusterServer Rpc server stopped successfully...

2025-12-21 10:28:09,899 INFO [ClientConnectionEventListenerRegistry] registry listener - ConnectionBasedClientManager

2025-12-21 10:28:28,830 INFO [ClientConnectionEventListenerRegistry] registry listener - ConfigConnectionEventListener

2025-12-21 10:28:29,681 INFO [ClientConnectionEventListenerRegistry] registry listener - RpcAckCallbackInitorOrCleaner

2025-12-21 10:28:30,799 INFO Nacos GrpcSdkServer Rpc server starting at port 9848 and tls config:{"sslProvider":"","enableTls":false,"mutualAuthEnable":false,"trustAll":false,"compatibility":true}

2025-12-21 10:28:33,036 WARN Recommended use 'nacos.remote.server.grpc.sdk.max-inbound-message-size' property instead 'nacos.remote.server.grpc.maxinbound.message.size', now property value is 10485760

2025-12-21 10:28:35,321 INFO Nacos GrpcSdkServer Rpc server started at port 9848 and tls config:{"sslProvider":"","enableTls":false,"mutualAuthEnable":false,"trustAll":false,"compatibility":true}

2025-12-21 10:28:35,371 INFO Nacos GrpcClusterServer Rpc server starting at port 9849 and tls config:{"sslProvider":"","enableTls":false,"mutualAuthEnable":false,"trustAll":false,"compatibility":true}

2025-12-21 10:28:35,385 WARN Recommended use 'nacos.remote.server.grpc.cluster.max-inbound-message-size' property instead 'nacos.remote.server.grpc.maxinbound.message.size', now property value is 10485760

2025-12-21 10:28:35,467 INFO Nacos GrpcClusterServer Rpc server started at port 9849 and tls config:{"sslProvider":"","enableTls":false,"mutualAuthEnable":false,"trustAll":false,"compatibility":true}

2025-12-21 10:48:50,768 INFO Nacos GrpcClusterServer Rpc server stopping

2025-12-21 10:48:50,941 INFO Nacos GrpcSdkServer Rpc server stopping

2025-12-21 10:48:52,293 INFO Nacos GrpcSdkServer Rpc server stopped successfully...

2025-12-21 10:48:52,302 INFO Nacos GrpcClusterServer Rpc server stopped successfully...

2025-12-21 10:58:21,983 INFO [ClientConnectionEventListenerRegistry] registry listener - ConnectionBasedClientManager

2025-12-21 10:58:40,349 INFO [ClientConnectionEventListenerRegistry] registry listener - ConfigConnectionEventListener

2025-12-21 10:58:40,956 INFO [ClientConnectionEventListenerRegistry] registry listener - RpcAckCallbackInitorOrCleaner

2025-12-21 10:58:41,877 INFO Nacos GrpcSdkServer Rpc server starting at port 9848 and tls config:{"sslProvider":"","enableTls":false,"mutualAuthEnable":false,"trustAll":false,"compatibility":true}

2025-12-21 10:58:43,971 WARN Recommended use 'nacos.remote.server.grpc.sdk.max-inbound-message-size' property instead 'nacos.remote.server.grpc.maxinbound.message.size', now property value is 10485760

2025-12-21 10:58:45,725 INFO Nacos GrpcSdkServer Rpc server started at port 9848 and tls config:{"sslProvider":"","enableTls":false,"mutualAuthEnable":false,"trustAll":false,"compatibility":true}

2025-12-21 10:58:45,787 INFO Nacos GrpcClusterServer Rpc server starting at port 9849 and tls config:{"sslProvider":"","enableTls":false,"mutualAuthEnable":false,"trustAll":false,"compatibility":true}

2025-12-21 10:58:45,796 WARN Recommended use 'nacos.remote.server.grpc.cluster.max-inbound-message-size' property instead 'nacos.remote.server.grpc.maxinbound.message.size', now property value is 10485760

2025-12-21 10:58:45,872 INFO Nacos GrpcClusterServer Rpc server started at port 9849 and tls config:{"sslProvider":"","enableTls":false,"mutualAuthEnable":false,"trustAll":false,"compatibility":true}

2025-12-21 11:15:22,991 INFO Nacos GrpcSdkServer Rpc server stopping

2025-12-21 11:15:23,034 INFO Nacos GrpcClusterServer Rpc server stopping

2025-12-21 11:15:23,698 INFO Nacos GrpcSdkServer Rpc server stopped successfully...

2025-12-21 11:15:23,702 INFO Nacos GrpcClusterServer Rpc server stopped successfully...

2025-12-21 11:21:29,617 INFO [ClientConnectionEventListenerRegistry] registry listener - ConnectionBasedClientManager

2025-12-21 11:21:51,964 INFO [ClientConnectionEventListenerRegistry] registry listener - ConfigConnectionEventListener

2025-12-21 11:21:52,400 INFO [ClientConnectionEventListenerRegistry] registry listener - RpcAckCallbackInitorOrCleaner

2025-12-21 11:21:53,433 INFO Nacos GrpcSdkServer Rpc server starting at port 9848 and tls config:{"sslProvider":"","enableTls":false,"mutualAuthEnable":false,"trustAll":false,"compatibility":true}

2025-12-21 11:21:55,623 WARN Recommended use 'nacos.remote.server.grpc.sdk.max-inbound-message-size' property instead 'nacos.remote.server.grpc.maxinbound.message.size', now property value is 10485760

2025-12-21 11:22:00,589 INFO Nacos GrpcSdkServer Rpc server started at port 9848 and tls config:{"sslProvider":"","enableTls":false,"mutualAuthEnable":false,"trustAll":false,"compatibility":true}

2025-12-21 11:22:00,738 INFO Nacos GrpcClusterServer Rpc server starting at port 9849 and tls config:{"sslProvider":"","enableTls":false,"mutualAuthEnable":false,"trustAll":false,"compatibility":true}

2025-12-21 11:22:00,785 WARN Recommended use 'nacos.remote.server.grpc.cluster.max-inbound-message-size' property instead 'nacos.remote.server.grpc.maxinbound.message.size', now property value is 10485760

2025-12-21 11:22:00,852 INFO Nacos GrpcClusterServer Rpc server started at port 9849 and tls config:{"sslProvider":"","enableTls":false,"mutualAuthEnable":false,"trustAll":false,"compatibility":true}

2025-12-21 11:37:56,460 INFO Nacos GrpcClusterServer Rpc server stopping

2025-12-21 11:37:56,406 INFO Nacos GrpcSdkServer Rpc server stopping

2025-12-21 11:37:57,288 INFO Nacos GrpcClusterServer Rpc server stopped successfully...

2025-12-21 11:37:57,290 INFO Nacos GrpcSdkServer Rpc server stopped successfully...

2025-12-21 11:47:32,173 INFO [ClientConnectionEventListenerRegistry] registry listener - ConnectionBasedClientManager

2025-12-21 11:47:50,568 INFO [ClientConnectionEventListenerRegistry] registry listener - ConfigConnectionEventListener

2025-12-21 11:47:51,007 INFO [ClientConnectionEventListenerRegistry] registry listener - RpcAckCallbackInitorOrCleaner

2025-12-21 11:47:51,703 INFO Nacos GrpcSdkServer Rpc server starting at port 9848 and tls config:{"sslProvider":"","enableTls":false,"mutualAuthEnable":false,"trustAll":false,"compatibility":true}

2025-12-21 11:47:54,158 WARN Recommended use 'nacos.remote.server.grpc.sdk.max-inbound-message-size' property instead 'nacos.remote.server.grpc.maxinbound.message.size', now property value is 10485760

2025-12-21 11:47:57,855 INFO Nacos GrpcSdkServer Rpc server started at port 9848 and tls config:{"sslProvider":"","enableTls":false,"mutualAuthEnable":false,"trustAll":false,"compatibility":true}

2025-12-21 11:47:57,861 INFO Nacos GrpcClusterServer Rpc server starting at port 9849 and tls config:{"sslProvider":"","enableTls":false,"mutualAuthEnable":false,"trustAll":false,"compatibility":true}

2025-12-21 11:47:57,864 WARN Recommended use 'nacos.remote.server.grpc.cluster.max-inbound-message-size' property instead 'nacos.remote.server.grpc.maxinbound.message.size', now property value is 10485760

2025-12-21 11:47:57,875 INFO Nacos GrpcClusterServer Rpc server started at port 9849 and tls config:{"sslProvider":"","enableTls":false,"mutualAuthEnable":false,"trustAll":false,"compatibility":true}

2025-12-21 12:09:37,163 INFO Nacos GrpcClusterServer Rpc server stopping

2025-12-21 12:09:36,589 INFO Nacos GrpcSdkServer Rpc server stopping

2025-12-21 12:09:41,469 INFO Nacos GrpcSdkServer Rpc server stopped successfully...

2025-12-21 12:09:41,469 INFO Nacos GrpcClusterServer Rpc server stopped successfully...

